[ 2017-06-20T01:00:01+08:00 ]  
INFO: [ app_init ] --START--
INFO: Run Behavior\BuildLiteBehavior [ RunTime:0.000008s ]
INFO: [ app_init ] --END-- [ RunTime:0.000366s ]
NOTIC: [8] Undefined index: REQUEST_METHOD /data/wwwroot/default/ThinkPHP/Library/Think/App.class.php 第 31 行.
NOTIC: [8] Undefined index: REQUEST_URI /data/wwwroot/default/ThinkPHP/Library/Think/Dispatcher.class.php 第 137 行.
NOTIC: [8] Use of undefined constant _PHP_FILE_ - assumed '_PHP_FILE_' /data/wwwroot/default/ThinkPHP/Library/Think/Dispatcher.class.php 第 191 行.
INFO: [ app_begin ] --START--
INFO: Run Behavior\ReadHtmlCacheBehavior [ RunTime:0.000467s ]
INFO: [ app_begin ] --END-- [ RunTime:0.000496s ]
NOTIC: [2048] Declaration of Common\Model\BasicModel::save() should be compatible with Think\Model::save($data = '', $options = Array) /data/wwwroot/default/Application/Common/Model/BasicModel.class.php 第 8 行.
NOTIC: [2048] Declaration of Common\Model\BasicModel::select() should be compatible with Think\Model::select($options = Array) /data/wwwroot/default/Application/Common/Model/BasicModel.class.php 第 8 行.
NOTIC: [8] Use of undefined constant result - assumed 'result' /data/wwwroot/default/Application/Admin/Controller/CronController.class.php 第 9 行.
NOTIC: [2] Illegal string offset 'dumpmysql' /data/wwwroot/default/Application/Admin/Controller/CronController.class.php 第 9 行.
INFO: [ app_end ] --START--
INFO: Run Behavior\ShowPageTraceBehavior [ RunTime:0.000647s ]
INFO: [ app_end ] --END-- [ RunTime:0.000698s ]

[ 2017-06-20T01:01:01+08:00 ]  
INFO: [ app_init ] --START--
INFO: Run Behavior\BuildLiteBehavior [ RunTime:0.000008s ]
INFO: [ app_init ] --END-- [ RunTime:0.000360s ]
NOTIC: [8] Undefined index: REQUEST_METHOD /data/wwwroot/default/ThinkPHP/Library/Think/App.class.php 第 31 行.
NOTIC: [8] Undefined index: REQUEST_URI /data/wwwroot/default/ThinkPHP/Library/Think/Dispatcher.class.php 第 137 行.
NOTIC: [8] Use of undefined constant _PHP_FILE_ - assumed '_PHP_FILE_' /data/wwwroot/default/ThinkPHP/Library/Think/Dispatcher.class.php 第 191 行.
INFO: [ app_begin ] --START--
INFO: Run Behavior\ReadHtmlCacheBehavior [ RunTime:0.000454s ]
INFO: [ app_begin ] --END-- [ RunTime:0.000482s ]
NOTIC: [2048] Declaration of Common\Model\BasicModel::save() should be compatible with Think\Model::save($data = '', $options = Array) /data/wwwroot/default/Application/Common/Model/BasicModel.class.php 第 8 行.
NOTIC: [2048] Declaration of Common\Model\BasicModel::select() should be compatible with Think\Model::select($options = Array) /data/wwwroot/default/Application/Common/Model/BasicModel.class.php 第 8 行.
NOTIC: [8] Use of undefined constant result - assumed 'result' /data/wwwroot/default/Application/Admin/Controller/CronController.class.php 第 9 行.
NOTIC: [2] Illegal string offset 'dumpmysql' /data/wwwroot/default/Application/Admin/Controller/CronController.class.php 第 9 行.
INFO: [ app_end ] --START--
INFO: Run Behavior\ShowPageTraceBehavior [ RunTime:0.000600s ]
INFO: [ app_end ] --END-- [ RunTime:0.000648s ]

[ 2017-06-20T01:02:01+08:00 ]  
INFO: [ app_init ] --START--
INFO: Run Behavior\BuildLiteBehavior [ RunTime:0.000008s ]
INFO: [ app_init ] --END-- [ RunTime:0.000359s ]
NOTIC: [8] Undefined index: REQUEST_METHOD /data/wwwroot/default/ThinkPHP/Library/Think/App.class.php 第 31 行.
NOTIC: [8] Undefined index: REQUEST_URI /data/wwwroot/default/ThinkPHP/Library/Think/Dispatcher.class.php 第 137 行.
NOTIC: [8] Use of undefined constant _PHP_FILE_ - assumed '_PHP_FILE_' /data/wwwroot/default/ThinkPHP/Library/Think/Dispatcher.class.php 第 191 行.
INFO: [ app_begin ] --START--
INFO: Run Behavior\ReadHtmlCacheBehavior [ RunTime:0.000465s ]
INFO: [ app_begin ] --END-- [ RunTime:0.000493s ]
NOTIC: [2048] Declaration of Common\Model\BasicModel::save() should be compatible with Think\Model::save($data = '', $options = Array) /data/wwwroot/default/Application/Common/Model/BasicModel.class.php 第 8 行.
NOTIC: [2048] Declaration of Common\Model\BasicModel::select() should be compatible with Think\Model::select($options = Array) /data/wwwroot/default/Application/Common/Model/BasicModel.class.php 第 8 行.
NOTIC: [8] Use of undefined constant result - assumed 'result' /data/wwwroot/default/Application/Admin/Controller/CronController.class.php 第 9 行.
NOTIC: [2] Illegal string offset 'dumpmysql' /data/wwwroot/default/Application/Admin/Controller/CronController.class.php 第 9 行.
INFO: [ app_end ] --START--
INFO: Run Behavior\ShowPageTraceBehavior [ RunTime:0.000598s ]
INFO: [ app_end ] --END-- [ RunTime:0.000645s ]

[ 2017-06-20T01:03:01+08:00 ]  
INFO: [ app_init ] --START--
INFO: Run Behavior\BuildLiteBehavior [ RunTime:0.000008s ]
INFO: [ app_init ] --END-- [ RunTime:0.000356s ]
NOTIC: [8] Undefined index: REQUEST_METHOD /data/wwwroot/default/ThinkPHP/Library/Think/App.class.php 第 31 行.
NOTIC: [8] Undefined index: REQUEST_URI /data/wwwroot/default/ThinkPHP/Library/Think/Dispatcher.class.php 第 137 行.
NOTIC: [8] Use of undefined constant _PHP_FILE_ - assumed '_PHP_FILE_' /data/wwwroot/default/ThinkPHP/Library/Think/Dispatcher.class.php 第 191 行.
INFO: [ app_begin ] --START--
INFO: Run Behavior\ReadHtmlCacheBehavior [ RunTime:0.000454s ]
INFO: [ app_begin ] --END-- [ RunTime:0.000482s ]
NOTIC: [2048] Declaration of Common\Model\BasicModel::save() should be compatible with Think\Model::save($data = '', $options = Array) /data/wwwroot/default/Application/Common/Model/BasicModel.class.php 第 8 行.
NOTIC: [2048] Declaration of Common\Model\BasicModel::select() should be compatible with Think\Model::select($options = Array) /data/wwwroot/default/Application/Common/Model/BasicModel.class.php 第 8 行.
NOTIC: [8] Use of undefined constant result - assumed 'result' /data/wwwroot/default/Application/Admin/Controller/CronController.class.php 第 9 行.
NOTIC: [2] Illegal string offset 'dumpmysql' /data/wwwroot/default/Application/Admin/Controller/CronController.class.php 第 9 行.
INFO: [ app_end ] --START--
INFO: Run Behavior\ShowPageTraceBehavior [ RunTime:0.000615s ]
INFO: [ app_end ] --END-- [ RunTime:0.000664s ]

[ 2017-06-20T01:04:01+08:00 ]  
INFO: [ app_init ] --START--
INFO: Run Behavior\BuildLiteBehavior [ RunTime:0.000009s ]
INFO: [ app_init ] --END-- [ RunTime:0.000381s ]
NOTIC: [8] Undefined index: REQUEST_METHOD /data/wwwroot/default/ThinkPHP/Library/Think/App.class.php 第 31 行.
NOTIC: [8] Undefined index: REQUEST_URI /data/wwwroot/default/ThinkPHP/Library/Think/Dispatcher.class.php 第 137 行.
NOTIC: [8] Use of undefined constant _PHP_FILE_ - assumed '_PHP_FILE_' /data/wwwroot/default/ThinkPHP/Library/Think/Dispatcher.class.php 第 191 行.
INFO: [ app_begin ] --START--
INFO: Run Behavior\ReadHtmlCacheBehavior [ RunTime:0.000505s ]
INFO: [ app_begin ] --END-- [ RunTime:0.000534s ]
NOTIC: [2048] Declaration of Common\Model\BasicModel::save() should be compatible with Think\Model::save($data = '', $options = Array) /data/wwwroot/default/Application/Common/Model/BasicModel.class.php 第 8 行.
NOTIC: [2048] Declaration of Common\Model\BasicModel::select() should be compatible with Think\Model::select($options = Array) /data/wwwroot/default/Application/Common/Model/BasicModel.class.php 第 8 行.
NOTIC: [8] Use of undefined constant result - assumed 'result' /data/wwwroot/default/Application/Admin/Controller/CronController.class.php 第 9 行.
NOTIC: [2] Illegal string offset 'dumpmysql' /data/wwwroot/default/Application/Admin/Controller/CronController.class.php 第 9 行.
INFO: [ app_end ] --START--
INFO: Run Behavior\ShowPageTraceBehavior [ RunTime:0.000619s ]
INFO: [ app_end ] --END-- [ RunTime:0.000672s ]

[ 2017-06-20T01:05:01+08:00 ]  
INFO: [ app_init ] --START--
INFO: Run Behavior\BuildLiteBehavior [ RunTime:0.000009s ]
INFO: [ app_init ] --END-- [ RunTime:0.000376s ]
NOTIC: [8] Undefined index: REQUEST_METHOD /data/wwwroot/default/ThinkPHP/Library/Think/App.class.php 第 31 行.
NOTIC: [8] Undefined index: REQUEST_URI /data/wwwroot/default/ThinkPHP/Library/Think/Dispatcher.class.php 第 137 行.
NOTIC: [8] Use of undefined constant _PHP_FILE_ - assumed '_PHP_FILE_' /data/wwwroot/default/ThinkPHP/Library/Think/Dispatcher.class.php 第 191 行.
INFO: [ app_begin ] --START--
INFO: Run Behavior\ReadHtmlCacheBehavior [ RunTime:0.000453s ]
INFO: [ app_begin ] --END-- [ RunTime:0.000482s ]
NOTIC: [2048] Declaration of Common\Model\BasicModel::save() should be compatible with Think\Model::save($data = '', $options = Array) /data/wwwroot/default/Application/Common/Model/BasicModel.class.php 第 8 行.
NOTIC: [2048] Declaration of Common\Model\BasicModel::select() should be compatible with Think\Model::select($options = Array) /data/wwwroot/default/Application/Common/Model/BasicModel.class.php 第 8 行.
NOTIC: [8] Use of undefined constant result - assumed 'result' /data/wwwroot/default/Application/Admin/Controller/CronController.class.php 第 9 行.
NOTIC: [2] Illegal string offset 'dumpmysql' /data/wwwroot/default/Application/Admin/Controller/CronController.class.php 第 9 行.
INFO: [ app_end ] --START--
INFO: Run Behavior\ShowPageTraceBehavior [ RunTime:0.000605s ]
INFO: [ app_end ] --END-- [ RunTime:0.000654s ]

[ 2017-06-20T01:06:01+08:00 ]  
INFO: [ app_init ] --START--
INFO: Run Behavior\BuildLiteBehavior [ RunTime:0.000008s ]
INFO: [ app_init ] --END-- [ RunTime:0.000359s ]
NOTIC: [8] Undefined index: REQUEST_METHOD /data/wwwroot/default/ThinkPHP/Library/Think/App.class.php 第 31 行.
NOTIC: [8] Undefined index: REQUEST_URI /data/wwwroot/default/ThinkPHP/Library/Think/Dispatcher.class.php 第 137 行.
NOTIC: [8] Use of undefined constant _PHP_FILE_ - assumed '_PHP_FILE_' /data/wwwroot/default/ThinkPHP/Library/Think/Dispatcher.class.php 第 191 行.
INFO: [ app_begin ] --START--
INFO: Run Behavior\ReadHtmlCacheBehavior [ RunTime:0.000468s ]
INFO: [ app_begin ] --END-- [ RunTime:0.000497s ]
NOTIC: [2048] Declaration of Common\Model\BasicModel::save() should be compatible with Think\Model::save($data = '', $options = Array) /data/wwwroot/default/Application/Common/Model/BasicModel.class.php 第 8 行.
NOTIC: [2048] Declaration of Common\Model\BasicModel::select() should be compatible with Think\Model::select($options = Array) /data/wwwroot/default/Application/Common/Model/BasicModel.class.php 第 8 行.
NOTIC: [8] Use of undefined constant result - assumed 'result' /data/wwwroot/default/Application/Admin/Controller/CronController.class.php 第 9 行.
NOTIC: [2] Illegal string offset 'dumpmysql' /data/wwwroot/default/Application/Admin/Controller/CronController.class.php 第 9 行.
INFO: [ app_end ] --START--
INFO: Run Behavior\ShowPageTraceBehavior [ RunTime:0.000580s ]
INFO: [ app_end ] --END-- [ RunTime:0.000628s ]

[ 2017-06-20T01:07:01+08:00 ]  
INFO: [ app_init ] --START--
INFO: Run Behavior\BuildLiteBehavior [ RunTime:0.000008s ]
INFO: [ app_init ] --END-- [ RunTime:0.000399s ]
NOTIC: [8] Undefined index: REQUEST_METHOD /data/wwwroot/default/ThinkPHP/Library/Think/App.class.php 第 31 行.
NOTIC: [8] Undefined index: REQUEST_URI /data/wwwroot/default/ThinkPHP/Library/Think/Dispatcher.class.php 第 137 行.
NOTIC: [8] Use of undefined constant _PHP_FILE_ - assumed '_PHP_FILE_' /data/wwwroot/default/ThinkPHP/Library/Think/Dispatcher.class.php 第 191 行.
INFO: [ app_begin ] --START--
INFO: Run Behavior\ReadHtmlCacheBehavior [ RunTime:0.000466s ]
INFO: [ app_begin ] --END-- [ RunTime:0.000501s ]
NOTIC: [2048] Declaration of Common\Model\BasicModel::save() should be compatible with Think\Model::save($data = '', $options = Array) /data/wwwroot/default/Application/Common/Model/BasicModel.class.php 第 8 行.
NOTIC: [2048] Declaration of Common\Model\BasicModel::select() should be compatible with Think\Model::select($options = Array) /data/wwwroot/default/Application/Common/Model/BasicModel.class.php 第 8 行.
NOTIC: [8] Use of undefined constant result - assumed 'result' /data/wwwroot/default/Application/Admin/Controller/CronController.class.php 第 9 行.
NOTIC: [2] Illegal string offset 'dumpmysql' /data/wwwroot/default/Application/Admin/Controller/CronController.class.php 第 9 行.
INFO: [ app_end ] --START--
INFO: Run Behavior\ShowPageTraceBehavior [ RunTime:0.000649s ]
INFO: [ app_end ] --END-- [ RunTime:0.000697s ]

[ 2017-06-20T01:08:02+08:00 ]  
INFO: [ app_init ] --START--
INFO: Run Behavior\BuildLiteBehavior [ RunTime:0.000007s ]
INFO: [ app_init ] --END-- [ RunTime:0.000348s ]
NOTIC: [8] Undefined index: REQUEST_METHOD /data/wwwroot/default/ThinkPHP/Library/Think/App.class.php 第 31 行.
NOTIC: [8] Undefined index: REQUEST_URI /data/wwwroot/default/ThinkPHP/Library/Think/Dispatcher.class.php 第 137 行.
NOTIC: [8] Use of undefined constant _PHP_FILE_ - assumed '_PHP_FILE_' /data/wwwroot/default/ThinkPHP/Library/Think/Dispatcher.class.php 第 191 行.
INFO: [ app_begin ] --START--
INFO: Run Behavior\ReadHtmlCacheBehavior [ RunTime:0.000451s ]
INFO: [ app_begin ] --END-- [ RunTime:0.000481s ]
NOTIC: [2048] Declaration of Common\Model\BasicModel::save() should be compatible with Think\Model::save($data = '', $options = Array) /data/wwwroot/default/Application/Common/Model/BasicModel.class.php 第 8 行.
NOTIC: [2048] Declaration of Common\Model\BasicModel::select() should be compatible with Think\Model::select($options = Array) /data/wwwroot/default/Application/Common/Model/BasicModel.class.php 第 8 行.
NOTIC: [8] Use of undefined constant result - assumed 'result' /data/wwwroot/default/Application/Admin/Controller/CronController.class.php 第 9 行.
NOTIC: [2] Illegal string offset 'dumpmysql' /data/wwwroot/default/Application/Admin/Controller/CronController.class.php 第 9 行.
INFO: [ app_end ] --START--
INFO: Run Behavior\ShowPageTraceBehavior [ RunTime:0.000596s ]
INFO: [ app_end ] --END-- [ RunTime:0.000643s ]

[ 2017-06-20T01:09:01+08:00 ]  
INFO: [ app_init ] --START--
INFO: Run Behavior\BuildLiteBehavior [ RunTime:0.000008s ]
INFO: [ app_init ] --END-- [ RunTime:0.000354s ]
NOTIC: [8] Undefined index: REQUEST_METHOD /data/wwwroot/default/ThinkPHP/Library/Think/App.class.php 第 31 行.
NOTIC: [8] Undefined index: REQUEST_URI /data/wwwroot/default/ThinkPHP/Library/Think/Dispatcher.class.php 第 137 行.
NOTIC: [8] Use of undefined constant _PHP_FILE_ - assumed '_PHP_FILE_' /data/wwwroot/default/ThinkPHP/Library/Think/Dispatcher.class.php 第 191 行.
INFO: [ app_begin ] --START--
INFO: Run Behavior\ReadHtmlCacheBehavior [ RunTime:0.000443s ]
INFO: [ app_begin ] --END-- [ RunTime:0.000471s ]
NOTIC: [2048] Declaration of Common\Model\BasicModel::save() should be compatible with Think\Model::save($data = '', $options = Array) /data/wwwroot/default/Application/Common/Model/BasicModel.class.php 第 8 行.
NOTIC: [2048] Declaration of Common\Model\BasicModel::select() should be compatible with Think\Model::select($options = Array) /data/wwwroot/default/Application/Common/Model/BasicModel.class.php 第 8 行.
NOTIC: [8] Use of undefined constant result - assumed 'result' /data/wwwroot/default/Application/Admin/Controller/CronController.class.php 第 9 行.
NOTIC: [2] Illegal string offset 'dumpmysql' /data/wwwroot/default/Application/Admin/Controller/CronController.class.php 第 9 行.
INFO: [ app_end ] --START--
INFO: Run Behavior\ShowPageTraceBehavior [ RunTime:0.000604s ]
INFO: [ app_end ] --END-- [ RunTime:0.000652s ]

[ 2017-06-20T01:10:01+08:00 ]  
INFO: [ app_init ] --START--
INFO: Run Behavior\BuildLiteBehavior [ RunTime:0.000007s ]
INFO: [ app_init ] --END-- [ RunTime:0.000342s ]
NOTIC: [8] Undefined index: REQUEST_METHOD /data/wwwroot/default/ThinkPHP/Library/Think/App.class.php 第 31 行.
NOTIC: [8] Undefined index: REQUEST_URI /data/wwwroot/default/ThinkPHP/Library/Think/Dispatcher.class.php 第 137 行.
NOTIC: [8] Use of undefined constant _PHP_FILE_ - assumed '_PHP_FILE_' /data/wwwroot/default/ThinkPHP/Library/Think/Dispatcher.class.php 第 191 行.
INFO: [ app_begin ] --START--
INFO: Run Behavior\ReadHtmlCacheBehavior [ RunTime:0.000448s ]
INFO: [ app_begin ] --END-- [ RunTime:0.000475s ]
NOTIC: [2048] Declaration of Common\Model\BasicModel::save() should be compatible with Think\Model::save($data = '', $options = Array) /data/wwwroot/default/Application/Common/Model/BasicModel.class.php 第 8 行.
NOTIC: [2048] Declaration of Common\Model\BasicModel::select() should be compatible with Think\Model::select($options = Array) /data/wwwroot/default/Application/Common/Model/BasicModel.class.php 第 8 行.
NOTIC: [8] Use of undefined constant result - assumed 'result' /data/wwwroot/default/Application/Admin/Controller/CronController.class.php 第 9 行.
NOTIC: [2] Illegal string offset 'dumpmysql' /data/wwwroot/default/Application/Admin/Controller/CronController.class.php 第 9 行.
INFO: [ app_end ] --START--
INFO: Run Behavior\ShowPageTraceBehavior [ RunTime:0.000604s ]
INFO: [ app_end ] --END-- [ RunTime:0.000652s ]

[ 2017-06-20T01:11:01+08:00 ]  
INFO: [ app_init ] --START--
INFO: Run Behavior\BuildLiteBehavior [ RunTime:0.000008s ]
INFO: [ app_init ] --END-- [ RunTime:0.000349s ]
NOTIC: [8] Undefined index: REQUEST_METHOD /data/wwwroot/default/ThinkPHP/Library/Think/App.class.php 第 31 行.
NOTIC: [8] Undefined index: REQUEST_URI /data/wwwroot/default/ThinkPHP/Library/Think/Dispatcher.class.php 第 137 行.
NOTIC: [8] Use of undefined constant _PHP_FILE_ - assumed '_PHP_FILE_' /data/wwwroot/default/ThinkPHP/Library/Think/Dispatcher.class.php 第 191 行.
INFO: [ app_begin ] --START--
INFO: Run Behavior\ReadHtmlCacheBehavior [ RunTime:0.000449s ]
INFO: [ app_begin ] --END-- [ RunTime:0.000477s ]
NOTIC: [2048] Declaration of Common\Model\BasicModel::save() should be compatible with Think\Model::save($data = '', $options = Array) /data/wwwroot/default/Application/Common/Model/BasicModel.class.php 第 8 行.
NOTIC: [2048] Declaration of Common\Model\BasicModel::select() should be compatible with Think\Model::select($options = Array) /data/wwwroot/default/Application/Common/Model/BasicModel.class.php 第 8 行.
NOTIC: [8] Use of undefined constant result - assumed 'result' /data/wwwroot/default/Application/Admin/Controller/CronController.class.php 第 9 行.
NOTIC: [2] Illegal string offset 'dumpmysql' /data/wwwroot/default/Application/Admin/Controller/CronController.class.php 第 9 行.
INFO: [ app_end ] --START--
INFO: Run Behavior\ShowPageTraceBehavior [ RunTime:0.000606s ]
INFO: [ app_end ] --END-- [ RunTime:0.000653s ]

[ 2017-06-20T01:12:01+08:00 ]  
INFO: [ app_init ] --START--
INFO: Run Behavior\BuildLiteBehavior [ RunTime:0.000009s ]
INFO: [ app_init ] --END-- [ RunTime:0.000356s ]
NOTIC: [8] Undefined index: REQUEST_METHOD /data/wwwroot/default/ThinkPHP/Library/Think/App.class.php 第 31 行.
NOTIC: [8] Undefined index: REQUEST_URI /data/wwwroot/default/ThinkPHP/Library/Think/Dispatcher.class.php 第 137 行.
NOTIC: [8] Use of undefined constant _PHP_FILE_ - assumed '_PHP_FILE_' /data/wwwroot/default/ThinkPHP/Library/Think/Dispatcher.class.php 第 191 行.
INFO: [ app_begin ] --START--
INFO: Run Behavior\ReadHtmlCacheBehavior [ RunTime:0.000450s ]
INFO: [ app_begin ] --END-- [ RunTime:0.000479s ]
NOTIC: [2048] Declaration of Common\Model\BasicModel::save() should be compatible with Think\Model::save($data = '', $options = Array) /data/wwwroot/default/Application/Common/Model/BasicModel.class.php 第 8 行.
NOTIC: [2048] Declaration of Common\Model\BasicModel::select() should be compatible with Think\Model::select($options = Array) /data/wwwroot/default/Application/Common/Model/BasicModel.class.php 第 8 行.
NOTIC: [8] Use of undefined constant result - assumed 'result' /data/wwwroot/default/Application/Admin/Controller/CronController.class.php 第 9 行.
NOTIC: [2] Illegal string offset 'dumpmysql' /data/wwwroot/default/Application/Admin/Controller/CronController.class.php 第 9 行.
INFO: [ app_end ] --START--
INFO: Run Behavior\ShowPageTraceBehavior [ RunTime:0.000591s ]
INFO: [ app_end ] --END-- [ RunTime:0.000650s ]

[ 2017-06-20T01:13:01+08:00 ]  
INFO: [ app_init ] --START--
INFO: Run Behavior\BuildLiteBehavior [ RunTime:0.000008s ]
INFO: [ app_init ] --END-- [ RunTime:0.000367s ]
NOTIC: [8] Undefined index: REQUEST_METHOD /data/wwwroot/default/ThinkPHP/Library/Think/App.class.php 第 31 行.
NOTIC: [8] Undefined index: REQUEST_URI /data/wwwroot/default/ThinkPHP/Library/Think/Dispatcher.class.php 第 137 行.
NOTIC: [8] Use of undefined constant _PHP_FILE_ - assumed '_PHP_FILE_' /data/wwwroot/default/ThinkPHP/Library/Think/Dispatcher.class.php 第 191 行.
INFO: [ app_begin ] --START--
INFO: Run Behavior\ReadHtmlCacheBehavior [ RunTime:0.000470s ]
INFO: [ app_begin ] --END-- [ RunTime:0.000498s ]
NOTIC: [2048] Declaration of Common\Model\BasicModel::save() should be compatible with Think\Model::save($data = '', $options = Array) /data/wwwroot/default/Application/Common/Model/BasicModel.class.php 第 8 行.
NOTIC: [2048] Declaration of Common\Model\BasicModel::select() should be compatible with Think\Model::select($options = Array) /data/wwwroot/default/Application/Common/Model/BasicModel.class.php 第 8 行.
NOTIC: [8] Use of undefined constant result - assumed 'result' /data/wwwroot/default/Application/Admin/Controller/CronController.class.php 第 9 行.
NOTIC: [2] Illegal string offset 'dumpmysql' /data/wwwroot/default/Application/Admin/Controller/CronController.class.php 第 9 行.
INFO: [ app_end ] --START--
INFO: Run Behavior\ShowPageTraceBehavior [ RunTime:0.000607s ]
INFO: [ app_end ] --END-- [ RunTime:0.000654s ]

[ 2017-06-20T01:14:01+08:00 ]  
INFO: [ app_init ] --START--
INFO: Run Behavior\BuildLiteBehavior [ RunTime:0.000009s ]
INFO: [ app_init ] --END-- [ RunTime:0.000353s ]
NOTIC: [8] Undefined index: REQUEST_METHOD /data/wwwroot/default/ThinkPHP/Library/Think/App.class.php 第 31 行.
NOTIC: [8] Undefined index: REQUEST_URI /data/wwwroot/default/ThinkPHP/Library/Think/Dispatcher.class.php 第 137 行.
NOTIC: [8] Use of undefined constant _PHP_FILE_ - assumed '_PHP_FILE_' /data/wwwroot/default/ThinkPHP/Library/Think/Dispatcher.class.php 第 191 行.
INFO: [ app_begin ] --START--
INFO: Run Behavior\ReadHtmlCacheBehavior [ RunTime:0.000555s ]
INFO: [ app_begin ] --END-- [ RunTime:0.000583s ]
NOTIC: [2048] Declaration of Common\Model\BasicModel::save() should be compatible with Think\Model::save($data = '', $options = Array) /data/wwwroot/default/Application/Common/Model/BasicModel.class.php 第 8 行.
NOTIC: [2048] Declaration of Common\Model\BasicModel::select() should be compatible with Think\Model::select($options = Array) /data/wwwroot/default/Application/Common/Model/BasicModel.class.php 第 8 行.
NOTIC: [8] Use of undefined constant result - assumed 'result' /data/wwwroot/default/Application/Admin/Controller/CronController.class.php 第 9 行.
NOTIC: [2] Illegal string offset 'dumpmysql' /data/wwwroot/default/Application/Admin/Controller/CronController.class.php 第 9 行.
INFO: [ app_end ] --START--
INFO: Run Behavior\ShowPageTraceBehavior [ RunTime:0.000651s ]
INFO: [ app_end ] --END-- [ RunTime:0.000708s ]

[ 2017-06-20T01:15:01+08:00 ]  
INFO: [ app_init ] --START--
INFO: Run Behavior\BuildLiteBehavior [ RunTime:0.000008s ]
INFO: [ app_init ] --END-- [ RunTime:0.000353s ]
NOTIC: [8] Undefined index: REQUEST_METHOD /data/wwwroot/default/ThinkPHP/Library/Think/App.class.php 第 31 行.
NOTIC: [8] Undefined index: REQUEST_URI /data/wwwroot/default/ThinkPHP/Library/Think/Dispatcher.class.php 第 137 行.
NOTIC: [8] Use of undefined constant _PHP_FILE_ - assumed '_PHP_FILE_' /data/wwwroot/default/ThinkPHP/Library/Think/Dispatcher.class.php 第 191 行.
INFO: [ app_begin ] --START--
INFO: Run Behavior\ReadHtmlCacheBehavior [ RunTime:0.000447s ]
INFO: [ app_begin ] --END-- [ RunTime:0.000475s ]
NOTIC: [2048] Declaration of Common\Model\BasicModel::save() should be compatible with Think\Model::save($data = '', $options = Array) /data/wwwroot/default/Application/Common/Model/BasicModel.class.php 第 8 行.
NOTIC: [2048] Declaration of Common\Model\BasicModel::select() should be compatible with Think\Model::select($options = Array) /data/wwwroot/default/Application/Common/Model/BasicModel.class.php 第 8 行.
NOTIC: [8] Use of undefined constant result - assumed 'result' /data/wwwroot/default/Application/Admin/Controller/CronController.class.php 第 9 行.
NOTIC: [2] Illegal string offset 'dumpmysql' /data/wwwroot/default/Application/Admin/Controller/CronController.class.php 第 9 行.
INFO: [ app_end ] --START--
INFO: Run Behavior\ShowPageTraceBehavior [ RunTime:0.000610s ]
INFO: [ app_end ] --END-- [ RunTime:0.000657s ]

[ 2017-06-20T01:16:01+08:00 ]  
INFO: [ app_init ] --START--
INFO: Run Behavior\BuildLiteBehavior [ RunTime:0.000008s ]
INFO: [ app_init ] --END-- [ RunTime:0.000349s ]
NOTIC: [8] Undefined index: REQUEST_METHOD /data/wwwroot/default/ThinkPHP/Library/Think/App.class.php 第 31 行.
NOTIC: [8] Undefined index: REQUEST_URI /data/wwwroot/default/ThinkPHP/Library/Think/Dispatcher.class.php 第 137 行.
NOTIC: [8] Use of undefined constant _PHP_FILE_ - assumed '_PHP_FILE_' /data/wwwroot/default/ThinkPHP/Library/Think/Dispatcher.class.php 第 191 行.
INFO: [ app_begin ] --START--
INFO: Run Behavior\ReadHtmlCacheBehavior [ RunTime:0.000459s ]
INFO: [ app_begin ] --END-- [ RunTime:0.000485s ]
NOTIC: [2048] Declaration of Common\Model\BasicModel::save() should be compatible with Think\Model::save($data = '', $options = Array) /data/wwwroot/default/Application/Common/Model/BasicModel.class.php 第 8 行.
NOTIC: [2048] Declaration of Common\Model\BasicModel::select() should be compatible with Think\Model::select($options = Array) /data/wwwroot/default/Application/Common/Model/BasicModel.class.php 第 8 行.
NOTIC: [8] Use of undefined constant result - assumed 'result' /data/wwwroot/default/Application/Admin/Controller/CronController.class.php 第 9 行.
NOTIC: [2] Illegal string offset 'dumpmysql' /data/wwwroot/default/Application/Admin/Controller/CronController.class.php 第 9 行.
INFO: [ app_end ] --START--
INFO: Run Behavior\ShowPageTraceBehavior [ RunTime:0.000610s ]
INFO: [ app_end ] --END-- [ RunTime:0.000658s ]

[ 2017-06-20T01:17:01+08:00 ]  
INFO: [ app_init ] --START--
INFO: Run Behavior\BuildLiteBehavior [ RunTime:0.000008s ]
INFO: [ app_init ] --END-- [ RunTime:0.000367s ]
NOTIC: [8] Undefined index: REQUEST_METHOD /data/wwwroot/default/ThinkPHP/Library/Think/App.class.php 第 31 行.
NOTIC: [8] Undefined index: REQUEST_URI /data/wwwroot/default/ThinkPHP/Library/Think/Dispatcher.class.php 第 137 行.
NOTIC: [8] Use of undefined constant _PHP_FILE_ - assumed '_PHP_FILE_' /data/wwwroot/default/ThinkPHP/Library/Think/Dispatcher.class.php 第 191 行.
INFO: [ app_begin ] --START--
INFO: Run Behavior\ReadHtmlCacheBehavior [ RunTime:0.000466s ]
INFO: [ app_begin ] --END-- [ RunTime:0.000493s ]
NOTIC: [2048] Declaration of Common\Model\BasicModel::save() should be compatible with Think\Model::save($data = '', $options = Array) /data/wwwroot/default/Application/Common/Model/BasicModel.class.php 第 8 行.
NOTIC: [2048] Declaration of Common\Model\BasicModel::select() should be compatible with Think\Model::select($options = Array) /data/wwwroot/default/Application/Common/Model/BasicModel.class.php 第 8 行.
NOTIC: [8] Use of undefined constant result - assumed 'result' /data/wwwroot/default/Application/Admin/Controller/CronController.class.php 第 9 行.
NOTIC: [2] Illegal string offset 'dumpmysql' /data/wwwroot/default/Application/Admin/Controller/CronController.class.php 第 9 行.
INFO: [ app_end ] --START--
INFO: Run Behavior\ShowPageTraceBehavior [ RunTime:0.000604s ]
INFO: [ app_end ] --END-- [ RunTime:0.000652s ]

[ 2017-06-20T01:18:01+08:00 ]  
INFO: [ app_init ] --START--
INFO: Run Behavior\BuildLiteBehavior [ RunTime:0.000008s ]
INFO: [ app_init ] --END-- [ RunTime:0.000361s ]
NOTIC: [8] Undefined index: REQUEST_METHOD /data/wwwroot/default/ThinkPHP/Library/Think/App.class.php 第 31 行.
NOTIC: [8] Undefined index: REQUEST_URI /data/wwwroot/default/ThinkPHP/Library/Think/Dispatcher.class.php 第 137 行.
NOTIC: [8] Use of undefined constant _PHP_FILE_ - assumed '_PHP_FILE_' /data/wwwroot/default/ThinkPHP/Library/Think/Dispatcher.class.php 第 191 行.
INFO: [ app_begin ] --START--
INFO: Run Behavior\ReadHtmlCacheBehavior [ RunTime:0.000454s ]
INFO: [ app_begin ] --END-- [ RunTime:0.000482s ]
NOTIC: [2048] Declaration of Common\Model\BasicModel::save() should be compatible with Think\Model::save($data = '', $options = Array) /data/wwwroot/default/Application/Common/Model/BasicModel.class.php 第 8 行.
NOTIC: [2048] Declaration of Common\Model\BasicModel::select() should be compatible with Think\Model::select($options = Array) /data/wwwroot/default/Application/Common/Model/BasicModel.class.php 第 8 行.
NOTIC: [8] Use of undefined constant result - assumed 'result' /data/wwwroot/default/Application/Admin/Controller/CronController.class.php 第 9 行.
NOTIC: [2] Illegal string offset 'dumpmysql' /data/wwwroot/default/Application/Admin/Controller/CronController.class.php 第 9 行.
INFO: [ app_end ] --START--
INFO: Run Behavior\ShowPageTraceBehavior [ RunTime:0.000625s ]
INFO: [ app_end ] --END-- [ RunTime:0.000673s ]

[ 2017-06-20T01:19:01+08:00 ]  
INFO: [ app_init ] --START--
INFO: Run Behavior\BuildLiteBehavior [ RunTime:0.000009s ]
INFO: [ app_init ] --END-- [ RunTime:0.000356s ]
NOTIC: [8] Undefined index: REQUEST_METHOD /data/wwwroot/default/ThinkPHP/Library/Think/App.class.php 第 31 行.
NOTIC: [8] Undefined index: REQUEST_URI /data/wwwroot/default/ThinkPHP/Library/Think/Dispatcher.class.php 第 137 行.
NOTIC: [8] Use of undefined constant _PHP_FILE_ - assumed '_PHP_FILE_' /data/wwwroot/default/ThinkPHP/Library/Think/Dispatcher.class.php 第 191 行.
INFO: [ app_begin ] --START--
INFO: Run Behavior\ReadHtmlCacheBehavior [ RunTime:0.000442s ]
INFO: [ app_begin ] --END-- [ RunTime:0.000471s ]
NOTIC: [2048] Declaration of Common\Model\BasicModel::save() should be compatible with Think\Model::save($data = '', $options = Array) /data/wwwroot/default/Application/Common/Model/BasicModel.class.php 第 8 行.
NOTIC: [2048] Declaration of Common\Model\BasicModel::select() should be compatible with Think\Model::select($options = Array) /data/wwwroot/default/Application/Common/Model/BasicModel.class.php 第 8 行.
NOTIC: [8] Use of undefined constant result - assumed 'result' /data/wwwroot/default/Application/Admin/Controller/CronController.class.php 第 9 行.
NOTIC: [2] Illegal string offset 'dumpmysql' /data/wwwroot/default/Application/Admin/Controller/CronController.class.php 第 9 行.
INFO: [ app_end ] --START--
INFO: Run Behavior\ShowPageTraceBehavior [ RunTime:0.000605s ]
INFO: [ app_end ] --END-- [ RunTime:0.000654s ]

[ 2017-06-20T01:20:02+08:00 ]  
INFO: [ app_init ] --START--
INFO: Run Behavior\BuildLiteBehavior [ RunTime:0.000008s ]
INFO: [ app_init ] --END-- [ RunTime:0.011390s ]
NOTIC: [8] Undefined index: REQUEST_METHOD /data/wwwroot/default/ThinkPHP/Library/Think/App.class.php 第 31 行.
NOTIC: [8] Undefined index: REQUEST_URI /data/wwwroot/default/ThinkPHP/Library/Think/Dispatcher.class.php 第 137 行.
NOTIC: [8] Use of undefined constant _PHP_FILE_ - assumed '_PHP_FILE_' /data/wwwroot/default/ThinkPHP/Library/Think/Dispatcher.class.php 第 191 行.
INFO: [ app_begin ] --START--
INFO: Run Behavior\ReadHtmlCacheBehavior [ RunTime:0.000442s ]
INFO: [ app_begin ] --END-- [ RunTime:0.000485s ]
NOTIC: [2048] Declaration of Common\Model\BasicModel::save() should be compatible with Think\Model::save($data = '', $options = Array) /data/wwwroot/default/Application/Common/Model/BasicModel.class.php 第 8 行.
NOTIC: [2048] Declaration of Common\Model\BasicModel::select() should be compatible with Think\Model::select($options = Array) /data/wwwroot/default/Application/Common/Model/BasicModel.class.php 第 8 行.
NOTIC: [8] Use of undefined constant result - assumed 'result' /data/wwwroot/default/Application/Admin/Controller/CronController.class.php 第 9 行.
NOTIC: [2] Illegal string offset 'dumpmysql' /data/wwwroot/default/Application/Admin/Controller/CronController.class.php 第 9 行.
INFO: [ app_end ] --START--
INFO: Run Behavior\ShowPageTraceBehavior [ RunTime:0.000612s ]
INFO: [ app_end ] --END-- [ RunTime:0.000661s ]

[ 2017-06-20T01:21:01+08:00 ]  
INFO: [ app_init ] --START--
INFO: Run Behavior\BuildLiteBehavior [ RunTime:0.000008s ]
INFO: [ app_init ] --END-- [ RunTime:0.000371s ]
NOTIC: [8] Undefined index: REQUEST_METHOD /data/wwwroot/default/ThinkPHP/Library/Think/App.class.php 第 31 行.
NOTIC: [8] Undefined index: REQUEST_URI /data/wwwroot/default/ThinkPHP/Library/Think/Dispatcher.class.php 第 137 行.
NOTIC: [8] Use of undefined constant _PHP_FILE_ - assumed '_PHP_FILE_' /data/wwwroot/default/ThinkPHP/Library/Think/Dispatcher.class.php 第 191 行.
INFO: [ app_begin ] --START--
INFO: Run Behavior\ReadHtmlCacheBehavior [ RunTime:0.000472s ]
INFO: [ app_begin ] --END-- [ RunTime:0.000499s ]
NOTIC: [2048] Declaration of Common\Model\BasicModel::save() should be compatible with Think\Model::save($data = '', $options = Array) /data/wwwroot/default/Application/Common/Model/BasicModel.class.php 第 8 行.
NOTIC: [2048] Declaration of Common\Model\BasicModel::select() should be compatible with Think\Model::select($options = Array) /data/wwwroot/default/Application/Common/Model/BasicModel.class.php 第 8 行.
NOTIC: [8] Use of undefined constant result - assumed 'result' /data/wwwroot/default/Application/Admin/Controller/CronController.class.php 第 9 行.
NOTIC: [2] Illegal string offset 'dumpmysql' /data/wwwroot/default/Application/Admin/Controller/CronController.class.php 第 9 行.
INFO: [ app_end ] --START--
INFO: Run Behavior\ShowPageTraceBehavior [ RunTime:0.000613s ]
INFO: [ app_end ] --END-- [ RunTime:0.000661s ]

[ 2017-06-20T01:22:01+08:00 ]  
INFO: [ app_init ] --START--
INFO: Run Behavior\BuildLiteBehavior [ RunTime:0.000008s ]
INFO: [ app_init ] --END-- [ RunTime:0.000360s ]
NOTIC: [8] Undefined index: REQUEST_METHOD /data/wwwroot/default/ThinkPHP/Library/Think/App.class.php 第 31 行.
NOTIC: [8] Undefined index: REQUEST_URI /data/wwwroot/default/ThinkPHP/Library/Think/Dispatcher.class.php 第 137 行.
NOTIC: [8] Use of undefined constant _PHP_FILE_ - assumed '_PHP_FILE_' /data/wwwroot/default/ThinkPHP/Library/Think/Dispatcher.class.php 第 191 行.
INFO: [ app_begin ] --START--
INFO: Run Behavior\ReadHtmlCacheBehavior [ RunTime:0.000466s ]
INFO: [ app_begin ] --END-- [ RunTime:0.000494s ]
NOTIC: [2048] Declaration of Common\Model\BasicModel::save() should be compatible with Think\Model::save($data = '', $options = Array) /data/wwwroot/default/Application/Common/Model/BasicModel.class.php 第 8 行.
NOTIC: [2048] Declaration of Common\Model\BasicModel::select() should be compatible with Think\Model::select($options = Array) /data/wwwroot/default/Application/Common/Model/BasicModel.class.php 第 8 行.
NOTIC: [8] Use of undefined constant result - assumed 'result' /data/wwwroot/default/Application/Admin/Controller/CronController.class.php 第 9 行.
NOTIC: [2] Illegal string offset 'dumpmysql' /data/wwwroot/default/Application/Admin/Controller/CronController.class.php 第 9 行.
INFO: [ app_end ] --START--
INFO: Run Behavior\ShowPageTraceBehavior [ RunTime:0.000601s ]
INFO: [ app_end ] --END-- [ RunTime:0.000649s ]

[ 2017-06-20T01:23:01+08:00 ]  
INFO: [ app_init ] --START--
INFO: Run Behavior\BuildLiteBehavior [ RunTime:0.000008s ]
INFO: [ app_init ] --END-- [ RunTime:0.000362s ]
NOTIC: [8] Undefined index: REQUEST_METHOD /data/wwwroot/default/ThinkPHP/Library/Think/App.class.php 第 31 行.
NOTIC: [8] Undefined index: REQUEST_URI /data/wwwroot/default/ThinkPHP/Library/Think/Dispatcher.class.php 第 137 行.
NOTIC: [8] Use of undefined constant _PHP_FILE_ - assumed '_PHP_FILE_' /data/wwwroot/default/ThinkPHP/Library/Think/Dispatcher.class.php 第 191 行.
INFO: [ app_begin ] --START--
INFO: Run Behavior\ReadHtmlCacheBehavior [ RunTime:0.000456s ]
INFO: [ app_begin ] --END-- [ RunTime:0.000485s ]
NOTIC: [2048] Declaration of Common\Model\BasicModel::save() should be compatible with Think\Model::save($data = '', $options = Array) /data/wwwroot/default/Application/Common/Model/BasicModel.class.php 第 8 行.
NOTIC: [2048] Declaration of Common\Model\BasicModel::select() should be compatible with Think\Model::select($options = Array) /data/wwwroot/default/Application/Common/Model/BasicModel.class.php 第 8 行.
NOTIC: [8] Use of undefined constant result - assumed 'result' /data/wwwroot/default/Application/Admin/Controller/CronController.class.php 第 9 行.
NOTIC: [2] Illegal string offset 'dumpmysql' /data/wwwroot/default/Application/Admin/Controller/CronController.class.php 第 9 行.
INFO: [ app_end ] --START--
INFO: Run Behavior\ShowPageTraceBehavior [ RunTime:0.000578s ]
INFO: [ app_end ] --END-- [ RunTime:0.000625s ]

[ 2017-06-20T01:24:01+08:00 ]  
INFO: [ app_init ] --START--
INFO: Run Behavior\BuildLiteBehavior [ RunTime:0.000008s ]
INFO: [ app_init ] --END-- [ RunTime:0.000409s ]
NOTIC: [8] Undefined index: REQUEST_METHOD /data/wwwroot/default/ThinkPHP/Library/Think/App.class.php 第 31 行.
NOTIC: [8] Undefined index: REQUEST_URI /data/wwwroot/default/ThinkPHP/Library/Think/Dispatcher.class.php 第 137 行.
NOTIC: [8] Use of undefined constant _PHP_FILE_ - assumed '_PHP_FILE_' /data/wwwroot/default/ThinkPHP/Library/Think/Dispatcher.class.php 第 191 行.
INFO: [ app_begin ] --START--
INFO: Run Behavior\ReadHtmlCacheBehavior [ RunTime:0.000490s ]
INFO: [ app_begin ] --END-- [ RunTime:0.000518s ]
NOTIC: [2048] Declaration of Common\Model\BasicModel::save() should be compatible with Think\Model::save($data = '', $options = Array) /data/wwwroot/default/Application/Common/Model/BasicModel.class.php 第 8 行.
NOTIC: [2048] Declaration of Common\Model\BasicModel::select() should be compatible with Think\Model::select($options = Array) /data/wwwroot/default/Application/Common/Model/BasicModel.class.php 第 8 行.
NOTIC: [8] Use of undefined constant result - assumed 'result' /data/wwwroot/default/Application/Admin/Controller/CronController.class.php 第 9 行.
NOTIC: [2] Illegal string offset 'dumpmysql' /data/wwwroot/default/Application/Admin/Controller/CronController.class.php 第 9 行.
INFO: [ app_end ] --START--
INFO: Run Behavior\ShowPageTraceBehavior [ RunTime:0.000631s ]
INFO: [ app_end ] --END-- [ RunTime:0.000687s ]

[ 2017-06-20T01:25:01+08:00 ]  
INFO: [ app_init ] --START--
INFO: Run Behavior\BuildLiteBehavior [ RunTime:0.000016s ]
INFO: [ app_init ] --END-- [ RunTime:0.000378s ]
NOTIC: [8] Undefined index: REQUEST_METHOD /data/wwwroot/default/ThinkPHP/Library/Think/App.class.php 第 31 行.
NOTIC: [8] Undefined index: REQUEST_URI /data/wwwroot/default/ThinkPHP/Library/Think/Dispatcher.class.php 第 137 行.
NOTIC: [8] Use of undefined constant _PHP_FILE_ - assumed '_PHP_FILE_' /data/wwwroot/default/ThinkPHP/Library/Think/Dispatcher.class.php 第 191 行.
INFO: [ app_begin ] --START--
INFO: Run Behavior\ReadHtmlCacheBehavior [ RunTime:0.000458s ]
INFO: [ app_begin ] --END-- [ RunTime:0.000485s ]
NOTIC: [2048] Declaration of Common\Model\BasicModel::save() should be compatible with Think\Model::save($data = '', $options = Array) /data/wwwroot/default/Application/Common/Model/BasicModel.class.php 第 8 行.
NOTIC: [2048] Declaration of Common\Model\BasicModel::select() should be compatible with Think\Model::select($options = Array) /data/wwwroot/default/Application/Common/Model/BasicModel.class.php 第 8 行.
NOTIC: [8] Use of undefined constant result - assumed 'result' /data/wwwroot/default/Application/Admin/Controller/CronController.class.php 第 9 行.
NOTIC: [2] Illegal string offset 'dumpmysql' /data/wwwroot/default/Application/Admin/Controller/CronController.class.php 第 9 行.
INFO: [ app_end ] --START--
INFO: Run Behavior\ShowPageTraceBehavior [ RunTime:0.000638s ]
INFO: [ app_end ] --END-- [ RunTime:0.000687s ]

[ 2017-06-20T01:26:01+08:00 ]  
INFO: [ app_init ] --START--
INFO: Run Behavior\BuildLiteBehavior [ RunTime:0.000008s ]
INFO: [ app_init ] --END-- [ RunTime:0.000352s ]
NOTIC: [8] Undefined index: REQUEST_METHOD /data/wwwroot/default/ThinkPHP/Library/Think/App.class.php 第 31 行.
NOTIC: [8] Undefined index: REQUEST_URI /data/wwwroot/default/ThinkPHP/Library/Think/Dispatcher.class.php 第 137 行.
NOTIC: [8] Use of undefined constant _PHP_FILE_ - assumed '_PHP_FILE_' /data/wwwroot/default/ThinkPHP/Library/Think/Dispatcher.class.php 第 191 行.
INFO: [ app_begin ] --START--
INFO: Run Behavior\ReadHtmlCacheBehavior [ RunTime:0.000463s ]
INFO: [ app_begin ] --END-- [ RunTime:0.000491s ]
NOTIC: [2048] Declaration of Common\Model\BasicModel::save() should be compatible with Think\Model::save($data = '', $options = Array) /data/wwwroot/default/Application/Common/Model/BasicModel.class.php 第 8 行.
NOTIC: [2048] Declaration of Common\Model\BasicModel::select() should be compatible with Think\Model::select($options = Array) /data/wwwroot/default/Application/Common/Model/BasicModel.class.php 第 8 行.
NOTIC: [8] Use of undefined constant result - assumed 'result' /data/wwwroot/default/Application/Admin/Controller/CronController.class.php 第 9 行.
NOTIC: [2] Illegal string offset 'dumpmysql' /data/wwwroot/default/Application/Admin/Controller/CronController.class.php 第 9 行.
INFO: [ app_end ] --START--
INFO: Run Behavior\ShowPageTraceBehavior [ RunTime:0.000626s ]
INFO: [ app_end ] --END-- [ RunTime:0.000675s ]

[ 2017-06-20T01:27:01+08:00 ]  
INFO: [ app_init ] --START--
INFO: Run Behavior\BuildLiteBehavior [ RunTime:0.000008s ]
INFO: [ app_init ] --END-- [ RunTime:0.000348s ]
NOTIC: [8] Undefined index: REQUEST_METHOD /data/wwwroot/default/ThinkPHP/Library/Think/App.class.php 第 31 行.
NOTIC: [8] Undefined index: REQUEST_URI /data/wwwroot/default/ThinkPHP/Library/Think/Dispatcher.class.php 第 137 行.
NOTIC: [8] Use of undefined constant _PHP_FILE_ - assumed '_PHP_FILE_' /data/wwwroot/default/ThinkPHP/Library/Think/Dispatcher.class.php 第 191 行.
INFO: [ app_begin ] --START--
INFO: Run Behavior\ReadHtmlCacheBehavior [ RunTime:0.000438s ]
INFO: [ app_begin ] --END-- [ RunTime:0.000466s ]
NOTIC: [2048] Declaration of Common\Model\BasicModel::save() should be compatible with Think\Model::save($data = '', $options = Array) /data/wwwroot/default/Application/Common/Model/BasicModel.class.php 第 8 行.
NOTIC: [2048] Declaration of Common\Model\BasicModel::select() should be compatible with Think\Model::select($options = Array) /data/wwwroot/default/Application/Common/Model/BasicModel.class.php 第 8 行.
NOTIC: [8] Use of undefined constant result - assumed 'result' /data/wwwroot/default/Application/Admin/Controller/CronController.class.php 第 9 行.
NOTIC: [2] Illegal string offset 'dumpmysql' /data/wwwroot/default/Application/Admin/Controller/CronController.class.php 第 9 行.
INFO: [ app_end ] --START--
INFO: Run Behavior\ShowPageTraceBehavior [ RunTime:0.000607s ]
INFO: [ app_end ] --END-- [ RunTime:0.000654s ]

[ 2017-06-20T01:28:01+08:00 ]  
INFO: [ app_init ] --START--
INFO: Run Behavior\BuildLiteBehavior [ RunTime:0.000008s ]
INFO: [ app_init ] --END-- [ RunTime:0.000352s ]
NOTIC: [8] Undefined index: REQUEST_METHOD /data/wwwroot/default/ThinkPHP/Library/Think/App.class.php 第 31 行.
NOTIC: [8] Undefined index: REQUEST_URI /data/wwwroot/default/ThinkPHP/Library/Think/Dispatcher.class.php 第 137 行.
NOTIC: [8] Use of undefined constant _PHP_FILE_ - assumed '_PHP_FILE_' /data/wwwroot/default/ThinkPHP/Library/Think/Dispatcher.class.php 第 191 行.
INFO: [ app_begin ] --START--
INFO: Run Behavior\ReadHtmlCacheBehavior [ RunTime:0.000456s ]
INFO: [ app_begin ] --END-- [ RunTime:0.000484s ]
NOTIC: [2048] Declaration of Common\Model\BasicModel::save() should be compatible with Think\Model::save($data = '', $options = Array) /data/wwwroot/default/Application/Common/Model/BasicModel.class.php 第 8 行.
NOTIC: [2048] Declaration of Common\Model\BasicModel::select() should be compatible with Think\Model::select($options = Array) /data/wwwroot/default/Application/Common/Model/BasicModel.class.php 第 8 行.
NOTIC: [8] Use of undefined constant result - assumed 'result' /data/wwwroot/default/Application/Admin/Controller/CronController.class.php 第 9 行.
NOTIC: [2] Illegal string offset 'dumpmysql' /data/wwwroot/default/Application/Admin/Controller/CronController.class.php 第 9 行.
INFO: [ app_end ] --START--
INFO: Run Behavior\ShowPageTraceBehavior [ RunTime:0.000597s ]
INFO: [ app_end ] --END-- [ RunTime:0.000644s ]

[ 2017-06-20T01:29:01+08:00 ]  
INFO: [ app_init ] --START--
INFO: Run Behavior\BuildLiteBehavior [ RunTime:0.000008s ]
INFO: [ app_init ] --END-- [ RunTime:0.000378s ]
NOTIC: [8] Undefined index: REQUEST_METHOD /data/wwwroot/default/ThinkPHP/Library/Think/App.class.php 第 31 行.
NOTIC: [8] Undefined index: REQUEST_URI /data/wwwroot/default/ThinkPHP/Library/Think/Dispatcher.class.php 第 137 行.
NOTIC: [8] Use of undefined constant _PHP_FILE_ - assumed '_PHP_FILE_' /data/wwwroot/default/ThinkPHP/Library/Think/Dispatcher.class.php 第 191 行.
INFO: [ app_begin ] --START--
INFO: Run Behavior\ReadHtmlCacheBehavior [ RunTime:0.000462s ]
INFO: [ app_begin ] --END-- [ RunTime:0.000490s ]
NOTIC: [2048] Declaration of Common\Model\BasicModel::save() should be compatible with Think\Model::save($data = '', $options = Array) /data/wwwroot/default/Application/Common/Model/BasicModel.class.php 第 8 行.
NOTIC: [2048] Declaration of Common\Model\BasicModel::select() should be compatible with Think\Model::select($options = Array) /data/wwwroot/default/Application/Common/Model/BasicModel.class.php 第 8 行.
NOTIC: [8] Use of undefined constant result - assumed 'result' /data/wwwroot/default/Application/Admin/Controller/CronController.class.php 第 9 行.
NOTIC: [2] Illegal string offset 'dumpmysql' /data/wwwroot/default/Application/Admin/Controller/CronController.class.php 第 9 行.
INFO: [ app_end ] --START--
INFO: Run Behavior\ShowPageTraceBehavior [ RunTime:0.000615s ]
INFO: [ app_end ] --END-- [ RunTime:0.000664s ]

[ 2017-06-20T01:30:01+08:00 ]  
INFO: [ app_init ] --START--
INFO: Run Behavior\BuildLiteBehavior [ RunTime:0.000008s ]
INFO: [ app_init ] --END-- [ RunTime:0.000340s ]
NOTIC: [8] Undefined index: REQUEST_METHOD /data/wwwroot/default/ThinkPHP/Library/Think/App.class.php 第 31 行.
NOTIC: [8] Undefined index: REQUEST_URI /data/wwwroot/default/ThinkPHP/Library/Think/Dispatcher.class.php 第 137 行.
NOTIC: [8] Use of undefined constant _PHP_FILE_ - assumed '_PHP_FILE_' /data/wwwroot/default/ThinkPHP/Library/Think/Dispatcher.class.php 第 191 行.
INFO: [ app_begin ] --START--
INFO: Run Behavior\ReadHtmlCacheBehavior [ RunTime:0.000483s ]
INFO: [ app_begin ] --END-- [ RunTime:0.000516s ]
NOTIC: [2048] Declaration of Common\Model\BasicModel::save() should be compatible with Think\Model::save($data = '', $options = Array) /data/wwwroot/default/Application/Common/Model/BasicModel.class.php 第 8 行.
NOTIC: [2048] Declaration of Common\Model\BasicModel::select() should be compatible with Think\Model::select($options = Array) /data/wwwroot/default/Application/Common/Model/BasicModel.class.php 第 8 行.
NOTIC: [8] Use of undefined constant result - assumed 'result' /data/wwwroot/default/Application/Admin/Controller/CronController.class.php 第 9 行.
NOTIC: [2] Illegal string offset 'dumpmysql' /data/wwwroot/default/Application/Admin/Controller/CronController.class.php 第 9 行.
INFO: [ app_end ] --START--
INFO: Run Behavior\ShowPageTraceBehavior [ RunTime:0.000742s ]
INFO: [ app_end ] --END-- [ RunTime:0.000796s ]

[ 2017-06-20T01:31:02+08:00 ]  
INFO: [ app_init ] --START--
INFO: Run Behavior\BuildLiteBehavior [ RunTime:0.000020s ]
INFO: [ app_init ] --END-- [ RunTime:0.000400s ]
NOTIC: [8] Undefined index: REQUEST_METHOD /data/wwwroot/default/ThinkPHP/Library/Think/App.class.php 第 31 行.
NOTIC: [8] Undefined index: REQUEST_URI /data/wwwroot/default/ThinkPHP/Library/Think/Dispatcher.class.php 第 137 行.
NOTIC: [8] Use of undefined constant _PHP_FILE_ - assumed '_PHP_FILE_' /data/wwwroot/default/ThinkPHP/Library/Think/Dispatcher.class.php 第 191 行.
INFO: [ app_begin ] --START--
INFO: Run Behavior\ReadHtmlCacheBehavior [ RunTime:0.000476s ]
INFO: [ app_begin ] --END-- [ RunTime:0.000504s ]
NOTIC: [2048] Declaration of Common\Model\BasicModel::save() should be compatible with Think\Model::save($data = '', $options = Array) /data/wwwroot/default/Application/Common/Model/BasicModel.class.php 第 8 行.
NOTIC: [2048] Declaration of Common\Model\BasicModel::select() should be compatible with Think\Model::select($options = Array) /data/wwwroot/default/Application/Common/Model/BasicModel.class.php 第 8 行.
NOTIC: [8] Use of undefined constant result - assumed 'result' /data/wwwroot/default/Application/Admin/Controller/CronController.class.php 第 9 行.
NOTIC: [2] Illegal string offset 'dumpmysql' /data/wwwroot/default/Application/Admin/Controller/CronController.class.php 第 9 行.
INFO: [ app_end ] --START--
INFO: Run Behavior\ShowPageTraceBehavior [ RunTime:0.000650s ]
INFO: [ app_end ] --END-- [ RunTime:0.000698s ]

[ 2017-06-20T01:32:01+08:00 ]  
INFO: [ app_init ] --START--
INFO: Run Behavior\BuildLiteBehavior [ RunTime:0.000011s ]
INFO: [ app_init ] --END-- [ RunTime:0.000535s ]
NOTIC: [8] Undefined index: REQUEST_METHOD /data/wwwroot/default/ThinkPHP/Library/Think/App.class.php 第 31 行.
NOTIC: [8] Undefined index: REQUEST_URI /data/wwwroot/default/ThinkPHP/Library/Think/Dispatcher.class.php 第 137 行.
NOTIC: [8] Use of undefined constant _PHP_FILE_ - assumed '_PHP_FILE_' /data/wwwroot/default/ThinkPHP/Library/Think/Dispatcher.class.php 第 191 行.
INFO: [ app_begin ] --START--
INFO: Run Behavior\ReadHtmlCacheBehavior [ RunTime:0.000707s ]
INFO: [ app_begin ] --END-- [ RunTime:0.000748s ]
NOTIC: [2048] Declaration of Common\Model\BasicModel::save() should be compatible with Think\Model::save($data = '', $options = Array) /data/wwwroot/default/Application/Common/Model/BasicModel.class.php 第 8 行.
NOTIC: [2048] Declaration of Common\Model\BasicModel::select() should be compatible with Think\Model::select($options = Array) /data/wwwroot/default/Application/Common/Model/BasicModel.class.php 第 8 行.
NOTIC: [8] Use of undefined constant result - assumed 'result' /data/wwwroot/default/Application/Admin/Controller/CronController.class.php 第 9 行.
NOTIC: [2] Illegal string offset 'dumpmysql' /data/wwwroot/default/Application/Admin/Controller/CronController.class.php 第 9 行.
INFO: [ app_end ] --START--
INFO: Run Behavior\ShowPageTraceBehavior [ RunTime:0.000613s ]
INFO: [ app_end ] --END-- [ RunTime:0.000661s ]

[ 2017-06-20T01:33:01+08:00 ]  
INFO: [ app_init ] --START--
INFO: Run Behavior\BuildLiteBehavior [ RunTime:0.000008s ]
INFO: [ app_init ] --END-- [ RunTime:0.000364s ]
NOTIC: [8] Undefined index: REQUEST_METHOD /data/wwwroot/default/ThinkPHP/Library/Think/App.class.php 第 31 行.
NOTIC: [8] Undefined index: REQUEST_URI /data/wwwroot/default/ThinkPHP/Library/Think/Dispatcher.class.php 第 137 行.
NOTIC: [8] Use of undefined constant _PHP_FILE_ - assumed '_PHP_FILE_' /data/wwwroot/default/ThinkPHP/Library/Think/Dispatcher.class.php 第 191 行.
INFO: [ app_begin ] --START--
INFO: Run Behavior\ReadHtmlCacheBehavior [ RunTime:0.000460s ]
INFO: [ app_begin ] --END-- [ RunTime:0.000488s ]
NOTIC: [2048] Declaration of Common\Model\BasicModel::save() should be compatible with Think\Model::save($data = '', $options = Array) /data/wwwroot/default/Application/Common/Model/BasicModel.class.php 第 8 行.
NOTIC: [2048] Declaration of Common\Model\BasicModel::select() should be compatible with Think\Model::select($options = Array) /data/wwwroot/default/Application/Common/Model/BasicModel.class.php 第 8 行.
NOTIC: [8] Use of undefined constant result - assumed 'result' /data/wwwroot/default/Application/Admin/Controller/CronController.class.php 第 9 行.
NOTIC: [2] Illegal string offset 'dumpmysql' /data/wwwroot/default/Application/Admin/Controller/CronController.class.php 第 9 行.
INFO: [ app_end ] --START--
INFO: Run Behavior\ShowPageTraceBehavior [ RunTime:0.000705s ]
INFO: [ app_end ] --END-- [ RunTime:0.000759s ]

[ 2017-06-20T01:34:01+08:00 ]  
INFO: [ app_init ] --START--
INFO: Run Behavior\BuildLiteBehavior [ RunTime:0.000008s ]
INFO: [ app_init ] --END-- [ RunTime:0.000354s ]
NOTIC: [8] Undefined index: REQUEST_METHOD /data/wwwroot/default/ThinkPHP/Library/Think/App.class.php 第 31 行.
NOTIC: [8] Undefined index: REQUEST_URI /data/wwwroot/default/ThinkPHP/Library/Think/Dispatcher.class.php 第 137 行.
NOTIC: [8] Use of undefined constant _PHP_FILE_ - assumed '_PHP_FILE_' /data/wwwroot/default/ThinkPHP/Library/Think/Dispatcher.class.php 第 191 行.
INFO: [ app_begin ] --START--
INFO: Run Behavior\ReadHtmlCacheBehavior [ RunTime:0.000448s ]
INFO: [ app_begin ] --END-- [ RunTime:0.000476s ]
NOTIC: [2048] Declaration of Common\Model\BasicModel::save() should be compatible with Think\Model::save($data = '', $options = Array) /data/wwwroot/default/Application/Common/Model/BasicModel.class.php 第 8 行.
NOTIC: [2048] Declaration of Common\Model\BasicModel::select() should be compatible with Think\Model::select($options = Array) /data/wwwroot/default/Application/Common/Model/BasicModel.class.php 第 8 行.
NOTIC: [8] Use of undefined constant result - assumed 'result' /data/wwwroot/default/Application/Admin/Controller/CronController.class.php 第 9 行.
NOTIC: [2] Illegal string offset 'dumpmysql' /data/wwwroot/default/Application/Admin/Controller/CronController.class.php 第 9 行.
INFO: [ app_end ] --START--
INFO: Run Behavior\ShowPageTraceBehavior [ RunTime:0.000611s ]
INFO: [ app_end ] --END-- [ RunTime:0.000659s ]

[ 2017-06-20T01:35:01+08:00 ]  
INFO: [ app_init ] --START--
INFO: Run Behavior\BuildLiteBehavior [ RunTime:0.000008s ]
INFO: [ app_init ] --END-- [ RunTime:0.000351s ]
NOTIC: [8] Undefined index: REQUEST_METHOD /data/wwwroot/default/ThinkPHP/Library/Think/App.class.php 第 31 行.
NOTIC: [8] Undefined index: REQUEST_URI /data/wwwroot/default/ThinkPHP/Library/Think/Dispatcher.class.php 第 137 行.
NOTIC: [8] Use of undefined constant _PHP_FILE_ - assumed '_PHP_FILE_' /data/wwwroot/default/ThinkPHP/Library/Think/Dispatcher.class.php 第 191 行.
INFO: [ app_begin ] --START--
INFO: Run Behavior\ReadHtmlCacheBehavior [ RunTime:0.000444s ]
INFO: [ app_begin ] --END-- [ RunTime:0.000472s ]
NOTIC: [2048] Declaration of Common\Model\BasicModel::save() should be compatible with Think\Model::save($data = '', $options = Array) /data/wwwroot/default/Application/Common/Model/BasicModel.class.php 第 8 行.
NOTIC: [2048] Declaration of Common\Model\BasicModel::select() should be compatible with Think\Model::select($options = Array) /data/wwwroot/default/Application/Common/Model/BasicModel.class.php 第 8 行.
NOTIC: [8] Use of undefined constant result - assumed 'result' /data/wwwroot/default/Application/Admin/Controller/CronController.class.php 第 9 行.
NOTIC: [2] Illegal string offset 'dumpmysql' /data/wwwroot/default/Application/Admin/Controller/CronController.class.php 第 9 行.
INFO: [ app_end ] --START--
INFO: Run Behavior\ShowPageTraceBehavior [ RunTime:0.000594s ]
INFO: [ app_end ] --END-- [ RunTime:0.000643s ]

[ 2017-06-20T01:36:01+08:00 ]  
INFO: [ app_init ] --START--
INFO: Run Behavior\BuildLiteBehavior [ RunTime:0.000008s ]
INFO: [ app_init ] --END-- [ RunTime:0.000359s ]
NOTIC: [8] Undefined index: REQUEST_METHOD /data/wwwroot/default/ThinkPHP/Library/Think/App.class.php 第 31 行.
NOTIC: [8] Undefined index: REQUEST_URI /data/wwwroot/default/ThinkPHP/Library/Think/Dispatcher.class.php 第 137 行.
NOTIC: [8] Use of undefined constant _PHP_FILE_ - assumed '_PHP_FILE_' /data/wwwroot/default/ThinkPHP/Library/Think/Dispatcher.class.php 第 191 行.
INFO: [ app_begin ] --START--
INFO: Run Behavior\ReadHtmlCacheBehavior [ RunTime:0.000462s ]
INFO: [ app_begin ] --END-- [ RunTime:0.000490s ]
NOTIC: [2048] Declaration of Common\Model\BasicModel::save() should be compatible with Think\Model::save($data = '', $options = Array) /data/wwwroot/default/Application/Common/Model/BasicModel.class.php 第 8 行.
NOTIC: [2048] Declaration of Common\Model\BasicModel::select() should be compatible with Think\Model::select($options = Array) /data/wwwroot/default/Application/Common/Model/BasicModel.class.php 第 8 行.
NOTIC: [8] Use of undefined constant result - assumed 'result' /data/wwwroot/default/Application/Admin/Controller/CronController.class.php 第 9 行.
NOTIC: [2] Illegal string offset 'dumpmysql' /data/wwwroot/default/Application/Admin/Controller/CronController.class.php 第 9 行.
INFO: [ app_end ] --START--
INFO: Run Behavior\ShowPageTraceBehavior [ RunTime:0.000608s ]
INFO: [ app_end ] --END-- [ RunTime:0.000656s ]

[ 2017-06-20T01:37:01+08:00 ]  
INFO: [ app_init ] --START--
INFO: Run Behavior\BuildLiteBehavior [ RunTime:0.000008s ]
INFO: [ app_init ] --END-- [ RunTime:0.000358s ]
NOTIC: [8] Undefined index: REQUEST_METHOD /data/wwwroot/default/ThinkPHP/Library/Think/App.class.php 第 31 行.
NOTIC: [8] Undefined index: REQUEST_URI /data/wwwroot/default/ThinkPHP/Library/Think/Dispatcher.class.php 第 137 行.
NOTIC: [8] Use of undefined constant _PHP_FILE_ - assumed '_PHP_FILE_' /data/wwwroot/default/ThinkPHP/Library/Think/Dispatcher.class.php 第 191 行.
INFO: [ app_begin ] --START--
INFO: Run Behavior\ReadHtmlCacheBehavior [ RunTime:0.000466s ]
INFO: [ app_begin ] --END-- [ RunTime:0.000494s ]
NOTIC: [2048] Declaration of Common\Model\BasicModel::save() should be compatible with Think\Model::save($data = '', $options = Array) /data/wwwroot/default/Application/Common/Model/BasicModel.class.php 第 8 行.
NOTIC: [2048] Declaration of Common\Model\BasicModel::select() should be compatible with Think\Model::select($options = Array) /data/wwwroot/default/Application/Common/Model/BasicModel.class.php 第 8 行.
NOTIC: [8] Use of undefined constant result - assumed 'result' /data/wwwroot/default/Application/Admin/Controller/CronController.class.php 第 9 行.
NOTIC: [2] Illegal string offset 'dumpmysql' /data/wwwroot/default/Application/Admin/Controller/CronController.class.php 第 9 行.
INFO: [ app_end ] --START--
INFO: Run Behavior\ShowPageTraceBehavior [ RunTime:0.000609s ]
INFO: [ app_end ] --END-- [ RunTime:0.000657s ]

[ 2017-06-20T01:38:01+08:00 ]  
INFO: [ app_init ] --START--
INFO: Run Behavior\BuildLiteBehavior [ RunTime:0.000009s ]
INFO: [ app_init ] --END-- [ RunTime:0.000373s ]
NOTIC: [8] Undefined index: REQUEST_METHOD /data/wwwroot/default/ThinkPHP/Library/Think/App.class.php 第 31 行.
NOTIC: [8] Undefined index: REQUEST_URI /data/wwwroot/default/ThinkPHP/Library/Think/Dispatcher.class.php 第 137 行.
NOTIC: [8] Use of undefined constant _PHP_FILE_ - assumed '_PHP_FILE_' /data/wwwroot/default/ThinkPHP/Library/Think/Dispatcher.class.php 第 191 行.
INFO: [ app_begin ] --START--
INFO: Run Behavior\ReadHtmlCacheBehavior [ RunTime:0.000453s ]
INFO: [ app_begin ] --END-- [ RunTime:0.000495s ]
NOTIC: [2048] Declaration of Common\Model\BasicModel::save() should be compatible with Think\Model::save($data = '', $options = Array) /data/wwwroot/default/Application/Common/Model/BasicModel.class.php 第 8 行.
NOTIC: [2048] Declaration of Common\Model\BasicModel::select() should be compatible with Think\Model::select($options = Array) /data/wwwroot/default/Application/Common/Model/BasicModel.class.php 第 8 行.
NOTIC: [8] Use of undefined constant result - assumed 'result' /data/wwwroot/default/Application/Admin/Controller/CronController.class.php 第 9 行.
NOTIC: [2] Illegal string offset 'dumpmysql' /data/wwwroot/default/Application/Admin/Controller/CronController.class.php 第 9 行.
INFO: [ app_end ] --START--
INFO: Run Behavior\ShowPageTraceBehavior [ RunTime:0.000614s ]
INFO: [ app_end ] --END-- [ RunTime:0.000663s ]

[ 2017-06-20T01:39:01+08:00 ]  
INFO: [ app_init ] --START--
INFO: Run Behavior\BuildLiteBehavior [ RunTime:0.000008s ]
INFO: [ app_init ] --END-- [ RunTime:0.000376s ]
NOTIC: [8] Undefined index: REQUEST_METHOD /data/wwwroot/default/ThinkPHP/Library/Think/App.class.php 第 31 行.
NOTIC: [8] Undefined index: REQUEST_URI /data/wwwroot/default/ThinkPHP/Library/Think/Dispatcher.class.php 第 137 行.
NOTIC: [8] Use of undefined constant _PHP_FILE_ - assumed '_PHP_FILE_' /data/wwwroot/default/ThinkPHP/Library/Think/Dispatcher.class.php 第 191 行.
INFO: [ app_begin ] --START--
INFO: Run Behavior\ReadHtmlCacheBehavior [ RunTime:0.000476s ]
INFO: [ app_begin ] --END-- [ RunTime:0.000506s ]
NOTIC: [2048] Declaration of Common\Model\BasicModel::save() should be compatible with Think\Model::save($data = '', $options = Array) /data/wwwroot/default/Application/Common/Model/BasicModel.class.php 第 8 行.
NOTIC: [2048] Declaration of Common\Model\BasicModel::select() should be compatible with Think\Model::select($options = Array) /data/wwwroot/default/Application/Common/Model/BasicModel.class.php 第 8 行.
NOTIC: [8] Use of undefined constant result - assumed 'result' /data/wwwroot/default/Application/Admin/Controller/CronController.class.php 第 9 行.
NOTIC: [2] Illegal string offset 'dumpmysql' /data/wwwroot/default/Application/Admin/Controller/CronController.class.php 第 9 行.
INFO: [ app_end ] --START--
INFO: Run Behavior\ShowPageTraceBehavior [ RunTime:0.000623s ]
INFO: [ app_end ] --END-- [ RunTime:0.000672s ]

[ 2017-06-20T01:40:01+08:00 ]  
INFO: [ app_init ] --START--
INFO: Run Behavior\BuildLiteBehavior [ RunTime:0.000008s ]
INFO: [ app_init ] --END-- [ RunTime:0.000343s ]
NOTIC: [8] Undefined index: REQUEST_METHOD /data/wwwroot/default/ThinkPHP/Library/Think/App.class.php 第 31 行.
NOTIC: [8] Undefined index: REQUEST_URI /data/wwwroot/default/ThinkPHP/Library/Think/Dispatcher.class.php 第 137 行.
NOTIC: [8] Use of undefined constant _PHP_FILE_ - assumed '_PHP_FILE_' /data/wwwroot/default/ThinkPHP/Library/Think/Dispatcher.class.php 第 191 行.
INFO: [ app_begin ] --START--
INFO: Run Behavior\ReadHtmlCacheBehavior [ RunTime:0.000463s ]
INFO: [ app_begin ] --END-- [ RunTime:0.000490s ]
NOTIC: [2048] Declaration of Common\Model\BasicModel::save() should be compatible with Think\Model::save($data = '', $options = Array) /data/wwwroot/default/Application/Common/Model/BasicModel.class.php 第 8 行.
NOTIC: [2048] Declaration of Common\Model\BasicModel::select() should be compatible with Think\Model::select($options = Array) /data/wwwroot/default/Application/Common/Model/BasicModel.class.php 第 8 行.
NOTIC: [8] Use of undefined constant result - assumed 'result' /data/wwwroot/default/Application/Admin/Controller/CronController.class.php 第 9 行.
NOTIC: [2] Illegal string offset 'dumpmysql' /data/wwwroot/default/Application/Admin/Controller/CronController.class.php 第 9 行.
INFO: [ app_end ] --START--
INFO: Run Behavior\ShowPageTraceBehavior [ RunTime:0.000620s ]
INFO: [ app_end ] --END-- [ RunTime:0.000670s ]

[ 2017-06-20T01:41:01+08:00 ]  
INFO: [ app_init ] --START--
INFO: Run Behavior\BuildLiteBehavior [ RunTime:0.000008s ]
INFO: [ app_init ] --END-- [ RunTime:0.000362s ]
NOTIC: [8] Undefined index: REQUEST_METHOD /data/wwwroot/default/ThinkPHP/Library/Think/App.class.php 第 31 行.
NOTIC: [8] Undefined index: REQUEST_URI /data/wwwroot/default/ThinkPHP/Library/Think/Dispatcher.class.php 第 137 行.
NOTIC: [8] Use of undefined constant _PHP_FILE_ - assumed '_PHP_FILE_' /data/wwwroot/default/ThinkPHP/Library/Think/Dispatcher.class.php 第 191 行.
INFO: [ app_begin ] --START--
INFO: Run Behavior\ReadHtmlCacheBehavior [ RunTime:0.000435s ]
INFO: [ app_begin ] --END-- [ RunTime:0.000476s ]
NOTIC: [2048] Declaration of Common\Model\BasicModel::save() should be compatible with Think\Model::save($data = '', $options = Array) /data/wwwroot/default/Application/Common/Model/BasicModel.class.php 第 8 行.
NOTIC: [2048] Declaration of Common\Model\BasicModel::select() should be compatible with Think\Model::select($options = Array) /data/wwwroot/default/Application/Common/Model/BasicModel.class.php 第 8 行.
NOTIC: [8] Use of undefined constant result - assumed 'result' /data/wwwroot/default/Application/Admin/Controller/CronController.class.php 第 9 行.
NOTIC: [2] Illegal string offset 'dumpmysql' /data/wwwroot/default/Application/Admin/Controller/CronController.class.php 第 9 行.
INFO: [ app_end ] --START--
INFO: Run Behavior\ShowPageTraceBehavior [ RunTime:0.000587s ]
INFO: [ app_end ] --END-- [ RunTime:0.000634s ]

[ 2017-06-20T01:42:01+08:00 ]  
INFO: [ app_init ] --START--
INFO: Run Behavior\BuildLiteBehavior [ RunTime:0.000007s ]
INFO: [ app_init ] --END-- [ RunTime:0.000349s ]
NOTIC: [8] Undefined index: REQUEST_METHOD /data/wwwroot/default/ThinkPHP/Library/Think/App.class.php 第 31 行.
NOTIC: [8] Undefined index: REQUEST_URI /data/wwwroot/default/ThinkPHP/Library/Think/Dispatcher.class.php 第 137 行.
NOTIC: [8] Use of undefined constant _PHP_FILE_ - assumed '_PHP_FILE_' /data/wwwroot/default/ThinkPHP/Library/Think/Dispatcher.class.php 第 191 行.
INFO: [ app_begin ] --START--
INFO: Run Behavior\ReadHtmlCacheBehavior [ RunTime:0.000443s ]
INFO: [ app_begin ] --END-- [ RunTime:0.000470s ]
NOTIC: [2048] Declaration of Common\Model\BasicModel::save() should be compatible with Think\Model::save($data = '', $options = Array) /data/wwwroot/default/Application/Common/Model/BasicModel.class.php 第 8 行.
NOTIC: [2048] Declaration of Common\Model\BasicModel::select() should be compatible with Think\Model::select($options = Array) /data/wwwroot/default/Application/Common/Model/BasicModel.class.php 第 8 行.
NOTIC: [8] Use of undefined constant result - assumed 'result' /data/wwwroot/default/Application/Admin/Controller/CronController.class.php 第 9 行.
NOTIC: [2] Illegal string offset 'dumpmysql' /data/wwwroot/default/Application/Admin/Controller/CronController.class.php 第 9 行.
INFO: [ app_end ] --START--
INFO: Run Behavior\ShowPageTraceBehavior [ RunTime:0.000591s ]
INFO: [ app_end ] --END-- [ RunTime:0.000637s ]

[ 2017-06-20T01:43:01+08:00 ]  
INFO: [ app_init ] --START--
INFO: Run Behavior\BuildLiteBehavior [ RunTime:0.000008s ]
INFO: [ app_init ] --END-- [ RunTime:0.000361s ]
NOTIC: [8] Undefined index: REQUEST_METHOD /data/wwwroot/default/ThinkPHP/Library/Think/App.class.php 第 31 行.
NOTIC: [8] Undefined index: REQUEST_URI /data/wwwroot/default/ThinkPHP/Library/Think/Dispatcher.class.php 第 137 行.
NOTIC: [8] Use of undefined constant _PHP_FILE_ - assumed '_PHP_FILE_' /data/wwwroot/default/ThinkPHP/Library/Think/Dispatcher.class.php 第 191 行.
INFO: [ app_begin ] --START--
INFO: Run Behavior\ReadHtmlCacheBehavior [ RunTime:0.000456s ]
INFO: [ app_begin ] --END-- [ RunTime:0.000485s ]
NOTIC: [2048] Declaration of Common\Model\BasicModel::save() should be compatible with Think\Model::save($data = '', $options = Array) /data/wwwroot/default/Application/Common/Model/BasicModel.class.php 第 8 行.
NOTIC: [2048] Declaration of Common\Model\BasicModel::select() should be compatible with Think\Model::select($options = Array) /data/wwwroot/default/Application/Common/Model/BasicModel.class.php 第 8 行.
NOTIC: [8] Use of undefined constant result - assumed 'result' /data/wwwroot/default/Application/Admin/Controller/CronController.class.php 第 9 行.
NOTIC: [2] Illegal string offset 'dumpmysql' /data/wwwroot/default/Application/Admin/Controller/CronController.class.php 第 9 行.
INFO: [ app_end ] --START--
INFO: Run Behavior\ShowPageTraceBehavior [ RunTime:0.000607s ]
INFO: [ app_end ] --END-- [ RunTime:0.000656s ]

[ 2017-06-20T01:44:01+08:00 ]  
INFO: [ app_init ] --START--
INFO: Run Behavior\BuildLiteBehavior [ RunTime:0.000008s ]
INFO: [ app_init ] --END-- [ RunTime:0.000353s ]
NOTIC: [8] Undefined index: REQUEST_METHOD /data/wwwroot/default/ThinkPHP/Library/Think/App.class.php 第 31 行.
NOTIC: [8] Undefined index: REQUEST_URI /data/wwwroot/default/ThinkPHP/Library/Think/Dispatcher.class.php 第 137 行.
NOTIC: [8] Use of undefined constant _PHP_FILE_ - assumed '_PHP_FILE_' /data/wwwroot/default/ThinkPHP/Library/Think/Dispatcher.class.php 第 191 行.
INFO: [ app_begin ] --START--
INFO: Run Behavior\ReadHtmlCacheBehavior [ RunTime:0.000498s ]
INFO: [ app_begin ] --END-- [ RunTime:0.000526s ]
NOTIC: [2048] Declaration of Common\Model\BasicModel::save() should be compatible with Think\Model::save($data = '', $options = Array) /data/wwwroot/default/Application/Common/Model/BasicModel.class.php 第 8 行.
NOTIC: [2048] Declaration of Common\Model\BasicModel::select() should be compatible with Think\Model::select($options = Array) /data/wwwroot/default/Application/Common/Model/BasicModel.class.php 第 8 行.
NOTIC: [8] Use of undefined constant result - assumed 'result' /data/wwwroot/default/Application/Admin/Controller/CronController.class.php 第 9 行.
NOTIC: [2] Illegal string offset 'dumpmysql' /data/wwwroot/default/Application/Admin/Controller/CronController.class.php 第 9 行.
INFO: [ app_end ] --START--
INFO: Run Behavior\ShowPageTraceBehavior [ RunTime:0.000612s ]
INFO: [ app_end ] --END-- [ RunTime:0.000668s ]

[ 2017-06-20T01:45:01+08:00 ]  
INFO: [ app_init ] --START--
INFO: Run Behavior\BuildLiteBehavior [ RunTime:0.000008s ]
INFO: [ app_init ] --END-- [ RunTime:0.000371s ]
NOTIC: [8] Undefined index: REQUEST_METHOD /data/wwwroot/default/ThinkPHP/Library/Think/App.class.php 第 31 行.
NOTIC: [8] Undefined index: REQUEST_URI /data/wwwroot/default/ThinkPHP/Library/Think/Dispatcher.class.php 第 137 行.
NOTIC: [8] Use of undefined constant _PHP_FILE_ - assumed '_PHP_FILE_' /data/wwwroot/default/ThinkPHP/Library/Think/Dispatcher.class.php 第 191 行.
INFO: [ app_begin ] --START--
INFO: Run Behavior\ReadHtmlCacheBehavior [ RunTime:0.000477s ]
INFO: [ app_begin ] --END-- [ RunTime:0.000505s ]
NOTIC: [2048] Declaration of Common\Model\BasicModel::save() should be compatible with Think\Model::save($data = '', $options = Array) /data/wwwroot/default/Application/Common/Model/BasicModel.class.php 第 8 行.
NOTIC: [2048] Declaration of Common\Model\BasicModel::select() should be compatible with Think\Model::select($options = Array) /data/wwwroot/default/Application/Common/Model/BasicModel.class.php 第 8 行.
NOTIC: [8] Use of undefined constant result - assumed 'result' /data/wwwroot/default/Application/Admin/Controller/CronController.class.php 第 9 行.
NOTIC: [2] Illegal string offset 'dumpmysql' /data/wwwroot/default/Application/Admin/Controller/CronController.class.php 第 9 行.
INFO: [ app_end ] --START--
INFO: Run Behavior\ShowPageTraceBehavior [ RunTime:0.000612s ]
INFO: [ app_end ] --END-- [ RunTime:0.000659s ]

[ 2017-06-20T01:46:01+08:00 ]  
INFO: [ app_init ] --START--
INFO: Run Behavior\BuildLiteBehavior [ RunTime:0.000008s ]
INFO: [ app_init ] --END-- [ RunTime:0.000368s ]
NOTIC: [8] Undefined index: REQUEST_METHOD /data/wwwroot/default/ThinkPHP/Library/Think/App.class.php 第 31 行.
NOTIC: [8] Undefined index: REQUEST_URI /data/wwwroot/default/ThinkPHP/Library/Think/Dispatcher.class.php 第 137 行.
NOTIC: [8] Use of undefined constant _PHP_FILE_ - assumed '_PHP_FILE_' /data/wwwroot/default/ThinkPHP/Library/Think/Dispatcher.class.php 第 191 行.
INFO: [ app_begin ] --START--
INFO: Run Behavior\ReadHtmlCacheBehavior [ RunTime:0.000455s ]
INFO: [ app_begin ] --END-- [ RunTime:0.000483s ]
NOTIC: [2048] Declaration of Common\Model\BasicModel::save() should be compatible with Think\Model::save($data = '', $options = Array) /data/wwwroot/default/Application/Common/Model/BasicModel.class.php 第 8 行.
NOTIC: [2048] Declaration of Common\Model\BasicModel::select() should be compatible with Think\Model::select($options = Array) /data/wwwroot/default/Application/Common/Model/BasicModel.class.php 第 8 行.
NOTIC: [8] Use of undefined constant result - assumed 'result' /data/wwwroot/default/Application/Admin/Controller/CronController.class.php 第 9 行.
NOTIC: [2] Illegal string offset 'dumpmysql' /data/wwwroot/default/Application/Admin/Controller/CronController.class.php 第 9 行.
INFO: [ app_end ] --START--
INFO: Run Behavior\ShowPageTraceBehavior [ RunTime:0.000594s ]
INFO: [ app_end ] --END-- [ RunTime:0.000642s ]

[ 2017-06-20T01:47:01+08:00 ]  
INFO: [ app_init ] --START--
INFO: Run Behavior\BuildLiteBehavior [ RunTime:0.000008s ]
INFO: [ app_init ] --END-- [ RunTime:0.000364s ]
NOTIC: [8] Undefined index: REQUEST_METHOD /data/wwwroot/default/ThinkPHP/Library/Think/App.class.php 第 31 行.
NOTIC: [8] Undefined index: REQUEST_URI /data/wwwroot/default/ThinkPHP/Library/Think/Dispatcher.class.php 第 137 行.
NOTIC: [8] Use of undefined constant _PHP_FILE_ - assumed '_PHP_FILE_' /data/wwwroot/default/ThinkPHP/Library/Think/Dispatcher.class.php 第 191 行.
INFO: [ app_begin ] --START--
INFO: Run Behavior\ReadHtmlCacheBehavior [ RunTime:0.000454s ]
INFO: [ app_begin ] --END-- [ RunTime:0.000482s ]
NOTIC: [2048] Declaration of Common\Model\BasicModel::save() should be compatible with Think\Model::save($data = '', $options = Array) /data/wwwroot/default/Application/Common/Model/BasicModel.class.php 第 8 行.
NOTIC: [2048] Declaration of Common\Model\BasicModel::select() should be compatible with Think\Model::select($options = Array) /data/wwwroot/default/Application/Common/Model/BasicModel.class.php 第 8 行.
NOTIC: [8] Use of undefined constant result - assumed 'result' /data/wwwroot/default/Application/Admin/Controller/CronController.class.php 第 9 行.
NOTIC: [2] Illegal string offset 'dumpmysql' /data/wwwroot/default/Application/Admin/Controller/CronController.class.php 第 9 行.
INFO: [ app_end ] --START--
INFO: Run Behavior\ShowPageTraceBehavior [ RunTime:0.000603s ]
INFO: [ app_end ] --END-- [ RunTime:0.000651s ]

[ 2017-06-20T01:48:01+08:00 ]  
INFO: [ app_init ] --START--
INFO: Run Behavior\BuildLiteBehavior [ RunTime:0.000008s ]
INFO: [ app_init ] --END-- [ RunTime:0.000358s ]
NOTIC: [8] Undefined index: REQUEST_METHOD /data/wwwroot/default/ThinkPHP/Library/Think/App.class.php 第 31 行.
NOTIC: [8] Undefined index: REQUEST_URI /data/wwwroot/default/ThinkPHP/Library/Think/Dispatcher.class.php 第 137 行.
NOTIC: [8] Use of undefined constant _PHP_FILE_ - assumed '_PHP_FILE_' /data/wwwroot/default/ThinkPHP/Library/Think/Dispatcher.class.php 第 191 行.
INFO: [ app_begin ] --START--
INFO: Run Behavior\ReadHtmlCacheBehavior [ RunTime:0.000449s ]
INFO: [ app_begin ] --END-- [ RunTime:0.000477s ]
NOTIC: [2048] Declaration of Common\Model\BasicModel::save() should be compatible with Think\Model::save($data = '', $options = Array) /data/wwwroot/default/Application/Common/Model/BasicModel.class.php 第 8 行.
NOTIC: [2048] Declaration of Common\Model\BasicModel::select() should be compatible with Think\Model::select($options = Array) /data/wwwroot/default/Application/Common/Model/BasicModel.class.php 第 8 行.
NOTIC: [8] Use of undefined constant result - assumed 'result' /data/wwwroot/default/Application/Admin/Controller/CronController.class.php 第 9 行.
NOTIC: [2] Illegal string offset 'dumpmysql' /data/wwwroot/default/Application/Admin/Controller/CronController.class.php 第 9 行.
INFO: [ app_end ] --START--
INFO: Run Behavior\ShowPageTraceBehavior [ RunTime:0.000607s ]
INFO: [ app_end ] --END-- [ RunTime:0.000654s ]

[ 2017-06-20T01:49:01+08:00 ]  
INFO: [ app_init ] --START--
INFO: Run Behavior\BuildLiteBehavior [ RunTime:0.000008s ]
INFO: [ app_init ] --END-- [ RunTime:0.000362s ]
NOTIC: [8] Undefined index: REQUEST_METHOD /data/wwwroot/default/ThinkPHP/Library/Think/App.class.php 第 31 行.
NOTIC: [8] Undefined index: REQUEST_URI /data/wwwroot/default/ThinkPHP/Library/Think/Dispatcher.class.php 第 137 行.
NOTIC: [8] Use of undefined constant _PHP_FILE_ - assumed '_PHP_FILE_' /data/wwwroot/default/ThinkPHP/Library/Think/Dispatcher.class.php 第 191 行.
INFO: [ app_begin ] --START--
INFO: Run Behavior\ReadHtmlCacheBehavior [ RunTime:0.000461s ]
INFO: [ app_begin ] --END-- [ RunTime:0.000489s ]
NOTIC: [2048] Declaration of Common\Model\BasicModel::save() should be compatible with Think\Model::save($data = '', $options = Array) /data/wwwroot/default/Application/Common/Model/BasicModel.class.php 第 8 行.
NOTIC: [2048] Declaration of Common\Model\BasicModel::select() should be compatible with Think\Model::select($options = Array) /data/wwwroot/default/Application/Common/Model/BasicModel.class.php 第 8 行.
NOTIC: [8] Use of undefined constant result - assumed 'result' /data/wwwroot/default/Application/Admin/Controller/CronController.class.php 第 9 行.
NOTIC: [2] Illegal string offset 'dumpmysql' /data/wwwroot/default/Application/Admin/Controller/CronController.class.php 第 9 行.
INFO: [ app_end ] --START--
INFO: Run Behavior\ShowPageTraceBehavior [ RunTime:0.000599s ]
INFO: [ app_end ] --END-- [ RunTime:0.000647s ]

[ 2017-06-20T01:50:01+08:00 ]  
INFO: [ app_init ] --START--
INFO: Run Behavior\BuildLiteBehavior [ RunTime:0.000008s ]
INFO: [ app_init ] --END-- [ RunTime:0.011399s ]
NOTIC: [8] Undefined index: REQUEST_METHOD /data/wwwroot/default/ThinkPHP/Library/Think/App.class.php 第 31 行.
NOTIC: [8] Undefined index: REQUEST_URI /data/wwwroot/default/ThinkPHP/Library/Think/Dispatcher.class.php 第 137 行.
NOTIC: [8] Use of undefined constant _PHP_FILE_ - assumed '_PHP_FILE_' /data/wwwroot/default/ThinkPHP/Library/Think/Dispatcher.class.php 第 191 行.
INFO: [ app_begin ] --START--
INFO: Run Behavior\ReadHtmlCacheBehavior [ RunTime:0.000474s ]
INFO: [ app_begin ] --END-- [ RunTime:0.000503s ]
NOTIC: [2048] Declaration of Common\Model\BasicModel::save() should be compatible with Think\Model::save($data = '', $options = Array) /data/wwwroot/default/Application/Common/Model/BasicModel.class.php 第 8 行.
NOTIC: [2048] Declaration of Common\Model\BasicModel::select() should be compatible with Think\Model::select($options = Array) /data/wwwroot/default/Application/Common/Model/BasicModel.class.php 第 8 行.
NOTIC: [8] Use of undefined constant result - assumed 'result' /data/wwwroot/default/Application/Admin/Controller/CronController.class.php 第 9 行.
NOTIC: [2] Illegal string offset 'dumpmysql' /data/wwwroot/default/Application/Admin/Controller/CronController.class.php 第 9 行.
INFO: [ app_end ] --START--
INFO: Run Behavior\ShowPageTraceBehavior [ RunTime:0.000773s ]
INFO: [ app_end ] --END-- [ RunTime:0.000830s ]

[ 2017-06-20T01:51:01+08:00 ]  
INFO: [ app_init ] --START--
INFO: Run Behavior\BuildLiteBehavior [ RunTime:0.000009s ]
INFO: [ app_init ] --END-- [ RunTime:0.000378s ]
NOTIC: [8] Undefined index: REQUEST_METHOD /data/wwwroot/default/ThinkPHP/Library/Think/App.class.php 第 31 行.
NOTIC: [8] Undefined index: REQUEST_URI /data/wwwroot/default/ThinkPHP/Library/Think/Dispatcher.class.php 第 137 行.
NOTIC: [8] Use of undefined constant _PHP_FILE_ - assumed '_PHP_FILE_' /data/wwwroot/default/ThinkPHP/Library/Think/Dispatcher.class.php 第 191 行.
INFO: [ app_begin ] --START--
INFO: Run Behavior\ReadHtmlCacheBehavior [ RunTime:0.000473s ]
INFO: [ app_begin ] --END-- [ RunTime:0.000503s ]
NOTIC: [2048] Declaration of Common\Model\BasicModel::save() should be compatible with Think\Model::save($data = '', $options = Array) /data/wwwroot/default/Application/Common/Model/BasicModel.class.php 第 8 行.
NOTIC: [2048] Declaration of Common\Model\BasicModel::select() should be compatible with Think\Model::select($options = Array) /data/wwwroot/default/Application/Common/Model/BasicModel.class.php 第 8 行.
NOTIC: [8] Use of undefined constant result - assumed 'result' /data/wwwroot/default/Application/Admin/Controller/CronController.class.php 第 9 行.
NOTIC: [2] Illegal string offset 'dumpmysql' /data/wwwroot/default/Application/Admin/Controller/CronController.class.php 第 9 行.
INFO: [ app_end ] --START--
INFO: Run Behavior\ShowPageTraceBehavior [ RunTime:0.000611s ]
INFO: [ app_end ] --END-- [ RunTime:0.000660s ]

[ 2017-06-20T01:52:01+08:00 ]  
INFO: [ app_init ] --START--
INFO: Run Behavior\BuildLiteBehavior [ RunTime:0.000008s ]
INFO: [ app_init ] --END-- [ RunTime:0.000359s ]
NOTIC: [8] Undefined index: REQUEST_METHOD /data/wwwroot/default/ThinkPHP/Library/Think/App.class.php 第 31 行.
NOTIC: [8] Undefined index: REQUEST_URI /data/wwwroot/default/ThinkPHP/Library/Think/Dispatcher.class.php 第 137 行.
NOTIC: [8] Use of undefined constant _PHP_FILE_ - assumed '_PHP_FILE_' /data/wwwroot/default/ThinkPHP/Library/Think/Dispatcher.class.php 第 191 行.
INFO: [ app_begin ] --START--
INFO: Run Behavior\ReadHtmlCacheBehavior [ RunTime:0.000462s ]
INFO: [ app_begin ] --END-- [ RunTime:0.000490s ]
NOTIC: [2048] Declaration of Common\Model\BasicModel::save() should be compatible with Think\Model::save($data = '', $options = Array) /data/wwwroot/default/Application/Common/Model/BasicModel.class.php 第 8 行.
NOTIC: [2048] Declaration of Common\Model\BasicModel::select() should be compatible with Think\Model::select($options = Array) /data/wwwroot/default/Application/Common/Model/BasicModel.class.php 第 8 行.
NOTIC: [8] Use of undefined constant result - assumed 'result' /data/wwwroot/default/Application/Admin/Controller/CronController.class.php 第 9 行.
NOTIC: [2] Illegal string offset 'dumpmysql' /data/wwwroot/default/Application/Admin/Controller/CronController.class.php 第 9 行.
INFO: [ app_end ] --START--
INFO: Run Behavior\ShowPageTraceBehavior [ RunTime:0.000608s ]
INFO: [ app_end ] --END-- [ RunTime:0.000656s ]

[ 2017-06-20T01:53:01+08:00 ]  
INFO: [ app_init ] --START--
INFO: Run Behavior\BuildLiteBehavior [ RunTime:0.000007s ]
INFO: [ app_init ] --END-- [ RunTime:0.000358s ]
NOTIC: [8] Undefined index: REQUEST_METHOD /data/wwwroot/default/ThinkPHP/Library/Think/App.class.php 第 31 行.
NOTIC: [8] Undefined index: REQUEST_URI /data/wwwroot/default/ThinkPHP/Library/Think/Dispatcher.class.php 第 137 行.
NOTIC: [8] Use of undefined constant _PHP_FILE_ - assumed '_PHP_FILE_' /data/wwwroot/default/ThinkPHP/Library/Think/Dispatcher.class.php 第 191 行.
INFO: [ app_begin ] --START--
INFO: Run Behavior\ReadHtmlCacheBehavior [ RunTime:0.000450s ]
INFO: [ app_begin ] --END-- [ RunTime:0.000478s ]
NOTIC: [2048] Declaration of Common\Model\BasicModel::save() should be compatible with Think\Model::save($data = '', $options = Array) /data/wwwroot/default/Application/Common/Model/BasicModel.class.php 第 8 行.
NOTIC: [2048] Declaration of Common\Model\BasicModel::select() should be compatible with Think\Model::select($options = Array) /data/wwwroot/default/Application/Common/Model/BasicModel.class.php 第 8 行.
NOTIC: [8] Use of undefined constant result - assumed 'result' /data/wwwroot/default/Application/Admin/Controller/CronController.class.php 第 9 行.
NOTIC: [2] Illegal string offset 'dumpmysql' /data/wwwroot/default/Application/Admin/Controller/CronController.class.php 第 9 行.
INFO: [ app_end ] --START--
INFO: Run Behavior\ShowPageTraceBehavior [ RunTime:0.000596s ]
INFO: [ app_end ] --END-- [ RunTime:0.000651s ]

[ 2017-06-20T01:54:01+08:00 ]  
INFO: [ app_init ] --START--
INFO: Run Behavior\BuildLiteBehavior [ RunTime:0.000007s ]
INFO: [ app_init ] --END-- [ RunTime:0.000352s ]
NOTIC: [8] Undefined index: REQUEST_METHOD /data/wwwroot/default/ThinkPHP/Library/Think/App.class.php 第 31 行.
NOTIC: [8] Undefined index: REQUEST_URI /data/wwwroot/default/ThinkPHP/Library/Think/Dispatcher.class.php 第 137 行.
NOTIC: [8] Use of undefined constant _PHP_FILE_ - assumed '_PHP_FILE_' /data/wwwroot/default/ThinkPHP/Library/Think/Dispatcher.class.php 第 191 行.
INFO: [ app_begin ] --START--
INFO: Run Behavior\ReadHtmlCacheBehavior [ RunTime:0.000452s ]
INFO: [ app_begin ] --END-- [ RunTime:0.000479s ]
NOTIC: [2048] Declaration of Common\Model\BasicModel::save() should be compatible with Think\Model::save($data = '', $options = Array) /data/wwwroot/default/Application/Common/Model/BasicModel.class.php 第 8 行.
NOTIC: [2048] Declaration of Common\Model\BasicModel::select() should be compatible with Think\Model::select($options = Array) /data/wwwroot/default/Application/Common/Model/BasicModel.class.php 第 8 行.
NOTIC: [8] Use of undefined constant result - assumed 'result' /data/wwwroot/default/Application/Admin/Controller/CronController.class.php 第 9 行.
NOTIC: [2] Illegal string offset 'dumpmysql' /data/wwwroot/default/Application/Admin/Controller/CronController.class.php 第 9 行.
INFO: [ app_end ] --START--
INFO: Run Behavior\ShowPageTraceBehavior [ RunTime:0.000595s ]
INFO: [ app_end ] --END-- [ RunTime:0.000643s ]

[ 2017-06-20T01:55:02+08:00 ]  
INFO: [ app_init ] --START--
INFO: Run Behavior\BuildLiteBehavior [ RunTime:0.000009s ]
INFO: [ app_init ] --END-- [ RunTime:0.000383s ]
NOTIC: [8] Undefined index: REQUEST_METHOD /data/wwwroot/default/ThinkPHP/Library/Think/App.class.php 第 31 行.
NOTIC: [8] Undefined index: REQUEST_URI /data/wwwroot/default/ThinkPHP/Library/Think/Dispatcher.class.php 第 137 行.
NOTIC: [8] Use of undefined constant _PHP_FILE_ - assumed '_PHP_FILE_' /data/wwwroot/default/ThinkPHP/Library/Think/Dispatcher.class.php 第 191 行.
INFO: [ app_begin ] --START--
INFO: Run Behavior\ReadHtmlCacheBehavior [ RunTime:0.000476s ]
INFO: [ app_begin ] --END-- [ RunTime:0.000505s ]
NOTIC: [2048] Declaration of Common\Model\BasicModel::save() should be compatible with Think\Model::save($data = '', $options = Array) /data/wwwroot/default/Application/Common/Model/BasicModel.class.php 第 8 行.
NOTIC: [2048] Declaration of Common\Model\BasicModel::select() should be compatible with Think\Model::select($options = Array) /data/wwwroot/default/Application/Common/Model/BasicModel.class.php 第 8 行.
NOTIC: [8] Use of undefined constant result - assumed 'result' /data/wwwroot/default/Application/Admin/Controller/CronController.class.php 第 9 行.
NOTIC: [2] Illegal string offset 'dumpmysql' /data/wwwroot/default/Application/Admin/Controller/CronController.class.php 第 9 行.
INFO: [ app_end ] --START--
INFO: Run Behavior\ShowPageTraceBehavior [ RunTime:0.000622s ]
INFO: [ app_end ] --END-- [ RunTime:0.000671s ]

[ 2017-06-20T01:56:01+08:00 ]  
INFO: [ app_init ] --START--
INFO: Run Behavior\BuildLiteBehavior [ RunTime:0.000009s ]
INFO: [ app_init ] --END-- [ RunTime:0.000353s ]
NOTIC: [8] Undefined index: REQUEST_METHOD /data/wwwroot/default/ThinkPHP/Library/Think/App.class.php 第 31 行.
NOTIC: [8] Undefined index: REQUEST_URI /data/wwwroot/default/ThinkPHP/Library/Think/Dispatcher.class.php 第 137 行.
NOTIC: [8] Use of undefined constant _PHP_FILE_ - assumed '_PHP_FILE_' /data/wwwroot/default/ThinkPHP/Library/Think/Dispatcher.class.php 第 191 行.
INFO: [ app_begin ] --START--
INFO: Run Behavior\ReadHtmlCacheBehavior [ RunTime:0.000449s ]
INFO: [ app_begin ] --END-- [ RunTime:0.000478s ]
NOTIC: [2048] Declaration of Common\Model\BasicModel::save() should be compatible with Think\Model::save($data = '', $options = Array) /data/wwwroot/default/Application/Common/Model/BasicModel.class.php 第 8 行.
NOTIC: [2048] Declaration of Common\Model\BasicModel::select() should be compatible with Think\Model::select($options = Array) /data/wwwroot/default/Application/Common/Model/BasicModel.class.php 第 8 行.
NOTIC: [8] Use of undefined constant result - assumed 'result' /data/wwwroot/default/Application/Admin/Controller/CronController.class.php 第 9 行.
NOTIC: [2] Illegal string offset 'dumpmysql' /data/wwwroot/default/Application/Admin/Controller/CronController.class.php 第 9 行.
INFO: [ app_end ] --START--
INFO: Run Behavior\ShowPageTraceBehavior [ RunTime:0.000593s ]
INFO: [ app_end ] --END-- [ RunTime:0.000642s ]

[ 2017-06-20T01:57:01+08:00 ]  
INFO: [ app_init ] --START--
INFO: Run Behavior\BuildLiteBehavior [ RunTime:0.000009s ]
INFO: [ app_init ] --END-- [ RunTime:0.000378s ]
NOTIC: [8] Undefined index: REQUEST_METHOD /data/wwwroot/default/ThinkPHP/Library/Think/App.class.php 第 31 行.
NOTIC: [8] Undefined index: REQUEST_URI /data/wwwroot/default/ThinkPHP/Library/Think/Dispatcher.class.php 第 137 行.
NOTIC: [8] Use of undefined constant _PHP_FILE_ - assumed '_PHP_FILE_' /data/wwwroot/default/ThinkPHP/Library/Think/Dispatcher.class.php 第 191 行.
INFO: [ app_begin ] --START--
INFO: Run Behavior\ReadHtmlCacheBehavior [ RunTime:0.000468s ]
INFO: [ app_begin ] --END-- [ RunTime:0.000497s ]
NOTIC: [2048] Declaration of Common\Model\BasicModel::save() should be compatible with Think\Model::save($data = '', $options = Array) /data/wwwroot/default/Application/Common/Model/BasicModel.class.php 第 8 行.
NOTIC: [2048] Declaration of Common\Model\BasicModel::select() should be compatible with Think\Model::select($options = Array) /data/wwwroot/default/Application/Common/Model/BasicModel.class.php 第 8 行.
NOTIC: [8] Use of undefined constant result - assumed 'result' /data/wwwroot/default/Application/Admin/Controller/CronController.class.php 第 9 行.
NOTIC: [2] Illegal string offset 'dumpmysql' /data/wwwroot/default/Application/Admin/Controller/CronController.class.php 第 9 行.
INFO: [ app_end ] --START--
INFO: Run Behavior\ShowPageTraceBehavior [ RunTime:0.000628s ]
INFO: [ app_end ] --END-- [ RunTime:0.000677s ]

[ 2017-06-20T01:58:01+08:00 ]  
INFO: [ app_init ] --START--
INFO: Run Behavior\BuildLiteBehavior [ RunTime:0.000007s ]
INFO: [ app_init ] --END-- [ RunTime:0.000348s ]
NOTIC: [8] Undefined index: REQUEST_METHOD /data/wwwroot/default/ThinkPHP/Library/Think/App.class.php 第 31 行.
NOTIC: [8] Undefined index: REQUEST_URI /data/wwwroot/default/ThinkPHP/Library/Think/Dispatcher.class.php 第 137 行.
NOTIC: [8] Use of undefined constant _PHP_FILE_ - assumed '_PHP_FILE_' /data/wwwroot/default/ThinkPHP/Library/Think/Dispatcher.class.php 第 191 行.
INFO: [ app_begin ] --START--
INFO: Run Behavior\ReadHtmlCacheBehavior [ RunTime:0.000451s ]
INFO: [ app_begin ] --END-- [ RunTime:0.000480s ]
NOTIC: [2048] Declaration of Common\Model\BasicModel::save() should be compatible with Think\Model::save($data = '', $options = Array) /data/wwwroot/default/Application/Common/Model/BasicModel.class.php 第 8 行.
NOTIC: [2048] Declaration of Common\Model\BasicModel::select() should be compatible with Think\Model::select($options = Array) /data/wwwroot/default/Application/Common/Model/BasicModel.class.php 第 8 行.
NOTIC: [8] Use of undefined constant result - assumed 'result' /data/wwwroot/default/Application/Admin/Controller/CronController.class.php 第 9 行.
NOTIC: [2] Illegal string offset 'dumpmysql' /data/wwwroot/default/Application/Admin/Controller/CronController.class.php 第 9 行.
INFO: [ app_end ] --START--
INFO: Run Behavior\ShowPageTraceBehavior [ RunTime:0.000611s ]
INFO: [ app_end ] --END-- [ RunTime:0.000659s ]

[ 2017-06-20T01:59:01+08:00 ]  
INFO: [ app_init ] --START--
INFO: Run Behavior\BuildLiteBehavior [ RunTime:0.000008s ]
INFO: [ app_init ] --END-- [ RunTime:0.000346s ]
NOTIC: [8] Undefined index: REQUEST_METHOD /data/wwwroot/default/ThinkPHP/Library/Think/App.class.php 第 31 行.
NOTIC: [8] Undefined index: REQUEST_URI /data/wwwroot/default/ThinkPHP/Library/Think/Dispatcher.class.php 第 137 行.
NOTIC: [8] Use of undefined constant _PHP_FILE_ - assumed '_PHP_FILE_' /data/wwwroot/default/ThinkPHP/Library/Think/Dispatcher.class.php 第 191 行.
INFO: [ app_begin ] --START--
INFO: Run Behavior\ReadHtmlCacheBehavior [ RunTime:0.000448s ]
INFO: [ app_begin ] --END-- [ RunTime:0.000475s ]
NOTIC: [2048] Declaration of Common\Model\BasicModel::save() should be compatible with Think\Model::save($data = '', $options = Array) /data/wwwroot/default/Application/Common/Model/BasicModel.class.php 第 8 行.
NOTIC: [2048] Declaration of Common\Model\BasicModel::select() should be compatible with Think\Model::select($options = Array) /data/wwwroot/default/Application/Common/Model/BasicModel.class.php 第 8 行.
NOTIC: [8] Use of undefined constant result - assumed 'result' /data/wwwroot/default/Application/Admin/Controller/CronController.class.php 第 9 行.
NOTIC: [2] Illegal string offset 'dumpmysql' /data/wwwroot/default/Application/Admin/Controller/CronController.class.php 第 9 行.
INFO: [ app_end ] --START--
INFO: Run Behavior\ShowPageTraceBehavior [ RunTime:0.000607s ]
INFO: [ app_end ] --END-- [ RunTime:0.000655s ]

