[ 2017-06-04T00:04:55+08:00 ] 172.16.67.0 /admin.php?c=content&a=index
INFO: [ app_init ] --START--
INFO: Run Behavior\BuildLiteBehavior [ RunTime:0.000020s ]
INFO: [ app_init ] --END-- [ RunTime:0.001076s ]
INFO: [ app_begin ] --START--
INFO: Run Behavior\ReadHtmlCacheBehavior [ RunTime:0.001458s ]
INFO: [ app_begin ] --END-- [ RunTime:0.001542s ]
NOTIC: [2048] Declaration of Admin\Controller\ContentController::setStatus() should be compatible with Admin\Controller\CommonController::setStatus($data, $models) /data/webroot/Application/Admin/Controller/ContentController.class.php 第 12 行.
NOTIC: [2048] Declaration of Admin\Controller\ContentController::listorder() should be compatible with Admin\Controller\CommonController::listorder($model = '') /data/webroot/Application/Admin/Controller/ContentController.class.php 第 12 行.
NOTIC: [8] Undefined index: title /data/webroot/Application/Admin/Controller/ContentController.class.php 第 16 行.
NOTIC: [8] Undefined index: catid /data/webroot/Application/Admin/Controller/ContentController.class.php 第 20 行.
NOTIC: [8] Undefined index: p /data/webroot/Application/Admin/Controller/ContentController.class.php 第 27 行.
NOTIC: [2048] Declaration of Common\Model\NewsModel::find() should be compatible with Think\Model::find($options = Array) /data/webroot/Application/Common/Model/NewsModel.class.php 第 8 行.
SQL: SHOW COLUMNS FROM `cms_news` [ RunTime:0.0009s ]
SQL: SELECT * FROM `cms_news` WHERE `status` <> -1 ORDER BY listorder desc, news_id desc LIMIT 0,10   [ RunTime:0.0007s ]
SQL: SELECT COUNT(*) AS tp_count FROM `cms_news` WHERE `status` <> -1 LIMIT 1   [ RunTime:0.0003s ]
NOTIC: [2048] Declaration of Common\Model\PositionModel::find() should be compatible with Think\Model::find($options = Array) /data/webroot/Application/Common/Model/PositionModel.class.php 第 63 行.
SQL: SHOW COLUMNS FROM `cms_position` [ RunTime:0.0017s ]
SQL: SELECT * FROM `cms_position` WHERE `status` <> -1 ORDER BY id  [ RunTime:0.0144s ]
NOTIC: [2048] Declaration of Common\Model\MenuModel::find() should be compatible with Think\Model::find($options = Array) /data/webroot/Application/Common/Model/MenuModel.class.php 第 95 行.
SQL: SHOW COLUMNS FROM `cms_menu` [ RunTime:0.0006s ]
SQL: SELECT * FROM `cms_menu` WHERE `status` = 1 AND `type` = 0 ORDER BY listorder desc,menu_id desc  [ RunTime:0.0006s ]
INFO: [ view_parse ] --START--
INFO: [ template_filter ] --START--
INFO: Run Behavior\ContentReplaceBehavior [ RunTime:0.000048s ]
INFO: [ template_filter ] --END-- [ RunTime:0.000086s ]
SQL: SELECT * FROM `cms_menu` WHERE `status` <> -1 AND `type` = 1 ORDER BY listorder desc,menu_id desc  [ RunTime:0.0005s ]
NOTIC: [8] Undefined variable: title /data/webroot/Application/Runtime/Cache/Admin/ccc9ced3ad798311a07cb47b740981c5.php 第 126 行.
INFO: Run Behavior\ParseTemplateBehavior [ RunTime:0.055245s ]
INFO: [ view_parse ] --END-- [ RunTime:0.055289s ]
INFO: [ view_filter ] --START--
INFO: Run Behavior\WriteHtmlCacheBehavior [ RunTime:0.000886s ]
INFO: [ view_filter ] --END-- [ RunTime:0.000921s ]
INFO: [ app_end ] --START--
INFO: Run Behavior\ShowPageTraceBehavior [ RunTime:0.001612s ]
INFO: [ app_end ] --END-- [ RunTime:0.001659s ]

[ 2017-06-04T00:05:02+08:00 ] 172.16.67.0 /admin.php?m=Admin&c=Content&a=index&p=2
INFO: [ app_init ] --START--
INFO: Run Behavior\BuildLiteBehavior [ RunTime:0.000027s ]
INFO: [ app_init ] --END-- [ RunTime:0.000558s ]
INFO: [ app_begin ] --START--
INFO: Run Behavior\ReadHtmlCacheBehavior [ RunTime:0.000457s ]
INFO: [ app_begin ] --END-- [ RunTime:0.000517s ]
NOTIC: [2048] Declaration of Admin\Controller\ContentController::setStatus() should be compatible with Admin\Controller\CommonController::setStatus($data, $models) /data/webroot/Application/Admin/Controller/ContentController.class.php 第 12 行.
NOTIC: [2048] Declaration of Admin\Controller\ContentController::listorder() should be compatible with Admin\Controller\CommonController::listorder($model = '') /data/webroot/Application/Admin/Controller/ContentController.class.php 第 12 行.
NOTIC: [8] Undefined index: title /data/webroot/Application/Admin/Controller/ContentController.class.php 第 16 行.
NOTIC: [8] Undefined index: catid /data/webroot/Application/Admin/Controller/ContentController.class.php 第 20 行.
NOTIC: [2048] Declaration of Common\Model\NewsModel::find() should be compatible with Think\Model::find($options = Array) /data/webroot/Application/Common/Model/NewsModel.class.php 第 8 行.
SQL: SHOW COLUMNS FROM `cms_news` [ RunTime:0.0009s ]
SQL: SELECT * FROM `cms_news` WHERE `status` <> -1 ORDER BY listorder desc, news_id desc LIMIT 10,10   [ RunTime:0.0006s ]
SQL: SELECT COUNT(*) AS tp_count FROM `cms_news` WHERE `status` <> -1 LIMIT 1   [ RunTime:0.0003s ]
NOTIC: [2048] Declaration of Common\Model\PositionModel::find() should be compatible with Think\Model::find($options = Array) /data/webroot/Application/Common/Model/PositionModel.class.php 第 63 行.
SQL: SHOW COLUMNS FROM `cms_position` [ RunTime:0.0077s ]
SQL: SELECT * FROM `cms_position` WHERE `status` <> -1 ORDER BY id  [ RunTime:0.0004s ]
NOTIC: [2048] Declaration of Common\Model\MenuModel::find() should be compatible with Think\Model::find($options = Array) /data/webroot/Application/Common/Model/MenuModel.class.php 第 95 行.
SQL: SHOW COLUMNS FROM `cms_menu` [ RunTime:0.0007s ]
SQL: SELECT * FROM `cms_menu` WHERE `status` = 1 AND `type` = 0 ORDER BY listorder desc,menu_id desc  [ RunTime:0.0003s ]
INFO: [ view_parse ] --START--
INFO: [ template_filter ] --START--
INFO: Run Behavior\ContentReplaceBehavior [ RunTime:0.000055s ]
INFO: [ template_filter ] --END-- [ RunTime:0.000114s ]
SQL: SELECT * FROM `cms_menu` WHERE `status` <> -1 AND `type` = 1 ORDER BY listorder desc,menu_id desc  [ RunTime:0.0006s ]
NOTIC: [8] Undefined variable: title /data/webroot/Application/Runtime/Cache/Admin/ccc9ced3ad798311a07cb47b740981c5.php 第 126 行.
INFO: Run Behavior\ParseTemplateBehavior [ RunTime:0.024988s ]
INFO: [ view_parse ] --END-- [ RunTime:0.025032s ]
INFO: [ view_filter ] --START--
INFO: Run Behavior\WriteHtmlCacheBehavior [ RunTime:0.000367s ]
INFO: [ view_filter ] --END-- [ RunTime:0.000441s ]
INFO: [ app_end ] --START--
INFO: Run Behavior\ShowPageTraceBehavior [ RunTime:0.000582s ]
INFO: [ app_end ] --END-- [ RunTime:0.000642s ]

[ 2017-06-04T00:05:10+08:00 ] 172.16.67.0 /admin.php?c=position&a=index
INFO: [ app_init ] --START--
INFO: Run Behavior\BuildLiteBehavior [ RunTime:0.000015s ]
INFO: [ app_init ] --END-- [ RunTime:0.000349s ]
INFO: [ app_begin ] --START--
INFO: Run Behavior\ReadHtmlCacheBehavior [ RunTime:0.000469s ]
INFO: [ app_begin ] --END-- [ RunTime:0.000532s ]
NOTIC: [2048] Declaration of Admin\Controller\PositionController::setStatus() should be compatible with Admin\Controller\CommonController::setStatus($data, $models) /data/webroot/Application/Admin/Controller/PositionController.class.php 第 6 行.
NOTIC: [2048] Declaration of Common\Model\PositionModel::find() should be compatible with Think\Model::find($options = Array) /data/webroot/Application/Common/Model/PositionModel.class.php 第 8 行.
SQL: SHOW COLUMNS FROM `cms_position` [ RunTime:0.0016s ]
SQL: SELECT * FROM `cms_position` WHERE `status` <> -1 ORDER BY id  [ RunTime:0.0003s ]
INFO: [ view_parse ] --START--
INFO: [ template_filter ] --START--
INFO: Run Behavior\ContentReplaceBehavior [ RunTime:0.000052s ]
INFO: [ template_filter ] --END-- [ RunTime:0.000114s ]
NOTIC: [2048] Declaration of Common\Model\MenuModel::find() should be compatible with Think\Model::find($options = Array) /data/webroot/Application/Common/Model/MenuModel.class.php 第 95 行.
SQL: SHOW COLUMNS FROM `cms_menu` [ RunTime:0.0009s ]
SQL: SELECT * FROM `cms_menu` WHERE `status` <> -1 AND `type` = 1 ORDER BY listorder desc,menu_id desc  [ RunTime:0.0003s ]
INFO: Run Behavior\ParseTemplateBehavior [ RunTime:1.382478s ]
INFO: [ view_parse ] --END-- [ RunTime:1.382523s ]
INFO: [ view_filter ] --START--
INFO: Run Behavior\WriteHtmlCacheBehavior [ RunTime:0.000265s ]
INFO: [ view_filter ] --END-- [ RunTime:0.000322s ]
INFO: [ app_end ] --START--
INFO: Run Behavior\ShowPageTraceBehavior [ RunTime:0.000530s ]
INFO: [ app_end ] --END-- [ RunTime:0.000574s ]

[ 2017-06-04T00:05:16+08:00 ] 172.16.67.0 /admin.php?c=menu&a=index
INFO: [ app_init ] --START--
INFO: Run Behavior\BuildLiteBehavior [ RunTime:0.000015s ]
INFO: [ app_init ] --END-- [ RunTime:0.000414s ]
INFO: [ app_begin ] --START--
INFO: Run Behavior\ReadHtmlCacheBehavior [ RunTime:0.000403s ]
INFO: [ app_begin ] --END-- [ RunTime:0.000447s ]
NOTIC: [2048] Declaration of Admin\Controller\MenuController::setStatus() should be compatible with Admin\Controller\CommonController::setStatus($data, $models) /data/webroot/Application/Admin/Controller/MenuController.class.php 第 5 行.
NOTIC: [2048] Declaration of Admin\Controller\MenuController::listorder() should be compatible with Admin\Controller\CommonController::listorder($model = '') /data/webroot/Application/Admin/Controller/MenuController.class.php 第 5 行.
NOTIC: [8] Undefined index: p /data/webroot/Application/Admin/Controller/MenuController.class.php 第 47 行.
NOTIC: [8] Undefined index: pageSize /data/webroot/Application/Admin/Controller/MenuController.class.php 第 48 行.
NOTIC: [2048] Declaration of Common\Model\MenuModel::find() should be compatible with Think\Model::find($options = Array) /data/webroot/Application/Common/Model/MenuModel.class.php 第 6 行.
SQL: SHOW COLUMNS FROM `cms_menu` [ RunTime:0.0007s ]
SQL: SELECT * FROM `cms_menu` WHERE `status` <> -1 ORDER BY listorder desc,menu_id desc LIMIT 0,3   [ RunTime:0.0003s ]
SQL: SELECT COUNT(*) AS tp_count FROM `cms_menu` WHERE `status` <> -1 LIMIT 1   [ RunTime:0.0002s ]
INFO: [ view_parse ] --START--
INFO: [ template_filter ] --START--
INFO: Run Behavior\ContentReplaceBehavior [ RunTime:0.000043s ]
INFO: [ template_filter ] --END-- [ RunTime:0.000086s ]
SQL: SELECT * FROM `cms_menu` WHERE `status` <> -1 AND `type` = 1 ORDER BY listorder desc,menu_id desc  [ RunTime:0.0005s ]
NOTIC: [8] Array to string conversion /data/webroot/Application/Runtime/Cache/Admin/b956215329b6f9aca22277599a4efdfc.php 第 101 行.
INFO: Run Behavior\ParseTemplateBehavior [ RunTime:0.043029s ]
INFO: [ view_parse ] --END-- [ RunTime:0.043074s ]
INFO: [ view_filter ] --START--
INFO: Run Behavior\WriteHtmlCacheBehavior [ RunTime:0.000280s ]
INFO: [ view_filter ] --END-- [ RunTime:0.000331s ]
INFO: [ app_end ] --START--
INFO: Run Behavior\ShowPageTraceBehavior [ RunTime:0.000553s ]
INFO: [ app_end ] --END-- [ RunTime:0.000599s ]

[ 2017-06-04T00:05:19+08:00 ] 172.16.67.0 /admin.php?c=positioncontent&a=index
INFO: [ app_init ] --START--
INFO: Run Behavior\BuildLiteBehavior [ RunTime:0.000014s ]
INFO: [ app_init ] --END-- [ RunTime:0.000376s ]
INFO: [ app_begin ] --START--
INFO: Run Behavior\ReadHtmlCacheBehavior [ RunTime:0.000408s ]
INFO: [ app_begin ] --END-- [ RunTime:0.000453s ]
NOTIC: [2048] Declaration of Admin\Controller\PositionContentController::setStatus() should be compatible with Admin\Controller\CommonController::setStatus($data, $models) /data/webroot/Application/Admin/Controller/PositioncontentController.class.php 第 6 行.
NOTIC: [2048] Declaration of Admin\Controller\PositionContentController::listorder() should be compatible with Admin\Controller\CommonController::listorder($model = '') /data/webroot/Application/Admin/Controller/PositioncontentController.class.php 第 6 行.
NOTIC: [2048] Declaration of Common\Model\PositionModel::find() should be compatible with Think\Model::find($options = Array) /data/webroot/Application/Common/Model/PositionModel.class.php 第 8 行.
SQL: SHOW COLUMNS FROM `cms_position` [ RunTime:0.0011s ]
SQL: SELECT * FROM `cms_position` WHERE `status` <> -1 ORDER BY id  [ RunTime:0.0004s ]
NOTIC: [8] Undefined index: title /data/webroot/Application/Admin/Controller/PositioncontentController.class.php 第 12 行.
NOTIC: [8] Undefined index: position_id /data/webroot/Application/Admin/Controller/PositioncontentController.class.php 第 15 行.
NOTIC: [8] Undefined index: position_id /data/webroot/Application/Admin/Controller/PositioncontentController.class.php 第 18 行.
NOTIC: [2048] Declaration of Common\Model\PositionContentModel::find() should be compatible with Think\Model::find($options = Array) /data/webroot/Application/Common/Model/PositionContentModel.class.php 第 72 行.
SQL: SHOW COLUMNS FROM `cms_position_content` [ RunTime:0.0011s ]
NOTIC: [8] Undefined index: title /data/webroot/Application/Common/Model/PositionContentModel.class.php 第 25 行.
SQL: SELECT * FROM `cms_position_content` WHERE `status` <> -1 AND `position_id` = 2 ORDER BY listorder desc,id desc  [ RunTime:0.0007s ]
NOTIC: [8] Undefined index: title /data/webroot/Application/Admin/Controller/PositioncontentController.class.php 第 21 行.
INFO: [ view_parse ] --START--
INFO: [ template_filter ] --START--
INFO: Run Behavior\ContentReplaceBehavior [ RunTime:0.000057s ]
INFO: [ template_filter ] --END-- [ RunTime:0.000111s ]
NOTIC: [2048] Declaration of Common\Model\MenuModel::find() should be compatible with Think\Model::find($options = Array) /data/webroot/Application/Common/Model/MenuModel.class.php 第 95 行.
SQL: SHOW COLUMNS FROM `cms_menu` [ RunTime:0.0008s ]
SQL: SELECT * FROM `cms_menu` WHERE `status` <> -1 AND `type` = 1 ORDER BY listorder desc,menu_id desc  [ RunTime:0.0004s ]
NOTIC: [8] Undefined variable: position_id /data/webroot/Application/Runtime/Cache/Admin/b8a8b9d170e6c07d7b463ea02385894d.php 第 113 行.
NOTIC: [8] Undefined variable: position_id /data/webroot/Application/Runtime/Cache/Admin/b8a8b9d170e6c07d7b463ea02385894d.php 第 113 行.
NOTIC: [8] Undefined variable: position_id /data/webroot/Application/Runtime/Cache/Admin/b8a8b9d170e6c07d7b463ea02385894d.php 第 113 行.
NOTIC: [8] Undefined variable: position_id /data/webroot/Application/Runtime/Cache/Admin/b8a8b9d170e6c07d7b463ea02385894d.php 第 113 行.
INFO: Run Behavior\ParseTemplateBehavior [ RunTime:0.047748s ]
INFO: [ view_parse ] --END-- [ RunTime:0.047793s ]
INFO: [ view_filter ] --START--
INFO: Run Behavior\WriteHtmlCacheBehavior [ RunTime:0.000328s ]
INFO: [ view_filter ] --END-- [ RunTime:0.000393s ]
INFO: [ app_end ] --START--
INFO: Run Behavior\ShowPageTraceBehavior [ RunTime:0.000589s ]
INFO: [ app_end ] --END-- [ RunTime:0.000640s ]

[ 2017-06-04T00:05:26+08:00 ] 172.16.67.0 /admin.php?c=positioncontent&a=setStatus
INFO: [ app_init ] --START--
INFO: Run Behavior\BuildLiteBehavior [ RunTime:0.000016s ]
INFO: [ app_init ] --END-- [ RunTime:0.000430s ]
INFO: [ app_begin ] --START--
INFO: Run Behavior\ReadHtmlCacheBehavior [ RunTime:0.000446s ]
INFO: [ app_begin ] --END-- [ RunTime:0.000503s ]
NOTIC: [2048] Declaration of Admin\Controller\PositionContentController::setStatus() should be compatible with Admin\Controller\CommonController::setStatus($data, $models) /data/webroot/Application/Admin/Controller/PositioncontentController.class.php 第 6 行.
NOTIC: [2048] Declaration of Admin\Controller\PositionContentController::listorder() should be compatible with Admin\Controller\CommonController::listorder($model = '') /data/webroot/Application/Admin/Controller/PositioncontentController.class.php 第 6 行.
NOTIC: [2048] Declaration of Common\Model\PositionContentModel::find() should be compatible with Think\Model::find($options = Array) /data/webroot/Application/Common/Model/PositionContentModel.class.php 第 8 行.
SQL: SHOW COLUMNS FROM `cms_position_content` [ RunTime:0.0006s ]
SQL: UPDATE `cms_position_content` SET `status`='-1' WHERE ( id=40 ) [ RunTime:0.0136s ]

[ 2017-06-04T00:05:27+08:00 ] 172.16.67.0 /admin.php?c=positioncontent&a=index
INFO: [ app_init ] --START--
INFO: Run Behavior\BuildLiteBehavior [ RunTime:0.000020s ]
INFO: [ app_init ] --END-- [ RunTime:0.000377s ]
INFO: [ app_begin ] --START--
INFO: Run Behavior\ReadHtmlCacheBehavior [ RunTime:0.000425s ]
INFO: [ app_begin ] --END-- [ RunTime:0.000480s ]
NOTIC: [2048] Declaration of Admin\Controller\PositionContentController::setStatus() should be compatible with Admin\Controller\CommonController::setStatus($data, $models) /data/webroot/Application/Admin/Controller/PositioncontentController.class.php 第 6 行.
NOTIC: [2048] Declaration of Admin\Controller\PositionContentController::listorder() should be compatible with Admin\Controller\CommonController::listorder($model = '') /data/webroot/Application/Admin/Controller/PositioncontentController.class.php 第 6 行.
NOTIC: [2048] Declaration of Common\Model\PositionModel::find() should be compatible with Think\Model::find($options = Array) /data/webroot/Application/Common/Model/PositionModel.class.php 第 8 行.
SQL: SHOW COLUMNS FROM `cms_position` [ RunTime:0.0014s ]
SQL: SELECT * FROM `cms_position` WHERE `status` <> -1 ORDER BY id  [ RunTime:0.0004s ]
NOTIC: [8] Undefined index: title /data/webroot/Application/Admin/Controller/PositioncontentController.class.php 第 12 行.
NOTIC: [8] Undefined index: position_id /data/webroot/Application/Admin/Controller/PositioncontentController.class.php 第 15 行.
NOTIC: [8] Undefined index: position_id /data/webroot/Application/Admin/Controller/PositioncontentController.class.php 第 18 行.
NOTIC: [2048] Declaration of Common\Model\PositionContentModel::find() should be compatible with Think\Model::find($options = Array) /data/webroot/Application/Common/Model/PositionContentModel.class.php 第 72 行.
SQL: SHOW COLUMNS FROM `cms_position_content` [ RunTime:0.0006s ]
NOTIC: [8] Undefined index: title /data/webroot/Application/Common/Model/PositionContentModel.class.php 第 25 行.
SQL: SELECT * FROM `cms_position_content` WHERE `status` <> -1 AND `position_id` = 2 ORDER BY listorder desc,id desc  [ RunTime:0.0003s ]
NOTIC: [8] Undefined index: title /data/webroot/Application/Admin/Controller/PositioncontentController.class.php 第 21 行.
INFO: [ view_parse ] --START--
INFO: [ template_filter ] --START--
INFO: Run Behavior\ContentReplaceBehavior [ RunTime:0.000052s ]
INFO: [ template_filter ] --END-- [ RunTime:0.000094s ]
NOTIC: [2048] Declaration of Common\Model\MenuModel::find() should be compatible with Think\Model::find($options = Array) /data/webroot/Application/Common/Model/MenuModel.class.php 第 95 行.
SQL: SHOW COLUMNS FROM `cms_menu` [ RunTime:0.0005s ]
SQL: SELECT * FROM `cms_menu` WHERE `status` <> -1 AND `type` = 1 ORDER BY listorder desc,menu_id desc  [ RunTime:0.0003s ]
NOTIC: [8] Undefined variable: position_id /data/webroot/Application/Runtime/Cache/Admin/b8a8b9d170e6c07d7b463ea02385894d.php 第 113 行.
NOTIC: [8] Undefined variable: position_id /data/webroot/Application/Runtime/Cache/Admin/b8a8b9d170e6c07d7b463ea02385894d.php 第 113 行.
NOTIC: [8] Undefined variable: position_id /data/webroot/Application/Runtime/Cache/Admin/b8a8b9d170e6c07d7b463ea02385894d.php 第 113 行.
NOTIC: [8] Undefined variable: position_id /data/webroot/Application/Runtime/Cache/Admin/b8a8b9d170e6c07d7b463ea02385894d.php 第 113 行.
INFO: Run Behavior\ParseTemplateBehavior [ RunTime:0.017000s ]
INFO: [ view_parse ] --END-- [ RunTime:0.017046s ]
INFO: [ view_filter ] --START--
INFO: Run Behavior\WriteHtmlCacheBehavior [ RunTime:0.000234s ]
INFO: [ view_filter ] --END-- [ RunTime:0.000285s ]
INFO: [ app_end ] --START--
INFO: Run Behavior\ShowPageTraceBehavior [ RunTime:0.000814s ]
INFO: [ app_end ] --END-- [ RunTime:0.000882s ]

[ 2017-06-04T00:05:30+08:00 ] 172.16.67.0 /admin.php?c=positioncontent&a=setStatus
INFO: [ app_init ] --START--
INFO: Run Behavior\BuildLiteBehavior [ RunTime:0.000015s ]
INFO: [ app_init ] --END-- [ RunTime:0.000491s ]
INFO: [ app_begin ] --START--
INFO: Run Behavior\ReadHtmlCacheBehavior [ RunTime:0.000604s ]
INFO: [ app_begin ] --END-- [ RunTime:0.000671s ]
NOTIC: [2048] Declaration of Admin\Controller\PositionContentController::setStatus() should be compatible with Admin\Controller\CommonController::setStatus($data, $models) /data/webroot/Application/Admin/Controller/PositioncontentController.class.php 第 6 行.
NOTIC: [2048] Declaration of Admin\Controller\PositionContentController::listorder() should be compatible with Admin\Controller\CommonController::listorder($model = '') /data/webroot/Application/Admin/Controller/PositioncontentController.class.php 第 6 行.
NOTIC: [2048] Declaration of Common\Model\PositionContentModel::find() should be compatible with Think\Model::find($options = Array) /data/webroot/Application/Common/Model/PositionContentModel.class.php 第 8 行.
SQL: SHOW COLUMNS FROM `cms_position_content` [ RunTime:0.0007s ]
SQL: UPDATE `cms_position_content` SET `status`='-1' WHERE ( id=35 ) [ RunTime:0.0008s ]

[ 2017-06-04T00:05:31+08:00 ] 172.16.67.0 /admin.php?c=positioncontent&a=index
INFO: [ app_init ] --START--
INFO: Run Behavior\BuildLiteBehavior [ RunTime:0.000016s ]
INFO: [ app_init ] --END-- [ RunTime:0.000387s ]
INFO: [ app_begin ] --START--
INFO: Run Behavior\ReadHtmlCacheBehavior [ RunTime:0.000824s ]
INFO: [ app_begin ] --END-- [ RunTime:0.000894s ]
NOTIC: [2048] Declaration of Admin\Controller\PositionContentController::setStatus() should be compatible with Admin\Controller\CommonController::setStatus($data, $models) /data/webroot/Application/Admin/Controller/PositioncontentController.class.php 第 6 行.
NOTIC: [2048] Declaration of Admin\Controller\PositionContentController::listorder() should be compatible with Admin\Controller\CommonController::listorder($model = '') /data/webroot/Application/Admin/Controller/PositioncontentController.class.php 第 6 行.
NOTIC: [2048] Declaration of Common\Model\PositionModel::find() should be compatible with Think\Model::find($options = Array) /data/webroot/Application/Common/Model/PositionModel.class.php 第 8 行.
SQL: SHOW COLUMNS FROM `cms_position` [ RunTime:0.0012s ]
SQL: SELECT * FROM `cms_position` WHERE `status` <> -1 ORDER BY id  [ RunTime:0.0003s ]
NOTIC: [8] Undefined index: title /data/webroot/Application/Admin/Controller/PositioncontentController.class.php 第 12 行.
NOTIC: [8] Undefined index: position_id /data/webroot/Application/Admin/Controller/PositioncontentController.class.php 第 15 行.
NOTIC: [8] Undefined index: position_id /data/webroot/Application/Admin/Controller/PositioncontentController.class.php 第 18 行.
NOTIC: [2048] Declaration of Common\Model\PositionContentModel::find() should be compatible with Think\Model::find($options = Array) /data/webroot/Application/Common/Model/PositionContentModel.class.php 第 72 行.
SQL: SHOW COLUMNS FROM `cms_position_content` [ RunTime:0.0026s ]
NOTIC: [8] Undefined index: title /data/webroot/Application/Common/Model/PositionContentModel.class.php 第 25 行.
SQL: SELECT * FROM `cms_position_content` WHERE `status` <> -1 AND `position_id` = 2 ORDER BY listorder desc,id desc  [ RunTime:0.0003s ]
NOTIC: [8] Undefined index: title /data/webroot/Application/Admin/Controller/PositioncontentController.class.php 第 21 行.
INFO: [ view_parse ] --START--
INFO: [ template_filter ] --START--
INFO: Run Behavior\ContentReplaceBehavior [ RunTime:0.000049s ]
INFO: [ template_filter ] --END-- [ RunTime:0.000091s ]
NOTIC: [2048] Declaration of Common\Model\MenuModel::find() should be compatible with Think\Model::find($options = Array) /data/webroot/Application/Common/Model/MenuModel.class.php 第 95 行.
SQL: SHOW COLUMNS FROM `cms_menu` [ RunTime:0.0007s ]
SQL: SELECT * FROM `cms_menu` WHERE `status` <> -1 AND `type` = 1 ORDER BY listorder desc,menu_id desc  [ RunTime:0.0003s ]
NOTIC: [8] Undefined variable: position_id /data/webroot/Application/Runtime/Cache/Admin/b8a8b9d170e6c07d7b463ea02385894d.php 第 113 行.
NOTIC: [8] Undefined variable: position_id /data/webroot/Application/Runtime/Cache/Admin/b8a8b9d170e6c07d7b463ea02385894d.php 第 113 行.
NOTIC: [8] Undefined variable: position_id /data/webroot/Application/Runtime/Cache/Admin/b8a8b9d170e6c07d7b463ea02385894d.php 第 113 行.
NOTIC: [8] Undefined variable: position_id /data/webroot/Application/Runtime/Cache/Admin/b8a8b9d170e6c07d7b463ea02385894d.php 第 113 行.
INFO: Run Behavior\ParseTemplateBehavior [ RunTime:0.018498s ]
INFO: [ view_parse ] --END-- [ RunTime:0.018537s ]
INFO: [ view_filter ] --START--
INFO: Run Behavior\WriteHtmlCacheBehavior [ RunTime:0.000410s ]
INFO: [ view_filter ] --END-- [ RunTime:0.000455s ]
INFO: [ app_end ] --START--
INFO: Run Behavior\ShowPageTraceBehavior [ RunTime:0.000473s ]
INFO: [ app_end ] --END-- [ RunTime:0.000522s ]

[ 2017-06-04T00:05:33+08:00 ] 172.16.67.0 /admin.php?c=positioncontent&a=setStatus
INFO: [ app_init ] --START--
INFO: Run Behavior\BuildLiteBehavior [ RunTime:0.000020s ]
INFO: [ app_init ] --END-- [ RunTime:0.000440s ]
INFO: [ app_begin ] --START--
INFO: Run Behavior\ReadHtmlCacheBehavior [ RunTime:0.000766s ]
INFO: [ app_begin ] --END-- [ RunTime:0.000827s ]
NOTIC: [2048] Declaration of Admin\Controller\PositionContentController::setStatus() should be compatible with Admin\Controller\CommonController::setStatus($data, $models) /data/webroot/Application/Admin/Controller/PositioncontentController.class.php 第 6 行.
NOTIC: [2048] Declaration of Admin\Controller\PositionContentController::listorder() should be compatible with Admin\Controller\CommonController::listorder($model = '') /data/webroot/Application/Admin/Controller/PositioncontentController.class.php 第 6 行.
NOTIC: [2048] Declaration of Common\Model\PositionContentModel::find() should be compatible with Think\Model::find($options = Array) /data/webroot/Application/Common/Model/PositionContentModel.class.php 第 8 行.
SQL: SHOW COLUMNS FROM `cms_position_content` [ RunTime:0.0006s ]
SQL: UPDATE `cms_position_content` SET `status`='-1' WHERE ( id=38 ) [ RunTime:0.0004s ]

[ 2017-06-04T00:05:34+08:00 ] 172.16.67.0 /admin.php?c=positioncontent&a=index
INFO: [ app_init ] --START--
INFO: Run Behavior\BuildLiteBehavior [ RunTime:0.000020s ]
INFO: [ app_init ] --END-- [ RunTime:0.000416s ]
INFO: [ app_begin ] --START--
INFO: Run Behavior\ReadHtmlCacheBehavior [ RunTime:0.000576s ]
INFO: [ app_begin ] --END-- [ RunTime:0.000651s ]
NOTIC: [2048] Declaration of Admin\Controller\PositionContentController::setStatus() should be compatible with Admin\Controller\CommonController::setStatus($data, $models) /data/webroot/Application/Admin/Controller/PositioncontentController.class.php 第 6 行.
NOTIC: [2048] Declaration of Admin\Controller\PositionContentController::listorder() should be compatible with Admin\Controller\CommonController::listorder($model = '') /data/webroot/Application/Admin/Controller/PositioncontentController.class.php 第 6 行.
NOTIC: [2048] Declaration of Common\Model\PositionModel::find() should be compatible with Think\Model::find($options = Array) /data/webroot/Application/Common/Model/PositionModel.class.php 第 8 行.
SQL: SHOW COLUMNS FROM `cms_position` [ RunTime:0.0008s ]
SQL: SELECT * FROM `cms_position` WHERE `status` <> -1 ORDER BY id  [ RunTime:0.0003s ]
NOTIC: [8] Undefined index: title /data/webroot/Application/Admin/Controller/PositioncontentController.class.php 第 12 行.
NOTIC: [8] Undefined index: position_id /data/webroot/Application/Admin/Controller/PositioncontentController.class.php 第 15 行.
NOTIC: [8] Undefined index: position_id /data/webroot/Application/Admin/Controller/PositioncontentController.class.php 第 18 行.
NOTIC: [2048] Declaration of Common\Model\PositionContentModel::find() should be compatible with Think\Model::find($options = Array) /data/webroot/Application/Common/Model/PositionContentModel.class.php 第 72 行.
SQL: SHOW COLUMNS FROM `cms_position_content` [ RunTime:0.0005s ]
NOTIC: [8] Undefined index: title /data/webroot/Application/Common/Model/PositionContentModel.class.php 第 25 行.
SQL: SELECT * FROM `cms_position_content` WHERE `status` <> -1 AND `position_id` = 2 ORDER BY listorder desc,id desc  [ RunTime:0.0007s ]
NOTIC: [8] Undefined index: title /data/webroot/Application/Admin/Controller/PositioncontentController.class.php 第 21 行.
INFO: [ view_parse ] --START--
INFO: [ template_filter ] --START--
INFO: Run Behavior\ContentReplaceBehavior [ RunTime:0.000084s ]
INFO: [ template_filter ] --END-- [ RunTime:0.000187s ]
NOTIC: [2048] Declaration of Common\Model\MenuModel::find() should be compatible with Think\Model::find($options = Array) /data/webroot/Application/Common/Model/MenuModel.class.php 第 95 行.
SQL: SHOW COLUMNS FROM `cms_menu` [ RunTime:0.0008s ]
SQL: SELECT * FROM `cms_menu` WHERE `status` <> -1 AND `type` = 1 ORDER BY listorder desc,menu_id desc  [ RunTime:0.0003s ]
NOTIC: [8] Undefined variable: position_id /data/webroot/Application/Runtime/Cache/Admin/b8a8b9d170e6c07d7b463ea02385894d.php 第 113 行.
NOTIC: [8] Undefined variable: position_id /data/webroot/Application/Runtime/Cache/Admin/b8a8b9d170e6c07d7b463ea02385894d.php 第 113 行.
NOTIC: [8] Undefined variable: position_id /data/webroot/Application/Runtime/Cache/Admin/b8a8b9d170e6c07d7b463ea02385894d.php 第 113 行.
NOTIC: [8] Undefined variable: position_id /data/webroot/Application/Runtime/Cache/Admin/b8a8b9d170e6c07d7b463ea02385894d.php 第 113 行.
INFO: Run Behavior\ParseTemplateBehavior [ RunTime:0.114750s ]
INFO: [ view_parse ] --END-- [ RunTime:0.114792s ]
INFO: [ view_filter ] --START--
INFO: Run Behavior\WriteHtmlCacheBehavior [ RunTime:0.000268s ]
INFO: [ view_filter ] --END-- [ RunTime:0.000330s ]
INFO: [ app_end ] --START--
INFO: Run Behavior\ShowPageTraceBehavior [ RunTime:0.000658s ]
INFO: [ app_end ] --END-- [ RunTime:0.000716s ]

[ 2017-06-04T00:05:36+08:00 ] 172.16.67.0 /admin.php?c=positioncontent&a=setStatus
INFO: [ app_init ] --START--
INFO: Run Behavior\BuildLiteBehavior [ RunTime:0.000117s ]
INFO: [ app_init ] --END-- [ RunTime:0.000962s ]
INFO: [ app_begin ] --START--
INFO: Run Behavior\ReadHtmlCacheBehavior [ RunTime:0.000537s ]
INFO: [ app_begin ] --END-- [ RunTime:0.000606s ]
NOTIC: [2048] Declaration of Admin\Controller\PositionContentController::setStatus() should be compatible with Admin\Controller\CommonController::setStatus($data, $models) /data/webroot/Application/Admin/Controller/PositioncontentController.class.php 第 6 行.
NOTIC: [2048] Declaration of Admin\Controller\PositionContentController::listorder() should be compatible with Admin\Controller\CommonController::listorder($model = '') /data/webroot/Application/Admin/Controller/PositioncontentController.class.php 第 6 行.
NOTIC: [2048] Declaration of Common\Model\PositionContentModel::find() should be compatible with Think\Model::find($options = Array) /data/webroot/Application/Common/Model/PositionContentModel.class.php 第 8 行.
SQL: SHOW COLUMNS FROM `cms_position_content` [ RunTime:0.0008s ]
SQL: UPDATE `cms_position_content` SET `status`='-1' WHERE ( id=37 ) [ RunTime:0.0011s ]

[ 2017-06-04T00:05:37+08:00 ] 172.16.67.0 /admin.php?c=positioncontent&a=index
INFO: [ app_init ] --START--
INFO: Run Behavior\BuildLiteBehavior [ RunTime:0.000018s ]
INFO: [ app_init ] --END-- [ RunTime:0.000477s ]
INFO: [ app_begin ] --START--
INFO: Run Behavior\ReadHtmlCacheBehavior [ RunTime:0.000444s ]
INFO: [ app_begin ] --END-- [ RunTime:0.000500s ]
NOTIC: [2048] Declaration of Admin\Controller\PositionContentController::setStatus() should be compatible with Admin\Controller\CommonController::setStatus($data, $models) /data/webroot/Application/Admin/Controller/PositioncontentController.class.php 第 6 行.
NOTIC: [2048] Declaration of Admin\Controller\PositionContentController::listorder() should be compatible with Admin\Controller\CommonController::listorder($model = '') /data/webroot/Application/Admin/Controller/PositioncontentController.class.php 第 6 行.
NOTIC: [2048] Declaration of Common\Model\PositionModel::find() should be compatible with Think\Model::find($options = Array) /data/webroot/Application/Common/Model/PositionModel.class.php 第 8 行.
SQL: SHOW COLUMNS FROM `cms_position` [ RunTime:0.0009s ]
SQL: SELECT * FROM `cms_position` WHERE `status` <> -1 ORDER BY id  [ RunTime:0.0004s ]
NOTIC: [8] Undefined index: title /data/webroot/Application/Admin/Controller/PositioncontentController.class.php 第 12 行.
NOTIC: [8] Undefined index: position_id /data/webroot/Application/Admin/Controller/PositioncontentController.class.php 第 15 行.
NOTIC: [8] Undefined index: position_id /data/webroot/Application/Admin/Controller/PositioncontentController.class.php 第 18 行.
NOTIC: [2048] Declaration of Common\Model\PositionContentModel::find() should be compatible with Think\Model::find($options = Array) /data/webroot/Application/Common/Model/PositionContentModel.class.php 第 72 行.
SQL: SHOW COLUMNS FROM `cms_position_content` [ RunTime:0.0004s ]
NOTIC: [8] Undefined index: title /data/webroot/Application/Common/Model/PositionContentModel.class.php 第 25 行.
SQL: SELECT * FROM `cms_position_content` WHERE `status` <> -1 AND `position_id` = 2 ORDER BY listorder desc,id desc  [ RunTime:0.0003s ]
NOTIC: [8] Undefined index: title /data/webroot/Application/Admin/Controller/PositioncontentController.class.php 第 21 行.
INFO: [ view_parse ] --START--
INFO: [ template_filter ] --START--
INFO: Run Behavior\ContentReplaceBehavior [ RunTime:0.000177s ]
INFO: [ template_filter ] --END-- [ RunTime:0.000309s ]
NOTIC: [2048] Declaration of Common\Model\MenuModel::find() should be compatible with Think\Model::find($options = Array) /data/webroot/Application/Common/Model/MenuModel.class.php 第 95 行.
SQL: SHOW COLUMNS FROM `cms_menu` [ RunTime:0.0007s ]
SQL: SELECT * FROM `cms_menu` WHERE `status` <> -1 AND `type` = 1 ORDER BY listorder desc,menu_id desc  [ RunTime:0.0004s ]
NOTIC: [8] Undefined variable: position_id /data/webroot/Application/Runtime/Cache/Admin/b8a8b9d170e6c07d7b463ea02385894d.php 第 113 行.
NOTIC: [8] Undefined variable: position_id /data/webroot/Application/Runtime/Cache/Admin/b8a8b9d170e6c07d7b463ea02385894d.php 第 113 行.
NOTIC: [8] Undefined variable: position_id /data/webroot/Application/Runtime/Cache/Admin/b8a8b9d170e6c07d7b463ea02385894d.php 第 113 行.
NOTIC: [8] Undefined variable: position_id /data/webroot/Application/Runtime/Cache/Admin/b8a8b9d170e6c07d7b463ea02385894d.php 第 113 行.
INFO: Run Behavior\ParseTemplateBehavior [ RunTime:0.027326s ]
INFO: [ view_parse ] --END-- [ RunTime:0.027367s ]
INFO: [ view_filter ] --START--
INFO: Run Behavior\WriteHtmlCacheBehavior [ RunTime:0.000374s ]
INFO: [ view_filter ] --END-- [ RunTime:0.000450s ]
INFO: [ app_end ] --START--
INFO: Run Behavior\ShowPageTraceBehavior [ RunTime:0.000703s ]
INFO: [ app_end ] --END-- [ RunTime:0.000786s ]

[ 2017-06-04T00:05:39+08:00 ] 172.16.67.0 /admin.php?c=positioncontent&a=setStatus
INFO: [ app_init ] --START--
INFO: Run Behavior\BuildLiteBehavior [ RunTime:0.000018s ]
INFO: [ app_init ] --END-- [ RunTime:0.000402s ]
INFO: [ app_begin ] --START--
INFO: Run Behavior\ReadHtmlCacheBehavior [ RunTime:0.000431s ]
INFO: [ app_begin ] --END-- [ RunTime:0.000480s ]
NOTIC: [2048] Declaration of Admin\Controller\PositionContentController::setStatus() should be compatible with Admin\Controller\CommonController::setStatus($data, $models) /data/webroot/Application/Admin/Controller/PositioncontentController.class.php 第 6 行.
NOTIC: [2048] Declaration of Admin\Controller\PositionContentController::listorder() should be compatible with Admin\Controller\CommonController::listorder($model = '') /data/webroot/Application/Admin/Controller/PositioncontentController.class.php 第 6 行.
NOTIC: [2048] Declaration of Common\Model\PositionContentModel::find() should be compatible with Think\Model::find($options = Array) /data/webroot/Application/Common/Model/PositionContentModel.class.php 第 8 行.
SQL: SHOW COLUMNS FROM `cms_position_content` [ RunTime:0.0007s ]
SQL: UPDATE `cms_position_content` SET `status`='-1' WHERE ( id=36 ) [ RunTime:0.0010s ]

[ 2017-06-04T00:05:40+08:00 ] 172.16.67.0 /admin.php?c=positioncontent&a=index
INFO: [ app_init ] --START--
INFO: Run Behavior\BuildLiteBehavior [ RunTime:0.000018s ]
INFO: [ app_init ] --END-- [ RunTime:0.000371s ]
INFO: [ app_begin ] --START--
INFO: Run Behavior\ReadHtmlCacheBehavior [ RunTime:0.000495s ]
INFO: [ app_begin ] --END-- [ RunTime:0.000546s ]
NOTIC: [2048] Declaration of Admin\Controller\PositionContentController::setStatus() should be compatible with Admin\Controller\CommonController::setStatus($data, $models) /data/webroot/Application/Admin/Controller/PositioncontentController.class.php 第 6 行.
NOTIC: [2048] Declaration of Admin\Controller\PositionContentController::listorder() should be compatible with Admin\Controller\CommonController::listorder($model = '') /data/webroot/Application/Admin/Controller/PositioncontentController.class.php 第 6 行.
NOTIC: [2048] Declaration of Common\Model\PositionModel::find() should be compatible with Think\Model::find($options = Array) /data/webroot/Application/Common/Model/PositionModel.class.php 第 8 行.
SQL: SHOW COLUMNS FROM `cms_position` [ RunTime:0.0012s ]
SQL: SELECT * FROM `cms_position` WHERE `status` <> -1 ORDER BY id  [ RunTime:0.0003s ]
NOTIC: [8] Undefined index: title /data/webroot/Application/Admin/Controller/PositioncontentController.class.php 第 12 行.
NOTIC: [8] Undefined index: position_id /data/webroot/Application/Admin/Controller/PositioncontentController.class.php 第 15 行.
NOTIC: [8] Undefined index: position_id /data/webroot/Application/Admin/Controller/PositioncontentController.class.php 第 18 行.
NOTIC: [2048] Declaration of Common\Model\PositionContentModel::find() should be compatible with Think\Model::find($options = Array) /data/webroot/Application/Common/Model/PositionContentModel.class.php 第 72 行.
SQL: SHOW COLUMNS FROM `cms_position_content` [ RunTime:0.0004s ]
NOTIC: [8] Undefined index: title /data/webroot/Application/Common/Model/PositionContentModel.class.php 第 25 行.
SQL: SELECT * FROM `cms_position_content` WHERE `status` <> -1 AND `position_id` = 2 ORDER BY listorder desc,id desc  [ RunTime:0.0003s ]
NOTIC: [8] Undefined index: title /data/webroot/Application/Admin/Controller/PositioncontentController.class.php 第 21 行.
INFO: [ view_parse ] --START--
INFO: [ template_filter ] --START--
INFO: Run Behavior\ContentReplaceBehavior [ RunTime:0.000047s ]
INFO: [ template_filter ] --END-- [ RunTime:0.000087s ]
NOTIC: [2048] Declaration of Common\Model\MenuModel::find() should be compatible with Think\Model::find($options = Array) /data/webroot/Application/Common/Model/MenuModel.class.php 第 95 行.
SQL: SHOW COLUMNS FROM `cms_menu` [ RunTime:0.0005s ]
SQL: SELECT * FROM `cms_menu` WHERE `status` <> -1 AND `type` = 1 ORDER BY listorder desc,menu_id desc  [ RunTime:0.0003s ]
NOTIC: [8] Undefined variable: position_id /data/webroot/Application/Runtime/Cache/Admin/b8a8b9d170e6c07d7b463ea02385894d.php 第 113 行.
NOTIC: [8] Undefined variable: position_id /data/webroot/Application/Runtime/Cache/Admin/b8a8b9d170e6c07d7b463ea02385894d.php 第 113 行.
NOTIC: [8] Undefined variable: position_id /data/webroot/Application/Runtime/Cache/Admin/b8a8b9d170e6c07d7b463ea02385894d.php 第 113 行.
NOTIC: [8] Undefined variable: position_id /data/webroot/Application/Runtime/Cache/Admin/b8a8b9d170e6c07d7b463ea02385894d.php 第 113 行.
INFO: Run Behavior\ParseTemplateBehavior [ RunTime:0.018459s ]
INFO: [ view_parse ] --END-- [ RunTime:0.018503s ]
INFO: [ view_filter ] --START--
INFO: Run Behavior\WriteHtmlCacheBehavior [ RunTime:0.000237s ]
INFO: [ view_filter ] --END-- [ RunTime:0.000304s ]
INFO: [ app_end ] --START--
INFO: Run Behavior\ShowPageTraceBehavior [ RunTime:0.000523s ]
INFO: [ app_end ] --END-- [ RunTime:0.000581s ]

[ 2017-06-04T00:05:42+08:00 ] 172.16.67.0 /admin.php?c=positioncontent&a=setStatus
INFO: [ app_init ] --START--
INFO: Run Behavior\BuildLiteBehavior [ RunTime:0.000024s ]
INFO: [ app_init ] --END-- [ RunTime:0.000438s ]
INFO: [ app_begin ] --START--
INFO: Run Behavior\ReadHtmlCacheBehavior [ RunTime:0.001664s ]
INFO: [ app_begin ] --END-- [ RunTime:0.001755s ]
NOTIC: [2048] Declaration of Admin\Controller\PositionContentController::setStatus() should be compatible with Admin\Controller\CommonController::setStatus($data, $models) /data/webroot/Application/Admin/Controller/PositioncontentController.class.php 第 6 行.
NOTIC: [2048] Declaration of Admin\Controller\PositionContentController::listorder() should be compatible with Admin\Controller\CommonController::listorder($model = '') /data/webroot/Application/Admin/Controller/PositioncontentController.class.php 第 6 行.
NOTIC: [2048] Declaration of Common\Model\PositionContentModel::find() should be compatible with Think\Model::find($options = Array) /data/webroot/Application/Common/Model/PositionContentModel.class.php 第 8 行.
SQL: SHOW COLUMNS FROM `cms_position_content` [ RunTime:0.0007s ]
SQL: UPDATE `cms_position_content` SET `status`='-1' WHERE ( id=34 ) [ RunTime:0.0216s ]

[ 2017-06-04T00:05:44+08:00 ] 172.16.67.0 /admin.php?c=positioncontent&a=index
INFO: [ app_init ] --START--
INFO: Run Behavior\BuildLiteBehavior [ RunTime:0.000017s ]
INFO: [ app_init ] --END-- [ RunTime:0.000596s ]
INFO: [ app_begin ] --START--
INFO: Run Behavior\ReadHtmlCacheBehavior [ RunTime:0.000645s ]
INFO: [ app_begin ] --END-- [ RunTime:0.000695s ]
NOTIC: [2048] Declaration of Admin\Controller\PositionContentController::setStatus() should be compatible with Admin\Controller\CommonController::setStatus($data, $models) /data/webroot/Application/Admin/Controller/PositioncontentController.class.php 第 6 行.
NOTIC: [2048] Declaration of Admin\Controller\PositionContentController::listorder() should be compatible with Admin\Controller\CommonController::listorder($model = '') /data/webroot/Application/Admin/Controller/PositioncontentController.class.php 第 6 行.
NOTIC: [2048] Declaration of Common\Model\PositionModel::find() should be compatible with Think\Model::find($options = Array) /data/webroot/Application/Common/Model/PositionModel.class.php 第 8 行.
SQL: SHOW COLUMNS FROM `cms_position` [ RunTime:0.0007s ]
SQL: SELECT * FROM `cms_position` WHERE `status` <> -1 ORDER BY id  [ RunTime:0.0003s ]
NOTIC: [8] Undefined index: title /data/webroot/Application/Admin/Controller/PositioncontentController.class.php 第 12 行.
NOTIC: [8] Undefined index: position_id /data/webroot/Application/Admin/Controller/PositioncontentController.class.php 第 15 行.
NOTIC: [8] Undefined index: position_id /data/webroot/Application/Admin/Controller/PositioncontentController.class.php 第 18 行.
NOTIC: [2048] Declaration of Common\Model\PositionContentModel::find() should be compatible with Think\Model::find($options = Array) /data/webroot/Application/Common/Model/PositionContentModel.class.php 第 72 行.
SQL: SHOW COLUMNS FROM `cms_position_content` [ RunTime:0.0004s ]
NOTIC: [8] Undefined index: title /data/webroot/Application/Common/Model/PositionContentModel.class.php 第 25 行.
SQL: SELECT * FROM `cms_position_content` WHERE `status` <> -1 AND `position_id` = 2 ORDER BY listorder desc,id desc  [ RunTime:0.0003s ]
NOTIC: [8] Undefined index: title /data/webroot/Application/Admin/Controller/PositioncontentController.class.php 第 21 行.
INFO: [ view_parse ] --START--
INFO: [ template_filter ] --START--
INFO: Run Behavior\ContentReplaceBehavior [ RunTime:0.000066s ]
INFO: [ template_filter ] --END-- [ RunTime:0.000143s ]
NOTIC: [2048] Declaration of Common\Model\MenuModel::find() should be compatible with Think\Model::find($options = Array) /data/webroot/Application/Common/Model/MenuModel.class.php 第 95 行.
SQL: SHOW COLUMNS FROM `cms_menu` [ RunTime:0.0009s ]
SQL: SELECT * FROM `cms_menu` WHERE `status` <> -1 AND `type` = 1 ORDER BY listorder desc,menu_id desc  [ RunTime:0.0004s ]
NOTIC: [8] Undefined variable: position_id /data/webroot/Application/Runtime/Cache/Admin/b8a8b9d170e6c07d7b463ea02385894d.php 第 113 行.
NOTIC: [8] Undefined variable: position_id /data/webroot/Application/Runtime/Cache/Admin/b8a8b9d170e6c07d7b463ea02385894d.php 第 113 行.
NOTIC: [8] Undefined variable: position_id /data/webroot/Application/Runtime/Cache/Admin/b8a8b9d170e6c07d7b463ea02385894d.php 第 113 行.
NOTIC: [8] Undefined variable: position_id /data/webroot/Application/Runtime/Cache/Admin/b8a8b9d170e6c07d7b463ea02385894d.php 第 113 行.
INFO: Run Behavior\ParseTemplateBehavior [ RunTime:0.130222s ]
INFO: [ view_parse ] --END-- [ RunTime:0.130263s ]
INFO: [ view_filter ] --START--
INFO: Run Behavior\WriteHtmlCacheBehavior [ RunTime:0.000668s ]
INFO: [ view_filter ] --END-- [ RunTime:0.000731s ]
INFO: [ app_end ] --START--
INFO: Run Behavior\ShowPageTraceBehavior [ RunTime:0.000791s ]
INFO: [ app_end ] --END-- [ RunTime:0.000837s ]

[ 2017-06-04T00:05:47+08:00 ] 172.16.67.0 /admin.php?position_id=3&c=positioncontent&a=index&title=
INFO: [ app_init ] --START--
INFO: Run Behavior\BuildLiteBehavior [ RunTime:0.000016s ]
INFO: [ app_init ] --END-- [ RunTime:0.000389s ]
INFO: [ app_begin ] --START--
INFO: Run Behavior\ReadHtmlCacheBehavior [ RunTime:0.000475s ]
INFO: [ app_begin ] --END-- [ RunTime:0.000531s ]
NOTIC: [2048] Declaration of Admin\Controller\PositionContentController::setStatus() should be compatible with Admin\Controller\CommonController::setStatus($data, $models) /data/webroot/Application/Admin/Controller/PositioncontentController.class.php 第 6 行.
NOTIC: [2048] Declaration of Admin\Controller\PositionContentController::listorder() should be compatible with Admin\Controller\CommonController::listorder($model = '') /data/webroot/Application/Admin/Controller/PositioncontentController.class.php 第 6 行.
NOTIC: [2048] Declaration of Common\Model\PositionModel::find() should be compatible with Think\Model::find($options = Array) /data/webroot/Application/Common/Model/PositionModel.class.php 第 8 行.
SQL: SHOW COLUMNS FROM `cms_position` [ RunTime:0.0006s ]
SQL: SELECT * FROM `cms_position` WHERE `status` <> -1 ORDER BY id  [ RunTime:0.0003s ]
NOTIC: [2048] Declaration of Common\Model\PositionContentModel::find() should be compatible with Think\Model::find($options = Array) /data/webroot/Application/Common/Model/PositionContentModel.class.php 第 72 行.
SQL: SHOW COLUMNS FROM `cms_position_content` [ RunTime:0.0004s ]
NOTIC: [8] Undefined index: title /data/webroot/Application/Common/Model/PositionContentModel.class.php 第 25 行.
SQL: SELECT * FROM `cms_position_content` WHERE `status` <> -1 AND `position_id` = 3 ORDER BY listorder desc,id desc  [ RunTime:0.0006s ]
INFO: [ view_parse ] --START--
INFO: [ template_filter ] --START--
INFO: Run Behavior\ContentReplaceBehavior [ RunTime:0.000047s ]
INFO: [ template_filter ] --END-- [ RunTime:0.000086s ]
NOTIC: [2048] Declaration of Common\Model\MenuModel::find() should be compatible with Think\Model::find($options = Array) /data/webroot/Application/Common/Model/MenuModel.class.php 第 95 行.
SQL: SHOW COLUMNS FROM `cms_menu` [ RunTime:0.0006s ]
SQL: SELECT * FROM `cms_menu` WHERE `status` <> -1 AND `type` = 1 ORDER BY listorder desc,menu_id desc  [ RunTime:0.0003s ]
INFO: Run Behavior\ParseTemplateBehavior [ RunTime:0.024068s ]
INFO: [ view_parse ] --END-- [ RunTime:0.024106s ]
INFO: [ view_filter ] --START--
INFO: Run Behavior\WriteHtmlCacheBehavior [ RunTime:0.000236s ]
INFO: [ view_filter ] --END-- [ RunTime:0.000286s ]
INFO: [ app_end ] --START--
INFO: Run Behavior\ShowPageTraceBehavior [ RunTime:0.000804s ]
INFO: [ app_end ] --END-- [ RunTime:0.000857s ]

[ 2017-06-04T00:05:56+08:00 ] 172.16.67.0 /admin.php?position_id=5&c=positioncontent&a=index&title=
INFO: [ app_init ] --START--
INFO: Run Behavior\BuildLiteBehavior [ RunTime:0.000018s ]
INFO: [ app_init ] --END-- [ RunTime:0.000382s ]
INFO: [ app_begin ] --START--
INFO: Run Behavior\ReadHtmlCacheBehavior [ RunTime:0.000429s ]
INFO: [ app_begin ] --END-- [ RunTime:0.000483s ]
NOTIC: [2048] Declaration of Admin\Controller\PositionContentController::setStatus() should be compatible with Admin\Controller\CommonController::setStatus($data, $models) /data/webroot/Application/Admin/Controller/PositioncontentController.class.php 第 6 行.
NOTIC: [2048] Declaration of Admin\Controller\PositionContentController::listorder() should be compatible with Admin\Controller\CommonController::listorder($model = '') /data/webroot/Application/Admin/Controller/PositioncontentController.class.php 第 6 行.
NOTIC: [2048] Declaration of Common\Model\PositionModel::find() should be compatible with Think\Model::find($options = Array) /data/webroot/Application/Common/Model/PositionModel.class.php 第 8 行.
SQL: SHOW COLUMNS FROM `cms_position` [ RunTime:0.0006s ]
SQL: SELECT * FROM `cms_position` WHERE `status` <> -1 ORDER BY id  [ RunTime:0.0005s ]
NOTIC: [2048] Declaration of Common\Model\PositionContentModel::find() should be compatible with Think\Model::find($options = Array) /data/webroot/Application/Common/Model/PositionContentModel.class.php 第 72 行.
SQL: SHOW COLUMNS FROM `cms_position_content` [ RunTime:0.0004s ]
NOTIC: [8] Undefined index: title /data/webroot/Application/Common/Model/PositionContentModel.class.php 第 25 行.
SQL: SELECT * FROM `cms_position_content` WHERE `status` <> -1 AND `position_id` = 5 ORDER BY listorder desc,id desc  [ RunTime:0.0006s ]
INFO: [ view_parse ] --START--
INFO: [ template_filter ] --START--
INFO: Run Behavior\ContentReplaceBehavior [ RunTime:0.000048s ]
INFO: [ template_filter ] --END-- [ RunTime:0.000090s ]
NOTIC: [2048] Declaration of Common\Model\MenuModel::find() should be compatible with Think\Model::find($options = Array) /data/webroot/Application/Common/Model/MenuModel.class.php 第 95 行.
SQL: SHOW COLUMNS FROM `cms_menu` [ RunTime:0.0005s ]
SQL: SELECT * FROM `cms_menu` WHERE `status` <> -1 AND `type` = 1 ORDER BY listorder desc,menu_id desc  [ RunTime:0.0005s ]
INFO: Run Behavior\ParseTemplateBehavior [ RunTime:0.017846s ]
INFO: [ view_parse ] --END-- [ RunTime:0.017895s ]
INFO: [ view_filter ] --START--
INFO: Run Behavior\WriteHtmlCacheBehavior [ RunTime:0.000202s ]
INFO: [ view_filter ] --END-- [ RunTime:0.000241s ]
INFO: [ app_end ] --START--
INFO: Run Behavior\ShowPageTraceBehavior [ RunTime:0.000535s ]
INFO: [ app_end ] --END-- [ RunTime:0.000585s ]

[ 2017-06-04T00:06:00+08:00 ] 172.16.67.0 /admin.php?c=content&a=index
INFO: [ app_init ] --START--
INFO: Run Behavior\BuildLiteBehavior [ RunTime:0.000023s ]
INFO: [ app_init ] --END-- [ RunTime:0.000386s ]
INFO: [ app_begin ] --START--
INFO: Run Behavior\ReadHtmlCacheBehavior [ RunTime:0.000542s ]
INFO: [ app_begin ] --END-- [ RunTime:0.000603s ]
NOTIC: [2048] Declaration of Admin\Controller\ContentController::setStatus() should be compatible with Admin\Controller\CommonController::setStatus($data, $models) /data/webroot/Application/Admin/Controller/ContentController.class.php 第 12 行.
NOTIC: [2048] Declaration of Admin\Controller\ContentController::listorder() should be compatible with Admin\Controller\CommonController::listorder($model = '') /data/webroot/Application/Admin/Controller/ContentController.class.php 第 12 行.
NOTIC: [8] Undefined index: title /data/webroot/Application/Admin/Controller/ContentController.class.php 第 16 行.
NOTIC: [8] Undefined index: catid /data/webroot/Application/Admin/Controller/ContentController.class.php 第 20 行.
NOTIC: [8] Undefined index: p /data/webroot/Application/Admin/Controller/ContentController.class.php 第 27 行.
NOTIC: [2048] Declaration of Common\Model\NewsModel::find() should be compatible with Think\Model::find($options = Array) /data/webroot/Application/Common/Model/NewsModel.class.php 第 8 行.
SQL: SHOW COLUMNS FROM `cms_news` [ RunTime:0.0007s ]
SQL: SELECT * FROM `cms_news` WHERE `status` <> -1 ORDER BY listorder desc, news_id desc LIMIT 0,10   [ RunTime:0.0006s ]
SQL: SELECT COUNT(*) AS tp_count FROM `cms_news` WHERE `status` <> -1 LIMIT 1   [ RunTime:0.0002s ]
NOTIC: [2048] Declaration of Common\Model\PositionModel::find() should be compatible with Think\Model::find($options = Array) /data/webroot/Application/Common/Model/PositionModel.class.php 第 63 行.
SQL: SHOW COLUMNS FROM `cms_position` [ RunTime:0.0010s ]
SQL: SELECT * FROM `cms_position` WHERE `status` <> -1 ORDER BY id  [ RunTime:0.0004s ]
NOTIC: [2048] Declaration of Common\Model\MenuModel::find() should be compatible with Think\Model::find($options = Array) /data/webroot/Application/Common/Model/MenuModel.class.php 第 95 行.
SQL: SHOW COLUMNS FROM `cms_menu` [ RunTime:0.0006s ]
SQL: SELECT * FROM `cms_menu` WHERE `status` = 1 AND `type` = 0 ORDER BY listorder desc,menu_id desc  [ RunTime:0.0003s ]
INFO: [ view_parse ] --START--
INFO: [ template_filter ] --START--
INFO: Run Behavior\ContentReplaceBehavior [ RunTime:0.000058s ]
INFO: [ template_filter ] --END-- [ RunTime:0.000107s ]
SQL: SELECT * FROM `cms_menu` WHERE `status` <> -1 AND `type` = 1 ORDER BY listorder desc,menu_id desc  [ RunTime:0.0005s ]
NOTIC: [8] Undefined variable: title /data/webroot/Application/Runtime/Cache/Admin/ccc9ced3ad798311a07cb47b740981c5.php 第 126 行.
INFO: Run Behavior\ParseTemplateBehavior [ RunTime:0.038505s ]
INFO: [ view_parse ] --END-- [ RunTime:0.038554s ]
INFO: [ view_filter ] --START--
INFO: Run Behavior\WriteHtmlCacheBehavior [ RunTime:0.000206s ]
INFO: [ view_filter ] --END-- [ RunTime:0.000243s ]
INFO: [ app_end ] --START--
INFO: Run Behavior\ShowPageTraceBehavior [ RunTime:0.000615s ]
INFO: [ app_end ] --END-- [ RunTime:0.000693s ]

[ 2017-06-04T00:06:10+08:00 ] 172.16.67.0 /admin.php?c=content&a=edit&id=33
INFO: [ app_init ] --START--
INFO: Run Behavior\BuildLiteBehavior [ RunTime:0.000020s ]
INFO: [ app_init ] --END-- [ RunTime:0.000400s ]
INFO: [ app_begin ] --START--
INFO: Run Behavior\ReadHtmlCacheBehavior [ RunTime:0.000762s ]
INFO: [ app_begin ] --END-- [ RunTime:0.000826s ]
NOTIC: [2048] Declaration of Admin\Controller\ContentController::setStatus() should be compatible with Admin\Controller\CommonController::setStatus($data, $models) /data/webroot/Application/Admin/Controller/ContentController.class.php 第 12 行.
NOTIC: [2048] Declaration of Admin\Controller\ContentController::listorder() should be compatible with Admin\Controller\CommonController::listorder($model = '') /data/webroot/Application/Admin/Controller/ContentController.class.php 第 12 行.
NOTIC: [2048] Declaration of Common\Model\NewsModel::find() should be compatible with Think\Model::find($options = Array) /data/webroot/Application/Common/Model/NewsModel.class.php 第 8 行.
SQL: SHOW COLUMNS FROM `cms_news` [ RunTime:0.0007s ]
SQL: SELECT * FROM `cms_news` WHERE ( news_id=33 ) LIMIT 1   [ RunTime:0.1099s ]
NOTIC: [2048] Declaration of Common\Model\NewsContentModel::find() should be compatible with Think\Model::find($options = Array) /data/webroot/Application/Common/Model/NewsContentModel.class.php 第 46 行.
SQL: SHOW COLUMNS FROM `cms_news_content` [ RunTime:0.0038s ]
SQL: SELECT * FROM `cms_news_content` WHERE ( news_id=33 ) LIMIT 1   [ RunTime:0.0003s ]
NOTIC: [2048] Declaration of Common\Model\MenuModel::find() should be compatible with Think\Model::find($options = Array) /data/webroot/Application/Common/Model/MenuModel.class.php 第 95 行.
SQL: SHOW COLUMNS FROM `cms_menu` [ RunTime:0.0007s ]
SQL: SELECT * FROM `cms_menu` WHERE `status` = 1 AND `type` = 0 ORDER BY listorder desc,menu_id desc  [ RunTime:0.0003s ]
INFO: [ view_parse ] --START--
INFO: [ template_filter ] --START--
INFO: Run Behavior\ContentReplaceBehavior [ RunTime:0.000066s ]
INFO: [ template_filter ] --END-- [ RunTime:0.000150s ]
SQL: SELECT * FROM `cms_menu` WHERE `status` <> -1 AND `type` = 1 ORDER BY listorder desc,menu_id desc  [ RunTime:0.0007s ]
NOTIC: [8] Undefined index: content /data/webroot/Application/Runtime/Cache/Admin/c9346596b4ea11ecbab575e85e082471.php 第 167 行.
INFO: Run Behavior\ParseTemplateBehavior [ RunTime:0.219721s ]
INFO: [ view_parse ] --END-- [ RunTime:0.219793s ]
INFO: [ view_filter ] --START--
INFO: Run Behavior\WriteHtmlCacheBehavior [ RunTime:0.000286s ]
INFO: [ view_filter ] --END-- [ RunTime:0.000337s ]
INFO: [ app_end ] --START--
INFO: Run Behavior\ShowPageTraceBehavior [ RunTime:0.000726s ]
INFO: [ app_end ] --END-- [ RunTime:0.000809s ]

[ 2017-06-04T00:06:54+08:00 ] 172.16.67.0 /admin.php?c=positioncontent&a=index
INFO: [ app_init ] --START--
INFO: Run Behavior\BuildLiteBehavior [ RunTime:0.000017s ]
INFO: [ app_init ] --END-- [ RunTime:0.000654s ]
INFO: [ app_begin ] --START--
INFO: Run Behavior\ReadHtmlCacheBehavior [ RunTime:0.000500s ]
INFO: [ app_begin ] --END-- [ RunTime:0.000562s ]
NOTIC: [2048] Declaration of Admin\Controller\PositionContentController::setStatus() should be compatible with Admin\Controller\CommonController::setStatus($data, $models) /data/webroot/Application/Admin/Controller/PositioncontentController.class.php 第 6 行.
NOTIC: [2048] Declaration of Admin\Controller\PositionContentController::listorder() should be compatible with Admin\Controller\CommonController::listorder($model = '') /data/webroot/Application/Admin/Controller/PositioncontentController.class.php 第 6 行.
NOTIC: [2048] Declaration of Common\Model\PositionModel::find() should be compatible with Think\Model::find($options = Array) /data/webroot/Application/Common/Model/PositionModel.class.php 第 8 行.
SQL: SHOW COLUMNS FROM `cms_position` [ RunTime:0.0006s ]
SQL: SELECT * FROM `cms_position` WHERE `status` <> -1 ORDER BY id  [ RunTime:0.0006s ]
NOTIC: [8] Undefined index: title /data/webroot/Application/Admin/Controller/PositioncontentController.class.php 第 12 行.
NOTIC: [8] Undefined index: position_id /data/webroot/Application/Admin/Controller/PositioncontentController.class.php 第 15 行.
NOTIC: [8] Undefined index: position_id /data/webroot/Application/Admin/Controller/PositioncontentController.class.php 第 18 行.
NOTIC: [2048] Declaration of Common\Model\PositionContentModel::find() should be compatible with Think\Model::find($options = Array) /data/webroot/Application/Common/Model/PositionContentModel.class.php 第 72 行.
SQL: SHOW COLUMNS FROM `cms_position_content` [ RunTime:0.0004s ]
NOTIC: [8] Undefined index: title /data/webroot/Application/Common/Model/PositionContentModel.class.php 第 25 行.
SQL: SELECT * FROM `cms_position_content` WHERE `status` <> -1 AND `position_id` = 2 ORDER BY listorder desc,id desc  [ RunTime:0.0005s ]
NOTIC: [8] Undefined index: title /data/webroot/Application/Admin/Controller/PositioncontentController.class.php 第 21 行.
INFO: [ view_parse ] --START--
INFO: [ template_filter ] --START--
INFO: Run Behavior\ContentReplaceBehavior [ RunTime:0.000053s ]
INFO: [ template_filter ] --END-- [ RunTime:0.000098s ]
NOTIC: [2048] Declaration of Common\Model\MenuModel::find() should be compatible with Think\Model::find($options = Array) /data/webroot/Application/Common/Model/MenuModel.class.php 第 95 行.
SQL: SHOW COLUMNS FROM `cms_menu` [ RunTime:0.0007s ]
SQL: SELECT * FROM `cms_menu` WHERE `status` <> -1 AND `type` = 1 ORDER BY listorder desc,menu_id desc  [ RunTime:0.0004s ]
NOTIC: [8] Undefined variable: position_id /data/webroot/Application/Runtime/Cache/Admin/b8a8b9d170e6c07d7b463ea02385894d.php 第 113 行.
NOTIC: [8] Undefined variable: position_id /data/webroot/Application/Runtime/Cache/Admin/b8a8b9d170e6c07d7b463ea02385894d.php 第 113 行.
NOTIC: [8] Undefined variable: position_id /data/webroot/Application/Runtime/Cache/Admin/b8a8b9d170e6c07d7b463ea02385894d.php 第 113 行.
NOTIC: [8] Undefined variable: position_id /data/webroot/Application/Runtime/Cache/Admin/b8a8b9d170e6c07d7b463ea02385894d.php 第 113 行.
INFO: Run Behavior\ParseTemplateBehavior [ RunTime:0.025237s ]
INFO: [ view_parse ] --END-- [ RunTime:0.025285s ]
INFO: [ view_filter ] --START--
INFO: Run Behavior\WriteHtmlCacheBehavior [ RunTime:0.000287s ]
INFO: [ view_filter ] --END-- [ RunTime:0.000385s ]
INFO: [ app_end ] --START--
INFO: Run Behavior\ShowPageTraceBehavior [ RunTime:0.000531s ]
INFO: [ app_end ] --END-- [ RunTime:0.000577s ]

[ 2017-06-04T00:07:14+08:00 ] 172.16.67.0 /admin.php?c=content&a=index
INFO: [ app_init ] --START--
INFO: Run Behavior\BuildLiteBehavior [ RunTime:0.000019s ]
INFO: [ app_init ] --END-- [ RunTime:0.000397s ]
INFO: [ app_begin ] --START--
INFO: Run Behavior\ReadHtmlCacheBehavior [ RunTime:0.000472s ]
INFO: [ app_begin ] --END-- [ RunTime:0.000531s ]
NOTIC: [2048] Declaration of Admin\Controller\ContentController::setStatus() should be compatible with Admin\Controller\CommonController::setStatus($data, $models) /data/webroot/Application/Admin/Controller/ContentController.class.php 第 12 行.
NOTIC: [2048] Declaration of Admin\Controller\ContentController::listorder() should be compatible with Admin\Controller\CommonController::listorder($model = '') /data/webroot/Application/Admin/Controller/ContentController.class.php 第 12 行.
NOTIC: [8] Undefined index: title /data/webroot/Application/Admin/Controller/ContentController.class.php 第 16 行.
NOTIC: [8] Undefined index: catid /data/webroot/Application/Admin/Controller/ContentController.class.php 第 20 行.
NOTIC: [8] Undefined index: p /data/webroot/Application/Admin/Controller/ContentController.class.php 第 27 行.
NOTIC: [2048] Declaration of Common\Model\NewsModel::find() should be compatible with Think\Model::find($options = Array) /data/webroot/Application/Common/Model/NewsModel.class.php 第 8 行.
SQL: SHOW COLUMNS FROM `cms_news` [ RunTime:0.0007s ]
SQL: SELECT * FROM `cms_news` WHERE `status` <> -1 ORDER BY listorder desc, news_id desc LIMIT 0,10   [ RunTime:0.0006s ]
SQL: SELECT COUNT(*) AS tp_count FROM `cms_news` WHERE `status` <> -1 LIMIT 1   [ RunTime:0.0002s ]
NOTIC: [2048] Declaration of Common\Model\PositionModel::find() should be compatible with Think\Model::find($options = Array) /data/webroot/Application/Common/Model/PositionModel.class.php 第 63 行.
SQL: SHOW COLUMNS FROM `cms_position` [ RunTime:0.0013s ]
SQL: SELECT * FROM `cms_position` WHERE `status` <> -1 ORDER BY id  [ RunTime:0.0003s ]
NOTIC: [2048] Declaration of Common\Model\MenuModel::find() should be compatible with Think\Model::find($options = Array) /data/webroot/Application/Common/Model/MenuModel.class.php 第 95 行.
SQL: SHOW COLUMNS FROM `cms_menu` [ RunTime:0.0004s ]
SQL: SELECT * FROM `cms_menu` WHERE `status` = 1 AND `type` = 0 ORDER BY listorder desc,menu_id desc  [ RunTime:0.0005s ]
INFO: [ view_parse ] --START--
INFO: [ template_filter ] --START--
INFO: Run Behavior\ContentReplaceBehavior [ RunTime:0.000048s ]
INFO: [ template_filter ] --END-- [ RunTime:0.000087s ]
SQL: SELECT * FROM `cms_menu` WHERE `status` <> -1 AND `type` = 1 ORDER BY listorder desc,menu_id desc  [ RunTime:0.0004s ]
NOTIC: [8] Undefined variable: title /data/webroot/Application/Runtime/Cache/Admin/ccc9ced3ad798311a07cb47b740981c5.php 第 126 行.
INFO: Run Behavior\ParseTemplateBehavior [ RunTime:0.014810s ]
INFO: [ view_parse ] --END-- [ RunTime:0.014854s ]
INFO: [ view_filter ] --START--
INFO: Run Behavior\WriteHtmlCacheBehavior [ RunTime:0.000220s ]
INFO: [ view_filter ] --END-- [ RunTime:0.000259s ]
INFO: [ app_end ] --START--
INFO: Run Behavior\ShowPageTraceBehavior [ RunTime:0.000491s ]
INFO: [ app_end ] --END-- [ RunTime:0.000552s ]

[ 2017-06-04T00:07:20+08:00 ] 172.16.67.0 /admin.php?c=content&a=edit&id=33
INFO: [ app_init ] --START--
INFO: Run Behavior\BuildLiteBehavior [ RunTime:0.000017s ]
INFO: [ app_init ] --END-- [ RunTime:0.000488s ]
INFO: [ app_begin ] --START--
INFO: Run Behavior\ReadHtmlCacheBehavior [ RunTime:0.000417s ]
INFO: [ app_begin ] --END-- [ RunTime:0.000494s ]
NOTIC: [2048] Declaration of Admin\Controller\ContentController::setStatus() should be compatible with Admin\Controller\CommonController::setStatus($data, $models) /data/webroot/Application/Admin/Controller/ContentController.class.php 第 12 行.
NOTIC: [2048] Declaration of Admin\Controller\ContentController::listorder() should be compatible with Admin\Controller\CommonController::listorder($model = '') /data/webroot/Application/Admin/Controller/ContentController.class.php 第 12 行.
NOTIC: [2048] Declaration of Common\Model\NewsModel::find() should be compatible with Think\Model::find($options = Array) /data/webroot/Application/Common/Model/NewsModel.class.php 第 8 行.
SQL: SHOW COLUMNS FROM `cms_news` [ RunTime:0.0014s ]
SQL: SELECT * FROM `cms_news` WHERE ( news_id=33 ) LIMIT 1   [ RunTime:0.0003s ]
NOTIC: [2048] Declaration of Common\Model\NewsContentModel::find() should be compatible with Think\Model::find($options = Array) /data/webroot/Application/Common/Model/NewsContentModel.class.php 第 46 行.
SQL: SHOW COLUMNS FROM `cms_news_content` [ RunTime:0.0010s ]
SQL: SELECT * FROM `cms_news_content` WHERE ( news_id=33 ) LIMIT 1   [ RunTime:0.0002s ]
NOTIC: [2048] Declaration of Common\Model\MenuModel::find() should be compatible with Think\Model::find($options = Array) /data/webroot/Application/Common/Model/MenuModel.class.php 第 95 行.
SQL: SHOW COLUMNS FROM `cms_menu` [ RunTime:0.0004s ]
SQL: SELECT * FROM `cms_menu` WHERE `status` = 1 AND `type` = 0 ORDER BY listorder desc,menu_id desc  [ RunTime:0.0003s ]
INFO: [ view_parse ] --START--
INFO: [ template_filter ] --START--
INFO: Run Behavior\ContentReplaceBehavior [ RunTime:0.000051s ]
INFO: [ template_filter ] --END-- [ RunTime:0.000095s ]
SQL: SELECT * FROM `cms_menu` WHERE `status` <> -1 AND `type` = 1 ORDER BY listorder desc,menu_id desc  [ RunTime:0.0005s ]
NOTIC: [8] Undefined index: content /data/webroot/Application/Runtime/Cache/Admin/c9346596b4ea11ecbab575e85e082471.php 第 167 行.
INFO: Run Behavior\ParseTemplateBehavior [ RunTime:0.014735s ]
INFO: [ view_parse ] --END-- [ RunTime:0.014775s ]
INFO: [ view_filter ] --START--
INFO: Run Behavior\WriteHtmlCacheBehavior [ RunTime:0.000243s ]
INFO: [ view_filter ] --END-- [ RunTime:0.000292s ]
INFO: [ app_end ] --START--
INFO: Run Behavior\ShowPageTraceBehavior [ RunTime:0.000566s ]
INFO: [ app_end ] --END-- [ RunTime:0.000611s ]

[ 2017-06-04T16:20:39+08:00 ] 172.16.67.45 /admin.php?c=content&a=index
INFO: [ app_init ] --START--
INFO: Run Behavior\BuildLiteBehavior [ RunTime:0.000076s ]
INFO: [ app_init ] --END-- [ RunTime:0.001212s ]
INFO: [ app_begin ] --START--
INFO: Run Behavior\ReadHtmlCacheBehavior [ RunTime:0.003585s ]
INFO: [ app_begin ] --END-- [ RunTime:0.003662s ]
NOTIC: [2048] Declaration of Admin\Controller\ContentController::setStatus() should be compatible with Admin\Controller\CommonController::setStatus($data, $models) /data/webroot/Application/Admin/Controller/ContentController.class.php 第 12 行.
NOTIC: [2048] Declaration of Admin\Controller\ContentController::listorder() should be compatible with Admin\Controller\CommonController::listorder($model = '') /data/webroot/Application/Admin/Controller/ContentController.class.php 第 12 行.
NOTIC: [8] Undefined variable: module /data/webroot/ThinkPHP/Common/functions.php 第 990 行.
NOTIC: [8] Undefined variable: var /data/webroot/ThinkPHP/Common/functions.php 第 990 行.
NOTIC: [2] array_reverse() expects parameter 1 to be array, null given /data/webroot/ThinkPHP/Common/functions.php 第 990 行.
NOTIC: [2] http_build_query(): Parameter 1 expected to be Array or Object.  Incorrect value given /data/webroot/ThinkPHP/Common/functions.php 第 990 行.

[ 2017-06-04T16:20:39+08:00 ] 172.16.67.45 /admin.php?c=content&a=index
INFO: [ app_init ] --START--
INFO: Run Behavior\BuildLiteBehavior [ RunTime:0.000017s ]
INFO: [ app_init ] --END-- [ RunTime:0.000429s ]
INFO: [ app_begin ] --START--
INFO: Run Behavior\ReadHtmlCacheBehavior [ RunTime:0.000601s ]
INFO: [ app_begin ] --END-- [ RunTime:0.000661s ]
NOTIC: [2048] Declaration of Admin\Controller\ContentController::setStatus() should be compatible with Admin\Controller\CommonController::setStatus($data, $models) /data/webroot/Application/Admin/Controller/ContentController.class.php 第 12 行.
NOTIC: [2048] Declaration of Admin\Controller\ContentController::listorder() should be compatible with Admin\Controller\CommonController::listorder($model = '') /data/webroot/Application/Admin/Controller/ContentController.class.php 第 12 行.
NOTIC: [8] Undefined variable: module /data/webroot/ThinkPHP/Common/functions.php 第 990 行.
NOTIC: [8] Undefined variable: var /data/webroot/ThinkPHP/Common/functions.php 第 990 行.
NOTIC: [2] array_reverse() expects parameter 1 to be array, null given /data/webroot/ThinkPHP/Common/functions.php 第 990 行.
NOTIC: [2] http_build_query(): Parameter 1 expected to be Array or Object.  Incorrect value given /data/webroot/ThinkPHP/Common/functions.php 第 990 行.

[ 2017-06-04T16:20:39+08:00 ] 172.16.67.45 /admin.php?m=&&c=login
INFO: [ app_init ] --START--
INFO: Run Behavior\BuildLiteBehavior [ RunTime:0.000016s ]
INFO: [ app_init ] --END-- [ RunTime:0.000426s ]
INFO: [ app_begin ] --START--
INFO: Run Behavior\ReadHtmlCacheBehavior [ RunTime:0.000472s ]
INFO: [ app_begin ] --END-- [ RunTime:0.000542s ]
INFO: [ view_parse ] --START--
INFO: [ template_filter ] --START--
INFO: Run Behavior\ContentReplaceBehavior [ RunTime:0.000033s ]
INFO: [ template_filter ] --END-- [ RunTime:0.000087s ]
INFO: Run Behavior\ParseTemplateBehavior [ RunTime:0.011978s ]
INFO: [ view_parse ] --END-- [ RunTime:0.012040s ]
INFO: [ view_filter ] --START--
INFO: Run Behavior\WriteHtmlCacheBehavior [ RunTime:0.000970s ]
INFO: [ view_filter ] --END-- [ RunTime:0.001003s ]
INFO: [ app_end ] --START--
INFO: Run Behavior\ShowPageTraceBehavior [ RunTime:0.001350s ]
INFO: [ app_end ] --END-- [ RunTime:0.001390s ]

[ 2017-06-04T16:20:44+08:00 ] 172.16.67.45 /admin.php?c=login&a=check
INFO: [ app_init ] --START--
INFO: Run Behavior\BuildLiteBehavior [ RunTime:0.000020s ]
INFO: [ app_init ] --END-- [ RunTime:0.000389s ]
INFO: [ app_begin ] --START--
INFO: Run Behavior\ReadHtmlCacheBehavior [ RunTime:0.000606s ]
INFO: [ app_begin ] --END-- [ RunTime:0.000670s ]
SQL: SHOW COLUMNS FROM `cms_admin` [ RunTime:0.0179s ]
SQL: SELECT * FROM `cms_admin` WHERE ( username="admin" ) LIMIT 1   [ RunTime:0.0157s ]

[ 2017-06-04T16:20:45+08:00 ] 172.16.67.45 /admin.php
INFO: [ app_init ] --START--
INFO: Run Behavior\BuildLiteBehavior [ RunTime:0.000018s ]
INFO: [ app_init ] --END-- [ RunTime:0.000390s ]
INFO: [ app_begin ] --START--
INFO: Run Behavior\ReadHtmlCacheBehavior [ RunTime:0.000494s ]
INFO: [ app_begin ] --END-- [ RunTime:0.000561s ]
INFO: [ view_parse ] --START--
INFO: [ template_filter ] --START--
INFO: Run Behavior\ContentReplaceBehavior [ RunTime:0.000042s ]
INFO: [ template_filter ] --END-- [ RunTime:0.000091s ]
NOTIC: [2048] Declaration of Common\Model\MenuModel::find() should be compatible with Think\Model::find($options = Array) /data/webroot/Application/Common/Model/MenuModel.class.php 第 6 行.
SQL: SHOW COLUMNS FROM `cms_menu` [ RunTime:0.0021s ]
SQL: SELECT * FROM `cms_menu` WHERE `status` <> -1 AND `type` = 1 ORDER BY listorder desc,menu_id desc  [ RunTime:0.0004s ]
INFO: Run Behavior\ParseTemplateBehavior [ RunTime:0.029618s ]
INFO: [ view_parse ] --END-- [ RunTime:0.029675s ]
INFO: [ view_filter ] --START--
INFO: Run Behavior\WriteHtmlCacheBehavior [ RunTime:0.000325s ]
INFO: [ view_filter ] --END-- [ RunTime:0.000384s ]
INFO: [ app_end ] --START--
INFO: Run Behavior\ShowPageTraceBehavior [ RunTime:0.000582s ]
INFO: [ app_end ] --END-- [ RunTime:0.000671s ]

[ 2017-06-04T16:20:53+08:00 ] 172.16.67.45 /admin.php?c=content&a=index
INFO: [ app_init ] --START--
INFO: Run Behavior\BuildLiteBehavior [ RunTime:0.000024s ]
INFO: [ app_init ] --END-- [ RunTime:0.000619s ]
INFO: [ app_begin ] --START--
INFO: Run Behavior\ReadHtmlCacheBehavior [ RunTime:0.000762s ]
INFO: [ app_begin ] --END-- [ RunTime:0.000805s ]
NOTIC: [2048] Declaration of Admin\Controller\ContentController::setStatus() should be compatible with Admin\Controller\CommonController::setStatus($data, $models) /data/webroot/Application/Admin/Controller/ContentController.class.php 第 12 行.
NOTIC: [2048] Declaration of Admin\Controller\ContentController::listorder() should be compatible with Admin\Controller\CommonController::listorder($model = '') /data/webroot/Application/Admin/Controller/ContentController.class.php 第 12 行.
NOTIC: [8] Undefined index: title /data/webroot/Application/Admin/Controller/ContentController.class.php 第 16 行.
NOTIC: [8] Undefined index: catid /data/webroot/Application/Admin/Controller/ContentController.class.php 第 20 行.
NOTIC: [8] Undefined index: p /data/webroot/Application/Admin/Controller/ContentController.class.php 第 27 行.
NOTIC: [2048] Declaration of Common\Model\NewsModel::find() should be compatible with Think\Model::find($options = Array) /data/webroot/Application/Common/Model/NewsModel.class.php 第 8 行.
SQL: SHOW COLUMNS FROM `cms_news` [ RunTime:0.0015s ]
SQL: SELECT * FROM `cms_news` WHERE `status` <> -1 ORDER BY listorder desc, news_id desc LIMIT 0,10   [ RunTime:0.0005s ]
SQL: SELECT COUNT(*) AS tp_count FROM `cms_news` WHERE `status` <> -1 LIMIT 1   [ RunTime:0.0002s ]
NOTIC: [2048] Declaration of Common\Model\PositionModel::find() should be compatible with Think\Model::find($options = Array) /data/webroot/Application/Common/Model/PositionModel.class.php 第 63 行.
SQL: SHOW COLUMNS FROM `cms_position` [ RunTime:0.0199s ]
SQL: SELECT * FROM `cms_position` WHERE `status` <> -1 ORDER BY id  [ RunTime:0.0091s ]
NOTIC: [2048] Declaration of Common\Model\MenuModel::find() should be compatible with Think\Model::find($options = Array) /data/webroot/Application/Common/Model/MenuModel.class.php 第 95 行.
SQL: SHOW COLUMNS FROM `cms_menu` [ RunTime:0.0016s ]
SQL: SELECT * FROM `cms_menu` WHERE `status` = 1 AND `type` = 0 ORDER BY listorder desc,menu_id desc  [ RunTime:0.0004s ]
INFO: [ view_parse ] --START--
INFO: [ template_filter ] --START--
INFO: Run Behavior\ContentReplaceBehavior [ RunTime:0.000072s ]
INFO: [ template_filter ] --END-- [ RunTime:0.000127s ]
SQL: SELECT * FROM `cms_menu` WHERE `status` <> -1 AND `type` = 1 ORDER BY listorder desc,menu_id desc  [ RunTime:0.0006s ]
NOTIC: [8] Undefined variable: title /data/webroot/Application/Runtime/Cache/Admin/ccc9ced3ad798311a07cb47b740981c5.php 第 126 行.
INFO: Run Behavior\ParseTemplateBehavior [ RunTime:0.041329s ]
INFO: [ view_parse ] --END-- [ RunTime:0.041376s ]
INFO: [ view_filter ] --START--
INFO: Run Behavior\WriteHtmlCacheBehavior [ RunTime:0.000672s ]
INFO: [ view_filter ] --END-- [ RunTime:0.000760s ]
INFO: [ app_end ] --START--
INFO: Run Behavior\ShowPageTraceBehavior [ RunTime:0.001061s ]
INFO: [ app_end ] --END-- [ RunTime:0.001112s ]

[ 2017-06-04T17:39:18+08:00 ] 172.16.67.45 /admin.php?c=content&a=index
INFO: [ app_init ] --START--
INFO: Run Behavior\BuildLiteBehavior [ RunTime:0.000015s ]
INFO: [ app_init ] --END-- [ RunTime:0.001055s ]
INFO: [ app_begin ] --START--
INFO: Run Behavior\ReadHtmlCacheBehavior [ RunTime:0.001480s ]
INFO: [ app_begin ] --END-- [ RunTime:0.001565s ]
NOTIC: [2048] Declaration of Admin\Controller\ContentController::setStatus() should be compatible with Admin\Controller\CommonController::setStatus($data, $models) /data/webroot/Application/Admin/Controller/ContentController.class.php 第 12 行.
NOTIC: [2048] Declaration of Admin\Controller\ContentController::listorder() should be compatible with Admin\Controller\CommonController::listorder($model = '') /data/webroot/Application/Admin/Controller/ContentController.class.php 第 12 行.
NOTIC: [8] Undefined index: title /data/webroot/Application/Admin/Controller/ContentController.class.php 第 16 行.
NOTIC: [8] Undefined index: catid /data/webroot/Application/Admin/Controller/ContentController.class.php 第 20 行.
NOTIC: [8] Undefined index: p /data/webroot/Application/Admin/Controller/ContentController.class.php 第 27 行.
NOTIC: [2048] Declaration of Common\Model\NewsModel::find() should be compatible with Think\Model::find($options = Array) /data/webroot/Application/Common/Model/NewsModel.class.php 第 8 行.
SQL: SHOW COLUMNS FROM `cms_news` [ RunTime:0.0012s ]
SQL: SELECT * FROM `cms_news` WHERE `status` <> -1 ORDER BY listorder desc, news_id desc LIMIT 0,10   [ RunTime:0.0009s ]
SQL: SELECT COUNT(*) AS tp_count FROM `cms_news` WHERE `status` <> -1 LIMIT 1   [ RunTime:0.0003s ]
NOTIC: [2048] Declaration of Common\Model\PositionModel::find() should be compatible with Think\Model::find($options = Array) /data/webroot/Application/Common/Model/PositionModel.class.php 第 63 行.
SQL: SHOW COLUMNS FROM `cms_position` [ RunTime:0.0016s ]
SQL: SELECT * FROM `cms_position` WHERE `status` <> -1 ORDER BY id  [ RunTime:0.0003s ]
NOTIC: [2048] Declaration of Common\Model\MenuModel::find() should be compatible with Think\Model::find($options = Array) /data/webroot/Application/Common/Model/MenuModel.class.php 第 95 行.
SQL: SHOW COLUMNS FROM `cms_menu` [ RunTime:0.0005s ]
SQL: SELECT * FROM `cms_menu` WHERE `status` = 1 AND `type` = 0 ORDER BY listorder desc,menu_id desc  [ RunTime:0.0005s ]
INFO: [ view_parse ] --START--
INFO: [ template_filter ] --START--
INFO: Run Behavior\ContentReplaceBehavior [ RunTime:0.000072s ]
INFO: [ template_filter ] --END-- [ RunTime:0.000138s ]
SQL: SELECT * FROM `cms_menu` WHERE `status` <> -1 AND `type` = 1 ORDER BY listorder desc,menu_id desc  [ RunTime:0.0007s ]
NOTIC: [8] Undefined variable: title /data/webroot/Application/Runtime/Cache/Admin/ccc9ced3ad798311a07cb47b740981c5.php 第 126 行.
INFO: Run Behavior\ParseTemplateBehavior [ RunTime:0.290005s ]
INFO: [ view_parse ] --END-- [ RunTime:0.290055s ]
INFO: [ view_filter ] --START--
INFO: Run Behavior\WriteHtmlCacheBehavior [ RunTime:0.001164s ]
INFO: [ view_filter ] --END-- [ RunTime:0.001199s ]
INFO: [ app_end ] --START--
INFO: Run Behavior\ShowPageTraceBehavior [ RunTime:0.001894s ]
INFO: [ app_end ] --END-- [ RunTime:0.001939s ]

[ 2017-06-04T17:39:21+08:00 ] 172.16.67.45 /admin.php?c=content&a=add
INFO: [ app_init ] --START--
INFO: Run Behavior\BuildLiteBehavior [ RunTime:0.000018s ]
INFO: [ app_init ] --END-- [ RunTime:0.000386s ]
INFO: [ app_begin ] --START--
INFO: Run Behavior\ReadHtmlCacheBehavior [ RunTime:0.000460s ]
INFO: [ app_begin ] --END-- [ RunTime:0.000522s ]
NOTIC: [2048] Declaration of Admin\Controller\ContentController::setStatus() should be compatible with Admin\Controller\CommonController::setStatus($data, $models) /data/webroot/Application/Admin/Controller/ContentController.class.php 第 12 行.
NOTIC: [2048] Declaration of Admin\Controller\ContentController::listorder() should be compatible with Admin\Controller\CommonController::listorder($model = '') /data/webroot/Application/Admin/Controller/ContentController.class.php 第 12 行.
NOTIC: [2048] Declaration of Common\Model\MenuModel::find() should be compatible with Think\Model::find($options = Array) /data/webroot/Application/Common/Model/MenuModel.class.php 第 6 行.
SQL: SHOW COLUMNS FROM `cms_menu` [ RunTime:0.0011s ]
SQL: SELECT * FROM `cms_menu` WHERE `status` = 1 AND `type` = 0 ORDER BY listorder desc,menu_id desc  [ RunTime:0.0006s ]
INFO: [ view_parse ] --START--
INFO: [ template_filter ] --START--
INFO: Run Behavior\ContentReplaceBehavior [ RunTime:0.000059s ]
INFO: [ template_filter ] --END-- [ RunTime:0.000106s ]
SQL: SELECT * FROM `cms_menu` WHERE `status` <> -1 AND `type` = 1 ORDER BY listorder desc,menu_id desc  [ RunTime:0.0006s ]
INFO: Run Behavior\ParseTemplateBehavior [ RunTime:0.049701s ]
INFO: [ view_parse ] --END-- [ RunTime:0.049779s ]
INFO: [ view_filter ] --START--
INFO: Run Behavior\WriteHtmlCacheBehavior [ RunTime:0.000325s ]
INFO: [ view_filter ] --END-- [ RunTime:0.000373s ]
INFO: [ app_end ] --START--
INFO: Run Behavior\ShowPageTraceBehavior [ RunTime:0.000776s ]
INFO: [ app_end ] --END-- [ RunTime:0.000948s ]

[ 2017-06-04T17:57:18+08:00 ] 172.16.67.45 /admin.php
INFO: [ app_init ] --START--
INFO: Run Behavior\BuildLiteBehavior [ RunTime:0.000016s ]
INFO: [ app_init ] --END-- [ RunTime:0.000383s ]
INFO: [ app_begin ] --START--
INFO: Run Behavior\ReadHtmlCacheBehavior [ RunTime:0.000470s ]
INFO: [ app_begin ] --END-- [ RunTime:0.000514s ]
INFO: [ view_parse ] --START--
INFO: [ template_filter ] --START--
INFO: Run Behavior\ContentReplaceBehavior [ RunTime:0.000040s ]
INFO: [ template_filter ] --END-- [ RunTime:0.000081s ]
NOTIC: [2048] Declaration of Common\Model\MenuModel::find() should be compatible with Think\Model::find($options = Array) /data/webroot/Application/Common/Model/MenuModel.class.php 第 6 行.
SQL: SHOW COLUMNS FROM `cms_menu` [ RunTime:0.0007s ]
SQL: SELECT * FROM `cms_menu` WHERE `status` <> -1 AND `type` = 1 ORDER BY listorder desc,menu_id desc  [ RunTime:0.0005s ]
INFO: Run Behavior\ParseTemplateBehavior [ RunTime:0.044604s ]
INFO: [ view_parse ] --END-- [ RunTime:0.044672s ]
INFO: [ view_filter ] --START--
INFO: Run Behavior\WriteHtmlCacheBehavior [ RunTime:0.000255s ]
INFO: [ view_filter ] --END-- [ RunTime:0.000310s ]
INFO: [ app_end ] --START--
INFO: Run Behavior\ShowPageTraceBehavior [ RunTime:0.000545s ]
INFO: [ app_end ] --END-- [ RunTime:0.000591s ]

[ 2017-06-04T18:24:36+08:00 ] 172.16.67.45 /admin.php?c=content&a=index
INFO: [ app_init ] --START--
INFO: Run Behavior\BuildLiteBehavior [ RunTime:0.000016s ]
INFO: [ app_init ] --END-- [ RunTime:0.000491s ]
INFO: [ app_begin ] --START--
INFO: Run Behavior\ReadHtmlCacheBehavior [ RunTime:0.000444s ]
INFO: [ app_begin ] --END-- [ RunTime:0.000511s ]
NOTIC: [2048] Declaration of Admin\Controller\ContentController::setStatus() should be compatible with Admin\Controller\CommonController::setStatus($data, $models) /data/webroot/Application/Admin/Controller/ContentController.class.php 第 12 行.
NOTIC: [2048] Declaration of Admin\Controller\ContentController::listorder() should be compatible with Admin\Controller\CommonController::listorder($model = '') /data/webroot/Application/Admin/Controller/ContentController.class.php 第 12 行.
NOTIC: [8] Undefined index: title /data/webroot/Application/Admin/Controller/ContentController.class.php 第 16 行.
NOTIC: [8] Undefined index: catid /data/webroot/Application/Admin/Controller/ContentController.class.php 第 20 行.
NOTIC: [8] Undefined index: p /data/webroot/Application/Admin/Controller/ContentController.class.php 第 27 行.
NOTIC: [2048] Declaration of Common\Model\NewsModel::find() should be compatible with Think\Model::find($options = Array) /data/webroot/Application/Common/Model/NewsModel.class.php 第 8 行.
SQL: SHOW COLUMNS FROM `cms_news` [ RunTime:0.0007s ]
NOTIC: [8] Undefined index: status /data/webroot/Application/Common/Model/NewsModel.class.php 第 33 行.
SQL: SELECT * FROM `cms_news` WHERE `status` = 1 ORDER BY listorder desc, news_id desc LIMIT 0,10   [ RunTime:0.0004s ]
NOTIC: [8] Undefined index: status /data/webroot/Application/Common/Model/NewsModel.class.php 第 43 行.
SQL: SELECT COUNT(*) AS tp_count FROM `cms_news` WHERE `status` = 1 LIMIT 1   [ RunTime:0.0002s ]
NOTIC: [2048] Declaration of Common\Model\PositionModel::find() should be compatible with Think\Model::find($options = Array) /data/webroot/Application/Common/Model/PositionModel.class.php 第 63 行.
SQL: SHOW COLUMNS FROM `cms_position` [ RunTime:0.0016s ]
SQL: SELECT * FROM `cms_position` WHERE `status` <> -1 ORDER BY id  [ RunTime:0.0004s ]
NOTIC: [2048] Declaration of Common\Model\MenuModel::find() should be compatible with Think\Model::find($options = Array) /data/webroot/Application/Common/Model/MenuModel.class.php 第 95 行.
SQL: SHOW COLUMNS FROM `cms_menu` [ RunTime:0.0005s ]
SQL: SELECT * FROM `cms_menu` WHERE `status` = 1 AND `type` = 0 ORDER BY listorder desc,menu_id desc  [ RunTime:0.0002s ]
INFO: [ view_parse ] --START--
INFO: [ template_filter ] --START--
INFO: Run Behavior\ContentReplaceBehavior [ RunTime:0.000051s ]
INFO: [ template_filter ] --END-- [ RunTime:0.000093s ]
SQL: SELECT * FROM `cms_menu` WHERE `status` <> -1 AND `type` = 1 ORDER BY listorder desc,menu_id desc  [ RunTime:0.0005s ]
NOTIC: [8] Undefined variable: title /data/webroot/Application/Runtime/Cache/Admin/ccc9ced3ad798311a07cb47b740981c5.php 第 126 行.
INFO: Run Behavior\ParseTemplateBehavior [ RunTime:0.035734s ]
INFO: [ view_parse ] --END-- [ RunTime:0.035777s ]
INFO: [ view_filter ] --START--
INFO: Run Behavior\WriteHtmlCacheBehavior [ RunTime:0.000351s ]
INFO: [ view_filter ] --END-- [ RunTime:0.000449s ]
INFO: [ app_end ] --START--
INFO: Run Behavior\ShowPageTraceBehavior [ RunTime:0.000532s ]
INFO: [ app_end ] --END-- [ RunTime:0.000579s ]

[ 2017-06-04T18:52:38+08:00 ] 172.16.67.45 /admin.php?c=content&a=index
INFO: [ app_init ] --START--
INFO: Run Behavior\BuildLiteBehavior [ RunTime:0.000024s ]
INFO: [ app_init ] --END-- [ RunTime:0.000547s ]
INFO: [ app_begin ] --START--
INFO: Run Behavior\ReadHtmlCacheBehavior [ RunTime:0.000446s ]
INFO: [ app_begin ] --END-- [ RunTime:0.000512s ]
NOTIC: [2048] Declaration of Admin\Controller\ContentController::setStatus() should be compatible with Admin\Controller\CommonController::setStatus($data, $models) /data/webroot/Application/Admin/Controller/ContentController.class.php 第 12 行.
NOTIC: [2048] Declaration of Admin\Controller\ContentController::listorder() should be compatible with Admin\Controller\CommonController::listorder($model = '') /data/webroot/Application/Admin/Controller/ContentController.class.php 第 12 行.
NOTIC: [8] Undefined index: title /data/webroot/Application/Admin/Controller/ContentController.class.php 第 16 行.
NOTIC: [8] Undefined index: catid /data/webroot/Application/Admin/Controller/ContentController.class.php 第 20 行.
NOTIC: [8] Undefined index: p /data/webroot/Application/Admin/Controller/ContentController.class.php 第 27 行.
NOTIC: [2048] Declaration of Common\Model\NewsModel::find() should be compatible with Think\Model::find($options = Array) /data/webroot/Application/Common/Model/NewsModel.class.php 第 8 行.
SQL: SHOW COLUMNS FROM `cms_news` [ RunTime:0.0007s ]
NOTIC: [8] Undefined index: status /data/webroot/Application/Common/Model/NewsModel.class.php 第 33 行.
SQL: SELECT * FROM `cms_news` WHERE `status` = 1 ORDER BY listorder desc, news_id desc LIMIT 0,10   [ RunTime:0.0004s ]
NOTIC: [8] Undefined index: status /data/webroot/Application/Common/Model/NewsModel.class.php 第 43 行.
SQL: SELECT COUNT(*) AS tp_count FROM `cms_news` WHERE `status` = 1 LIMIT 1   [ RunTime:0.0002s ]
NOTIC: [2048] Declaration of Common\Model\PositionModel::find() should be compatible with Think\Model::find($options = Array) /data/webroot/Application/Common/Model/PositionModel.class.php 第 63 行.
SQL: SHOW COLUMNS FROM `cms_position` [ RunTime:0.0004s ]
SQL: SELECT * FROM `cms_position` WHERE `status` <> -1 ORDER BY id  [ RunTime:0.0005s ]
NOTIC: [2048] Declaration of Common\Model\MenuModel::find() should be compatible with Think\Model::find($options = Array) /data/webroot/Application/Common/Model/MenuModel.class.php 第 95 行.
SQL: SHOW COLUMNS FROM `cms_menu` [ RunTime:0.0005s ]
SQL: SELECT * FROM `cms_menu` WHERE `status` = 1 AND `type` = 0 ORDER BY listorder desc,menu_id desc  [ RunTime:0.0002s ]
INFO: [ view_parse ] --START--
INFO: [ template_filter ] --START--
INFO: Run Behavior\ContentReplaceBehavior [ RunTime:0.000048s ]
INFO: [ template_filter ] --END-- [ RunTime:0.000087s ]
SQL: SELECT * FROM `cms_menu` WHERE `status` <> -1 AND `type` = 1 ORDER BY listorder desc,menu_id desc  [ RunTime:0.0003s ]
NOTIC: [8] Undefined variable: title /data/webroot/Application/Runtime/Cache/Admin/ccc9ced3ad798311a07cb47b740981c5.php 第 126 行.
INFO: Run Behavior\ParseTemplateBehavior [ RunTime:0.018273s ]
INFO: [ view_parse ] --END-- [ RunTime:0.018317s ]
INFO: [ view_filter ] --START--
INFO: Run Behavior\WriteHtmlCacheBehavior [ RunTime:0.000349s ]
INFO: [ view_filter ] --END-- [ RunTime:0.000418s ]
INFO: [ app_end ] --START--
INFO: Run Behavior\ShowPageTraceBehavior [ RunTime:0.000620s ]
INFO: [ app_end ] --END-- [ RunTime:0.000665s ]

