[ 2017-06-03T04:18:12+08:00 ] 172.16.67.0 /
INFO: [ app_init ] --START--
INFO: Run Behavior\BuildLiteBehavior [ RunTime:0.000021s ]
INFO: [ app_init ] --END-- [ RunTime:0.000437s ]
INFO: [ app_begin ] --START--
INFO: Run Behavior\ReadHtmlCacheBehavior [ RunTime:0.000507s ]
INFO: [ app_begin ] --END-- [ RunTime:0.000615s ]
INFO: [ view_parse ] --START--
INFO: [ template_filter ] --START--
INFO: Run Behavior\ContentReplaceBehavior [ RunTime:0.000043s ]
INFO: [ template_filter ] --END-- [ RunTime:0.000116s ]
INFO: Run Behavior\ParseTemplateBehavior [ RunTime:0.044447s ]
INFO: [ view_parse ] --END-- [ RunTime:0.044539s ]
INFO: [ view_filter ] --START--
INFO: Run Behavior\WriteHtmlCacheBehavior [ RunTime:0.000283s ]
INFO: [ view_filter ] --END-- [ RunTime:0.000322s ]
INFO: [ app_end ] --START--
INFO: Run Behavior\ShowPageTraceBehavior [ RunTime:0.000602s ]
INFO: [ app_end ] --END-- [ RunTime:0.000656s ]

[ 2017-06-03T04:27:07+08:00 ] 172.16.67.0 /
INFO: [ app_init ] --START--
INFO: Run Behavior\BuildLiteBehavior [ RunTime:0.000018s ]
INFO: [ app_init ] --END-- [ RunTime:0.001026s ]
INFO: [ app_begin ] --START--
INFO: Run Behavior\ReadHtmlCacheBehavior [ RunTime:0.001232s ]
INFO: [ app_begin ] --END-- [ RunTime:0.001312s ]
INFO: [ view_parse ] --START--
INFO: [ template_filter ] --START--
INFO: Run Behavior\ContentReplaceBehavior [ RunTime:0.000037s ]
INFO: [ template_filter ] --END-- [ RunTime:0.000077s ]
INFO: Run Behavior\ParseTemplateBehavior [ RunTime:0.015497s ]
INFO: [ view_parse ] --END-- [ RunTime:0.015572s ]
INFO: [ view_filter ] --START--
INFO: Run Behavior\WriteHtmlCacheBehavior [ RunTime:0.000978s ]
INFO: [ view_filter ] --END-- [ RunTime:0.001015s ]
INFO: [ app_end ] --START--
INFO: Run Behavior\ShowPageTraceBehavior [ RunTime:0.001192s ]
INFO: [ app_end ] --END-- [ RunTime:0.001233s ]

[ 2017-06-03T04:33:55+08:00 ] 172.16.67.0 /
INFO: [ app_init ] --START--
INFO: Run Behavior\BuildLiteBehavior [ RunTime:0.000013s ]
INFO: [ app_init ] --END-- [ RunTime:0.001036s ]
INFO: [ app_begin ] --START--
INFO: Run Behavior\ReadHtmlCacheBehavior [ RunTime:0.001067s ]
INFO: [ app_begin ] --END-- [ RunTime:0.001111s ]
INFO: [ view_parse ] --START--
INFO: [ template_filter ] --START--
INFO: Run Behavior\ContentReplaceBehavior [ RunTime:0.000032s ]
INFO: [ template_filter ] --END-- [ RunTime:0.000069s ]
NOTIC: [2048] Declaration of Common\Model\BasicModel::save() should be compatible with Think\Model::save($data = '', $options = Array) /data/webroot/Application/Common/Model/BasicModel.class.php 第 8 行.
NOTIC: [2048] Declaration of Common\Model\BasicModel::select() should be compatible with Think\Model::select($options = Array) /data/webroot/Application/Common/Model/BasicModel.class.php 第 8 行.
INFO: Run Behavior\ParseTemplateBehavior [ RunTime:0.030444s ]
INFO: [ view_parse ] --END-- [ RunTime:0.030491s ]
INFO: [ view_filter ] --START--
INFO: Run Behavior\WriteHtmlCacheBehavior [ RunTime:0.000836s ]
INFO: [ view_filter ] --END-- [ RunTime:0.000871s ]
INFO: [ app_end ] --START--
INFO: Run Behavior\ShowPageTraceBehavior [ RunTime:0.001086s ]
INFO: [ app_end ] --END-- [ RunTime:0.001124s ]

[ 2017-06-03T04:50:26+08:00 ] 172.16.67.0 /
INFO: [ app_init ] --START--
INFO: Run Behavior\BuildLiteBehavior [ RunTime:0.000015s ]
INFO: [ app_init ] --END-- [ RunTime:0.000955s ]
INFO: [ app_begin ] --START--
INFO: Run Behavior\ReadHtmlCacheBehavior [ RunTime:0.001009s ]
INFO: [ app_begin ] --END-- [ RunTime:0.001050s ]
INFO: [ view_parse ] --START--
INFO: [ template_filter ] --START--
INFO: Run Behavior\ContentReplaceBehavior [ RunTime:0.000033s ]
INFO: [ template_filter ] --END-- [ RunTime:0.000074s ]
NOTIC: [2048] Declaration of Common\Model\BasicModel::save() should be compatible with Think\Model::save($data = '', $options = Array) /data/webroot/Application/Common/Model/BasicModel.class.php 第 8 行.
NOTIC: [2048] Declaration of Common\Model\BasicModel::select() should be compatible with Think\Model::select($options = Array) /data/webroot/Application/Common/Model/BasicModel.class.php 第 8 行.
NOTIC: [2048] Declaration of Common\Model\MenuModel::find() should be compatible with Think\Model::find($options = Array) /data/webroot/Application/Common/Model/MenuModel.class.php 第 95 行.
SQL: SHOW COLUMNS FROM `cms_menu` [ RunTime:0.0008s ]
SQL: SELECT * FROM `cms_menu` WHERE `status` = 1 AND `type` = 0 ORDER BY listorder desc,menu_id desc  [ RunTime:0.0005s ]
NOTIC: [8] Undefined variable: result /data/webroot/Application/Runtime/Cache/Home/2a94b8bda04ff446dcedd42276fc99ee.php 第 23 行.
NOTIC: [8] Undefined variable: result /data/webroot/Application/Runtime/Cache/Home/2a94b8bda04ff446dcedd42276fc99ee.php 第 23 行.
INFO: Run Behavior\ParseTemplateBehavior [ RunTime:1.043034s ]
INFO: [ view_parse ] --END-- [ RunTime:1.043074s ]
INFO: [ view_filter ] --START--
INFO: Run Behavior\WriteHtmlCacheBehavior [ RunTime:0.000945s ]
INFO: [ view_filter ] --END-- [ RunTime:0.000980s ]
INFO: [ app_end ] --START--
INFO: Run Behavior\ShowPageTraceBehavior [ RunTime:0.001138s ]
INFO: [ app_end ] --END-- [ RunTime:0.001175s ]

[ 2017-06-03T04:50:32+08:00 ] 172.16.67.0 /
INFO: [ app_init ] --START--
INFO: Run Behavior\BuildLiteBehavior [ RunTime:0.000015s ]
INFO: [ app_init ] --END-- [ RunTime:0.000351s ]
INFO: [ app_begin ] --START--
INFO: Run Behavior\ReadHtmlCacheBehavior [ RunTime:0.000415s ]
INFO: [ app_begin ] --END-- [ RunTime:0.000459s ]
INFO: [ view_parse ] --START--
INFO: [ template_filter ] --START--
INFO: Run Behavior\ContentReplaceBehavior [ RunTime:0.000069s ]
INFO: [ template_filter ] --END-- [ RunTime:0.000170s ]
NOTIC: [2048] Declaration of Common\Model\BasicModel::save() should be compatible with Think\Model::save($data = '', $options = Array) /data/webroot/Application/Common/Model/BasicModel.class.php 第 8 行.
NOTIC: [2048] Declaration of Common\Model\BasicModel::select() should be compatible with Think\Model::select($options = Array) /data/webroot/Application/Common/Model/BasicModel.class.php 第 8 行.
NOTIC: [2048] Declaration of Common\Model\MenuModel::find() should be compatible with Think\Model::find($options = Array) /data/webroot/Application/Common/Model/MenuModel.class.php 第 95 行.
SQL: SHOW COLUMNS FROM `cms_menu` [ RunTime:0.0007s ]
SQL: SELECT * FROM `cms_menu` WHERE `status` = 1 AND `type` = 0 ORDER BY listorder desc,menu_id desc  [ RunTime:0.0003s ]
NOTIC: [8] Undefined variable: result /data/webroot/Application/Runtime/Cache/Home/2a94b8bda04ff446dcedd42276fc99ee.php 第 23 行.
NOTIC: [8] Undefined variable: result /data/webroot/Application/Runtime/Cache/Home/2a94b8bda04ff446dcedd42276fc99ee.php 第 23 行.
INFO: Run Behavior\ParseTemplateBehavior [ RunTime:0.026827s ]
INFO: [ view_parse ] --END-- [ RunTime:0.026888s ]
INFO: [ view_filter ] --START--
INFO: Run Behavior\WriteHtmlCacheBehavior [ RunTime:0.000400s ]
INFO: [ view_filter ] --END-- [ RunTime:0.000487s ]
INFO: [ app_end ] --START--
INFO: Run Behavior\ShowPageTraceBehavior [ RunTime:0.000719s ]
INFO: [ app_end ] --END-- [ RunTime:0.000778s ]

[ 2017-06-03T04:50:34+08:00 ] 172.16.67.0 /index.php?c=cat&id=3
INFO: [ app_init ] --START--
INFO: Run Behavior\BuildLiteBehavior [ RunTime:0.000021s ]
INFO: [ app_init ] --END-- [ RunTime:0.000428s ]
INFO: [ app_begin ] --START--
INFO: Run Behavior\ReadHtmlCacheBehavior [ RunTime:0.000592s ]
INFO: [ app_begin ] --END-- [ RunTime:0.000689s ]
ERR: 无法加载控制器:Cat

[ 2017-06-03T06:43:07+08:00 ] 172.16.67.0 /
INFO: [ app_init ] --START--
INFO: Run Behavior\BuildLiteBehavior [ RunTime:0.000013s ]
INFO: [ app_init ] --END-- [ RunTime:0.000965s ]
INFO: [ app_begin ] --START--
INFO: Run Behavior\ReadHtmlCacheBehavior [ RunTime:0.000984s ]
INFO: [ app_begin ] --END-- [ RunTime:0.001027s ]
NOTIC: [2048] Declaration of Common\Model\PositionContentModel::find() should be compatible with Think\Model::find($options = Array) /data/webroot/Application/Common/Model/PositionContentModel.class.php 第 8 行.
SQL: SHOW COLUMNS FROM `cms_position_content` [ RunTime:0.0008s ]
NOTIC: [8] Undefined index: title /data/webroot/Application/Common/Model/PositionContentModel.class.php 第 25 行.
SQL: SELECT * FROM `cms_position_content` WHERE `status` = 1 AND `position_id` = 2 ORDER BY listorder desc,id desc LIMIT 1   [ RunTime:0.0006s ]
INFO: [ view_parse ] --START--
INFO: [ template_filter ] --START--
INFO: Run Behavior\ContentReplaceBehavior [ RunTime:0.000044s ]
INFO: [ template_filter ] --END-- [ RunTime:0.000104s ]
NOTIC: [2048] Declaration of Common\Model\BasicModel::save() should be compatible with Think\Model::save($data = '', $options = Array) /data/webroot/Application/Common/Model/BasicModel.class.php 第 26 行.
NOTIC: [2048] Declaration of Common\Model\BasicModel::select() should be compatible with Think\Model::select($options = Array) /data/webroot/Application/Common/Model/BasicModel.class.php 第 26 行.
NOTIC: [2048] Declaration of Common\Model\MenuModel::find() should be compatible with Think\Model::find($options = Array) /data/webroot/Application/Common/Model/MenuModel.class.php 第 95 行.
SQL: SHOW COLUMNS FROM `cms_menu` [ RunTime:0.0008s ]
SQL: SELECT * FROM `cms_menu` WHERE `status` = 1 AND `type` = 0 ORDER BY listorder desc,menu_id desc  [ RunTime:0.0006s ]
NOTIC: [8] Undefined index: catid /data/webroot/Application/Runtime/Cache/Home/2a94b8bda04ff446dcedd42276fc99ee.php 第 22 行.
NOTIC: [8] Undefined index: catid /data/webroot/Application/Runtime/Cache/Home/2a94b8bda04ff446dcedd42276fc99ee.php 第 23 行.
NOTIC: [8] Undefined index: catid /data/webroot/Application/Runtime/Cache/Home/2a94b8bda04ff446dcedd42276fc99ee.php 第 23 行.
NOTIC: [8] Array to string conversion /data/webroot/Application/Runtime/Cache/Home/2a94b8bda04ff446dcedd42276fc99ee.php 第 34 行.
INFO: Run Behavior\ParseTemplateBehavior [ RunTime:1.478098s ]
INFO: [ view_parse ] --END-- [ RunTime:1.478141s ]
INFO: [ view_filter ] --START--
INFO: Run Behavior\WriteHtmlCacheBehavior [ RunTime:0.000853s ]
INFO: [ view_filter ] --END-- [ RunTime:0.000889s ]
INFO: [ app_end ] --START--
INFO: Run Behavior\ShowPageTraceBehavior [ RunTime:0.001120s ]
INFO: [ app_end ] --END-- [ RunTime:0.001158s ]

[ 2017-06-03T06:45:35+08:00 ] 172.16.67.0 /
INFO: [ app_init ] --START--
INFO: Run Behavior\BuildLiteBehavior [ RunTime:0.000026s ]
INFO: [ app_init ] --END-- [ RunTime:0.002204s ]
INFO: [ app_begin ] --START--
INFO: Run Behavior\ReadHtmlCacheBehavior [ RunTime:0.001233s ]
INFO: [ app_begin ] --END-- [ RunTime:0.001286s ]
NOTIC: [2048] Declaration of Common\Model\PositionContentModel::find() should be compatible with Think\Model::find($options = Array) /data/webroot/Application/Common/Model/PositionContentModel.class.php 第 8 行.
SQL: SHOW COLUMNS FROM `cms_position_content` [ RunTime:0.0009s ]
NOTIC: [8] Undefined index: title /data/webroot/Application/Common/Model/PositionContentModel.class.php 第 25 行.
SQL: SELECT * FROM `cms_position_content` WHERE `status` = 1 AND `position_id` = 2 ORDER BY listorder desc,id desc LIMIT 1   [ RunTime:0.0006s ]
INFO: [ view_parse ] --START--
INFO: [ template_filter ] --START--
INFO: Run Behavior\ContentReplaceBehavior [ RunTime:0.000036s ]
INFO: [ template_filter ] --END-- [ RunTime:0.000077s ]
INFO: Run Behavior\ParseTemplateBehavior [ RunTime:0.971233s ]
INFO: [ view_parse ] --END-- [ RunTime:0.971333s ]
INFO: [ view_filter ] --START--
INFO: Run Behavior\WriteHtmlCacheBehavior [ RunTime:0.000909s ]
INFO: [ view_filter ] --END-- [ RunTime:0.000950s ]
INFO: [ app_end ] --START--
INFO: Run Behavior\ShowPageTraceBehavior [ RunTime:0.001223s ]
INFO: [ app_end ] --END-- [ RunTime:0.001262s ]

[ 2017-06-03T06:45:40+08:00 ] 172.16.67.0 /
INFO: [ app_init ] --START--
INFO: Run Behavior\BuildLiteBehavior [ RunTime:0.000020s ]
INFO: [ app_init ] --END-- [ RunTime:0.000403s ]
INFO: [ app_begin ] --START--
INFO: Run Behavior\ReadHtmlCacheBehavior [ RunTime:0.000462s ]
INFO: [ app_begin ] --END-- [ RunTime:0.000519s ]
NOTIC: [2048] Declaration of Common\Model\PositionContentModel::find() should be compatible with Think\Model::find($options = Array) /data/webroot/Application/Common/Model/PositionContentModel.class.php 第 8 行.
SQL: SHOW COLUMNS FROM `cms_position_content` [ RunTime:0.0007s ]
NOTIC: [8] Undefined index: title /data/webroot/Application/Common/Model/PositionContentModel.class.php 第 25 行.
SQL: SELECT * FROM `cms_position_content` WHERE `status` = 1 AND `position_id` = 2 ORDER BY listorder desc,id desc LIMIT 1   [ RunTime:0.0003s ]
INFO: [ view_parse ] --START--
INFO: [ template_filter ] --START--
INFO: Run Behavior\ContentReplaceBehavior [ RunTime:0.000040s ]
INFO: [ template_filter ] --END-- [ RunTime:0.000084s ]
NOTIC: [2048] Declaration of Common\Model\BasicModel::save() should be compatible with Think\Model::save($data = '', $options = Array) /data/webroot/Application/Common/Model/BasicModel.class.php 第 26 行.
NOTIC: [2048] Declaration of Common\Model\BasicModel::select() should be compatible with Think\Model::select($options = Array) /data/webroot/Application/Common/Model/BasicModel.class.php 第 26 行.
NOTIC: [2048] Declaration of Common\Model\MenuModel::find() should be compatible with Think\Model::find($options = Array) /data/webroot/Application/Common/Model/MenuModel.class.php 第 95 行.
SQL: SHOW COLUMNS FROM `cms_menu` [ RunTime:0.0010s ]
SQL: SELECT * FROM `cms_menu` WHERE `status` = 1 AND `type` = 0 ORDER BY listorder desc,menu_id desc  [ RunTime:0.0006s ]
NOTIC: [8] Undefined index: catid /data/webroot/Application/Runtime/Cache/Home/2a94b8bda04ff446dcedd42276fc99ee.php 第 22 行.
NOTIC: [8] Undefined index: catid /data/webroot/Application/Runtime/Cache/Home/2a94b8bda04ff446dcedd42276fc99ee.php 第 23 行.
NOTIC: [8] Undefined index: catid /data/webroot/Application/Runtime/Cache/Home/2a94b8bda04ff446dcedd42276fc99ee.php 第 23 行.
INFO: Run Behavior\ParseTemplateBehavior [ RunTime:0.026017s ]
INFO: [ view_parse ] --END-- [ RunTime:0.026058s ]
INFO: [ view_filter ] --START--
INFO: Run Behavior\WriteHtmlCacheBehavior [ RunTime:0.000258s ]
INFO: [ view_filter ] --END-- [ RunTime:0.000299s ]
INFO: [ app_end ] --START--
INFO: Run Behavior\ShowPageTraceBehavior [ RunTime:0.000572s ]
INFO: [ app_end ] --END-- [ RunTime:0.000613s ]

[ 2017-06-03T06:45:45+08:00 ] 172.16.67.0 /index.php?c=detail&id=29
INFO: [ app_init ] --START--
INFO: Run Behavior\BuildLiteBehavior [ RunTime:0.000019s ]
INFO: [ app_init ] --END-- [ RunTime:0.000386s ]
INFO: [ app_begin ] --START--
INFO: Run Behavior\ReadHtmlCacheBehavior [ RunTime:0.000534s ]
INFO: [ app_begin ] --END-- [ RunTime:0.000602s ]
ERR: 无法加载控制器:Detail

[ 2017-06-03T06:46:18+08:00 ] 172.16.67.0 /
INFO: [ app_init ] --START--
INFO: Run Behavior\BuildLiteBehavior [ RunTime:0.000018s ]
INFO: [ app_init ] --END-- [ RunTime:0.000643s ]
INFO: [ app_begin ] --START--
INFO: Run Behavior\ReadHtmlCacheBehavior [ RunTime:0.000638s ]
INFO: [ app_begin ] --END-- [ RunTime:0.000683s ]
NOTIC: [2048] Declaration of Common\Model\PositionContentModel::find() should be compatible with Think\Model::find($options = Array) /data/webroot/Application/Common/Model/PositionContentModel.class.php 第 8 行.
SQL: SHOW COLUMNS FROM `cms_position_content` [ RunTime:0.0007s ]
NOTIC: [8] Undefined index: title /data/webroot/Application/Common/Model/PositionContentModel.class.php 第 25 行.
SQL: SELECT * FROM `cms_position_content` WHERE `status` = 1 AND `position_id` = 2 ORDER BY listorder desc,id desc LIMIT 1   [ RunTime:0.0006s ]
INFO: [ view_parse ] --START--
INFO: [ template_filter ] --START--
INFO: Run Behavior\ContentReplaceBehavior [ RunTime:0.000042s ]
INFO: [ template_filter ] --END-- [ RunTime:0.000091s ]
NOTIC: [2048] Declaration of Common\Model\BasicModel::save() should be compatible with Think\Model::save($data = '', $options = Array) /data/webroot/Application/Common/Model/BasicModel.class.php 第 26 行.
NOTIC: [2048] Declaration of Common\Model\BasicModel::select() should be compatible with Think\Model::select($options = Array) /data/webroot/Application/Common/Model/BasicModel.class.php 第 26 行.
NOTIC: [2048] Declaration of Common\Model\MenuModel::find() should be compatible with Think\Model::find($options = Array) /data/webroot/Application/Common/Model/MenuModel.class.php 第 95 行.
SQL: SHOW COLUMNS FROM `cms_menu` [ RunTime:0.0005s ]
SQL: SELECT * FROM `cms_menu` WHERE `status` = 1 AND `type` = 0 ORDER BY listorder desc,menu_id desc  [ RunTime:0.0005s ]
NOTIC: [8] Undefined index: catid /data/webroot/Application/Runtime/Cache/Home/2a94b8bda04ff446dcedd42276fc99ee.php 第 22 行.
NOTIC: [8] Undefined index: catid /data/webroot/Application/Runtime/Cache/Home/2a94b8bda04ff446dcedd42276fc99ee.php 第 23 行.
NOTIC: [8] Undefined index: catid /data/webroot/Application/Runtime/Cache/Home/2a94b8bda04ff446dcedd42276fc99ee.php 第 23 行.
INFO: Run Behavior\ParseTemplateBehavior [ RunTime:0.026992s ]
INFO: [ view_parse ] --END-- [ RunTime:0.027031s ]
INFO: [ view_filter ] --START--
INFO: Run Behavior\WriteHtmlCacheBehavior [ RunTime:0.000426s ]
INFO: [ view_filter ] --END-- [ RunTime:0.000463s ]
INFO: [ app_end ] --START--
INFO: Run Behavior\ShowPageTraceBehavior [ RunTime:0.000683s ]
INFO: [ app_end ] --END-- [ RunTime:0.000722s ]

[ 2017-06-03T06:46:31+08:00 ] 172.16.67.0 /index.php?c=detail&id=29
INFO: [ app_init ] --START--
INFO: Run Behavior\BuildLiteBehavior [ RunTime:0.000023s ]
INFO: [ app_init ] --END-- [ RunTime:0.000552s ]
INFO: [ app_begin ] --START--
INFO: Run Behavior\ReadHtmlCacheBehavior [ RunTime:0.000443s ]
INFO: [ app_begin ] --END-- [ RunTime:0.000512s ]
ERR: 无法加载控制器:Detail

[ 2017-06-03T06:54:57+08:00 ] 172.16.67.0 /
INFO: [ app_init ] --START--
INFO: Run Behavior\BuildLiteBehavior [ RunTime:0.000015s ]
INFO: [ app_init ] --END-- [ RunTime:0.001075s ]
INFO: [ app_begin ] --START--
INFO: Run Behavior\ReadHtmlCacheBehavior [ RunTime:0.001161s ]
INFO: [ app_begin ] --END-- [ RunTime:0.001218s ]
NOTIC: [2048] Declaration of Common\Model\PositionContentModel::find() should be compatible with Think\Model::find($options = Array) /data/webroot/Application/Common/Model/PositionContentModel.class.php 第 8 行.
SQL: SHOW COLUMNS FROM `cms_position_content` [ RunTime:0.0007s ]
NOTIC: [8] Undefined index: title /data/webroot/Application/Common/Model/PositionContentModel.class.php 第 25 行.
SQL: SELECT * FROM `cms_position_content` WHERE `status` = 1 AND `position_id` = 2 ORDER BY listorder desc,id desc LIMIT 1   [ RunTime:0.0006s ]
NOTIC: [8] Undefined index: title /data/webroot/Application/Common/Model/PositionContentModel.class.php 第 25 行.
SQL: SELECT * FROM `cms_position_content` WHERE `status` = 1 AND `position_id` = 3 ORDER BY listorder desc,id desc LIMIT 3   [ RunTime:0.0002s ]
INFO: [ view_parse ] --START--
INFO: [ template_filter ] --START--
INFO: Run Behavior\ContentReplaceBehavior [ RunTime:0.000043s ]
INFO: [ template_filter ] --END-- [ RunTime:0.000089s ]
NOTIC: [2048] Declaration of Common\Model\BasicModel::save() should be compatible with Think\Model::save($data = '', $options = Array) /data/webroot/Application/Common/Model/BasicModel.class.php 第 26 行.
NOTIC: [2048] Declaration of Common\Model\BasicModel::select() should be compatible with Think\Model::select($options = Array) /data/webroot/Application/Common/Model/BasicModel.class.php 第 26 行.
NOTIC: [2048] Declaration of Common\Model\MenuModel::find() should be compatible with Think\Model::find($options = Array) /data/webroot/Application/Common/Model/MenuModel.class.php 第 95 行.
SQL: SHOW COLUMNS FROM `cms_menu` [ RunTime:0.0005s ]
SQL: SELECT * FROM `cms_menu` WHERE `status` = 1 AND `type` = 0 ORDER BY listorder desc,menu_id desc  [ RunTime:0.0005s ]
NOTIC: [8] Undefined index: catid /data/webroot/Application/Runtime/Cache/Home/2a94b8bda04ff446dcedd42276fc99ee.php 第 22 行.
NOTIC: [8] Undefined index: catid /data/webroot/Application/Runtime/Cache/Home/2a94b8bda04ff446dcedd42276fc99ee.php 第 23 行.
NOTIC: [8] Undefined index: catid /data/webroot/Application/Runtime/Cache/Home/2a94b8bda04ff446dcedd42276fc99ee.php 第 23 行.
NOTIC: [8] Array to string conversion /data/webroot/Application/Runtime/Cache/Home/2a94b8bda04ff446dcedd42276fc99ee.php 第 38 行.
NOTIC: [8] Undefined variable: Array /data/webroot/Application/Runtime/Cache/Home/2a94b8bda04ff446dcedd42276fc99ee.php 第 38 行.
INFO: Run Behavior\ParseTemplateBehavior [ RunTime:0.023222s ]
INFO: [ view_parse ] --END-- [ RunTime:0.023259s ]
INFO: [ view_filter ] --START--
INFO: Run Behavior\WriteHtmlCacheBehavior [ RunTime:0.001081s ]
INFO: [ view_filter ] --END-- [ RunTime:0.001115s ]
INFO: [ app_end ] --START--
INFO: Run Behavior\ShowPageTraceBehavior [ RunTime:0.001219s ]
INFO: [ app_end ] --END-- [ RunTime:0.001257s ]

[ 2017-06-03T06:55:39+08:00 ] 172.16.67.0 /
INFO: [ app_init ] --START--
INFO: Run Behavior\BuildLiteBehavior [ RunTime:0.000017s ]
INFO: [ app_init ] --END-- [ RunTime:0.000393s ]
INFO: [ app_begin ] --START--
INFO: Run Behavior\ReadHtmlCacheBehavior [ RunTime:0.000427s ]
INFO: [ app_begin ] --END-- [ RunTime:0.000473s ]
NOTIC: [2048] Declaration of Common\Model\PositionContentModel::find() should be compatible with Think\Model::find($options = Array) /data/webroot/Application/Common/Model/PositionContentModel.class.php 第 8 行.
SQL: SHOW COLUMNS FROM `cms_position_content` [ RunTime:0.0009s ]
NOTIC: [8] Undefined index: title /data/webroot/Application/Common/Model/PositionContentModel.class.php 第 25 行.
SQL: SELECT * FROM `cms_position_content` WHERE `status` = 1 AND `position_id` = 2 ORDER BY listorder desc,id desc LIMIT 1   [ RunTime:0.0004s ]
NOTIC: [8] Undefined index: title /data/webroot/Application/Common/Model/PositionContentModel.class.php 第 25 行.
SQL: SELECT * FROM `cms_position_content` WHERE `status` = 1 AND `position_id` = 3 ORDER BY listorder desc,id desc LIMIT 3   [ RunTime:0.0003s ]
INFO: [ view_parse ] --START--
INFO: [ template_filter ] --START--
INFO: Run Behavior\ContentReplaceBehavior [ RunTime:0.000039s ]
INFO: [ template_filter ] --END-- [ RunTime:0.000084s ]
NOTIC: [2048] Declaration of Common\Model\BasicModel::save() should be compatible with Think\Model::save($data = '', $options = Array) /data/webroot/Application/Common/Model/BasicModel.class.php 第 26 行.
NOTIC: [2048] Declaration of Common\Model\BasicModel::select() should be compatible with Think\Model::select($options = Array) /data/webroot/Application/Common/Model/BasicModel.class.php 第 26 行.
NOTIC: [2048] Declaration of Common\Model\MenuModel::find() should be compatible with Think\Model::find($options = Array) /data/webroot/Application/Common/Model/MenuModel.class.php 第 95 行.
SQL: SHOW COLUMNS FROM `cms_menu` [ RunTime:0.0008s ]
SQL: SELECT * FROM `cms_menu` WHERE `status` = 1 AND `type` = 0 ORDER BY listorder desc,menu_id desc  [ RunTime:0.0003s ]
NOTIC: [8] Undefined index: catid /data/webroot/Application/Runtime/Cache/Home/2a94b8bda04ff446dcedd42276fc99ee.php 第 22 行.
NOTIC: [8] Undefined index: catid /data/webroot/Application/Runtime/Cache/Home/2a94b8bda04ff446dcedd42276fc99ee.php 第 23 行.
NOTIC: [8] Undefined index: catid /data/webroot/Application/Runtime/Cache/Home/2a94b8bda04ff446dcedd42276fc99ee.php 第 23 行.
INFO: Run Behavior\ParseTemplateBehavior [ RunTime:0.044665s ]
INFO: [ view_parse ] --END-- [ RunTime:0.044706s ]
INFO: [ view_filter ] --START--
INFO: Run Behavior\WriteHtmlCacheBehavior [ RunTime:0.000285s ]
INFO: [ view_filter ] --END-- [ RunTime:0.000335s ]
INFO: [ app_end ] --START--
INFO: Run Behavior\ShowPageTraceBehavior [ RunTime:0.000533s ]
INFO: [ app_end ] --END-- [ RunTime:0.000584s ]

[ 2017-06-03T06:55:46+08:00 ] 172.16.67.0 /index.php?c=detail&id=29
INFO: [ app_init ] --START--
INFO: Run Behavior\BuildLiteBehavior [ RunTime:0.000017s ]
INFO: [ app_init ] --END-- [ RunTime:0.000562s ]
INFO: [ app_begin ] --START--
INFO: Run Behavior\ReadHtmlCacheBehavior [ RunTime:0.000459s ]
INFO: [ app_begin ] --END-- [ RunTime:0.000517s ]
ERR: 无法加载控制器:Detail

[ 2017-06-03T11:21:16+08:00 ] 172.16.67.0 /?
INFO: [ app_init ] --START--
INFO: Run Behavior\BuildLiteBehavior [ RunTime:0.000028s ]
INFO: [ app_init ] --END-- [ RunTime:0.001362s ]
INFO: [ app_begin ] --START--
INFO: Run Behavior\ReadHtmlCacheBehavior [ RunTime:0.001338s ]
INFO: [ app_begin ] --END-- [ RunTime:0.001398s ]
NOTIC: [2048] Declaration of Common\Model\PositionContentModel::find() should be compatible with Think\Model::find($options = Array) /data/webroot/Application/Common/Model/PositionContentModel.class.php 第 8 行.
SQL: SHOW COLUMNS FROM `cms_position_content` [ RunTime:0.0014s ]
NOTIC: [8] Undefined index: title /data/webroot/Application/Common/Model/PositionContentModel.class.php 第 25 行.
SQL: SELECT * FROM `cms_position_content` WHERE `status` = 1 AND `position_id` = 2 ORDER BY listorder desc,id desc LIMIT 1   [ RunTime:0.0007s ]
NOTIC: [8] Undefined index: title /data/webroot/Application/Common/Model/PositionContentModel.class.php 第 25 行.
SQL: SELECT * FROM `cms_position_content` WHERE `status` = 1 AND `position_id` = 3 ORDER BY listorder desc,id desc LIMIT 3   [ RunTime:0.0004s ]
NOTIC: [2048] Declaration of Common\Model\NewsModel::find() should be compatible with Think\Model::find($options = Array) /data/webroot/Application/Common/Model/NewsModel.class.php 第 101 行.
SQL: SHOW COLUMNS FROM `cms_news` [ RunTime:0.0009s ]

[ 2017-06-03T13:10:24+08:00 ] 172.16.67.0 /?
INFO: [ app_init ] --START--
INFO: Run Behavior\BuildLiteBehavior [ RunTime:0.000023s ]
INFO: [ app_init ] --END-- [ RunTime:0.001412s ]
INFO: [ app_begin ] --START--
INFO: Run Behavior\ReadHtmlCacheBehavior [ RunTime:0.001296s ]
INFO: [ app_begin ] --END-- [ RunTime:0.001365s ]
NOTIC: [2048] Declaration of Common\Model\PositionContentModel::find() should be compatible with Think\Model::find($options = Array) /data/webroot/Application/Common/Model/PositionContentModel.class.php 第 8 行.
SQL: SHOW COLUMNS FROM `cms_position_content` [ RunTime:0.0141s ]
NOTIC: [8] Undefined index: title /data/webroot/Application/Common/Model/PositionContentModel.class.php 第 25 行.
SQL: SELECT * FROM `cms_position_content` WHERE `status` = 1 AND `position_id` = 2 ORDER BY listorder desc,id desc LIMIT 1   [ RunTime:0.0005s ]
NOTIC: [8] Undefined index: title /data/webroot/Application/Common/Model/PositionContentModel.class.php 第 25 行.
SQL: SELECT * FROM `cms_position_content` WHERE `status` = 1 AND `position_id` = 3 ORDER BY listorder desc,id desc LIMIT 3   [ RunTime:0.0002s ]
NOTIC: [2048] Declaration of Common\Model\NewsModel::find() should be compatible with Think\Model::find($options = Array) /data/webroot/Application/Common/Model/NewsModel.class.php 第 101 行.
SQL: SHOW COLUMNS FROM `cms_news` [ RunTime:0.0180s ]

[ 2017-06-03T14:58:05+08:00 ] 172.16.67.0 /?
INFO: [ app_init ] --START--
INFO: Run Behavior\BuildLiteBehavior [ RunTime:0.000022s ]
INFO: [ app_init ] --END-- [ RunTime:0.001143s ]
INFO: [ app_begin ] --START--
INFO: Run Behavior\ReadHtmlCacheBehavior [ RunTime:0.001063s ]
INFO: [ app_begin ] --END-- [ RunTime:0.001113s ]
NOTIC: [2048] Declaration of Common\Model\PositionContentModel::find() should be compatible with Think\Model::find($options = Array) /data/webroot/Application/Common/Model/PositionContentModel.class.php 第 8 行.
SQL: SHOW COLUMNS FROM `cms_position_content` [ RunTime:0.0022s ]
NOTIC: [8] Undefined index: title /data/webroot/Application/Common/Model/PositionContentModel.class.php 第 25 行.
SQL: SELECT * FROM `cms_position_content` WHERE `status` = 1 AND `position_id` = 2 ORDER BY listorder desc,id desc LIMIT 1   [ RunTime:0.0005s ]
NOTIC: [8] Undefined index: title /data/webroot/Application/Common/Model/PositionContentModel.class.php 第 25 行.
SQL: SELECT * FROM `cms_position_content` WHERE `status` = 1 AND `position_id` = 3 ORDER BY listorder desc,id desc LIMIT 3   [ RunTime:0.0003s ]
NOTIC: [2048] Declaration of Common\Model\NewsModel::find() should be compatible with Think\Model::find($options = Array) /data/webroot/Application/Common/Model/NewsModel.class.php 第 101 行.
SQL: SHOW COLUMNS FROM `cms_news` [ RunTime:0.0013s ]

[ 2017-06-03T16:46:50+08:00 ] 172.16.67.0 /?
INFO: [ app_init ] --START--
INFO: Run Behavior\BuildLiteBehavior [ RunTime:0.000027s ]
INFO: [ app_init ] --END-- [ RunTime:0.001615s ]
INFO: [ app_begin ] --START--
INFO: Run Behavior\ReadHtmlCacheBehavior [ RunTime:0.001172s ]
INFO: [ app_begin ] --END-- [ RunTime:0.001227s ]
NOTIC: [2048] Declaration of Common\Model\PositionContentModel::find() should be compatible with Think\Model::find($options = Array) /data/webroot/Application/Common/Model/PositionContentModel.class.php 第 8 行.
SQL: SHOW COLUMNS FROM `cms_position_content` [ RunTime:0.0035s ]
NOTIC: [8] Undefined index: title /data/webroot/Application/Common/Model/PositionContentModel.class.php 第 25 行.
SQL: SELECT * FROM `cms_position_content` WHERE `status` = 1 AND `position_id` = 2 ORDER BY listorder desc,id desc LIMIT 1   [ RunTime:0.0005s ]
NOTIC: [8] Undefined index: title /data/webroot/Application/Common/Model/PositionContentModel.class.php 第 25 行.
SQL: SELECT * FROM `cms_position_content` WHERE `status` = 1 AND `position_id` = 3 ORDER BY listorder desc,id desc LIMIT 3   [ RunTime:0.0003s ]
NOTIC: [2048] Declaration of Common\Model\NewsModel::find() should be compatible with Think\Model::find($options = Array) /data/webroot/Application/Common/Model/NewsModel.class.php 第 101 行.
SQL: SHOW COLUMNS FROM `cms_news` [ RunTime:0.0031s ]

[ 2017-06-03T18:14:49+08:00 ] 172.16.67.0 /?
INFO: [ app_init ] --START--
INFO: Run Behavior\BuildLiteBehavior [ RunTime:0.000021s ]
INFO: [ app_init ] --END-- [ RunTime:0.000925s ]
INFO: [ app_begin ] --START--
INFO: Run Behavior\ReadHtmlCacheBehavior [ RunTime:0.000917s ]
INFO: [ app_begin ] --END-- [ RunTime:0.000968s ]
NOTIC: [2048] Declaration of Common\Model\PositionContentModel::find() should be compatible with Think\Model::find($options = Array) /data/webroot/Application/Common/Model/PositionContentModel.class.php 第 8 行.
SQL: SHOW COLUMNS FROM `cms_position_content` [ RunTime:0.0022s ]
NOTIC: [8] Undefined index: title /data/webroot/Application/Common/Model/PositionContentModel.class.php 第 25 行.
SQL: SELECT * FROM `cms_position_content` WHERE `status` = 1 AND `position_id` = 2 ORDER BY listorder desc,id desc LIMIT 1   [ RunTime:0.0004s ]
NOTIC: [8] Undefined index: title /data/webroot/Application/Common/Model/PositionContentModel.class.php 第 25 行.
SQL: SELECT * FROM `cms_position_content` WHERE `status` = 1 AND `position_id` = 3 ORDER BY listorder desc,id desc LIMIT 3   [ RunTime:0.0002s ]
NOTIC: [2048] Declaration of Common\Model\NewsModel::find() should be compatible with Think\Model::find($options = Array) /data/webroot/Application/Common/Model/NewsModel.class.php 第 101 行.
SQL: SHOW COLUMNS FROM `cms_news` [ RunTime:0.0015s ]

[ 2017-06-03T18:26:56+08:00 ] 172.16.67.0 /
INFO: [ app_init ] --START--
INFO: Run Behavior\BuildLiteBehavior [ RunTime:0.000015s ]
INFO: [ app_init ] --END-- [ RunTime:0.001255s ]
INFO: [ app_begin ] --START--
INFO: Run Behavior\ReadHtmlCacheBehavior [ RunTime:0.001124s ]
INFO: [ app_begin ] --END-- [ RunTime:0.001176s ]
NOTIC: [2048] Declaration of Common\Model\PositionContentModel::find() should be compatible with Think\Model::find($options = Array) /data/webroot/Application/Common/Model/PositionContentModel.class.php 第 8 行.
SQL: SHOW COLUMNS FROM `cms_position_content` [ RunTime:0.0017s ]
NOTIC: [8] Undefined index: title /data/webroot/Application/Common/Model/PositionContentModel.class.php 第 25 行.
SQL: SELECT * FROM `cms_position_content` WHERE `status` = 1 AND `position_id` = 2 ORDER BY listorder desc,id desc LIMIT 1   [ RunTime:0.0005s ]
NOTIC: [8] Undefined index: title /data/webroot/Application/Common/Model/PositionContentModel.class.php 第 25 行.
SQL: SELECT * FROM `cms_position_content` WHERE `status` = 1 AND `position_id` = 3 ORDER BY listorder desc,id desc LIMIT 3   [ RunTime:0.0004s ]
NOTIC: [2048] Declaration of Common\Model\NewsModel::find() should be compatible with Think\Model::find($options = Array) /data/webroot/Application/Common/Model/NewsModel.class.php 第 101 行.
SQL: SHOW COLUMNS FROM `cms_news` [ RunTime:0.0016s ]

[ 2017-06-03T18:28:00+08:00 ] 172.16.67.0 /
INFO: [ app_init ] --START--
INFO: Run Behavior\BuildLiteBehavior [ RunTime:0.000021s ]
INFO: [ app_init ] --END-- [ RunTime:0.000642s ]
INFO: [ app_begin ] --START--
INFO: Run Behavior\ReadHtmlCacheBehavior [ RunTime:0.000689s ]
INFO: [ app_begin ] --END-- [ RunTime:0.000760s ]
NOTIC: [2048] Declaration of Common\Model\PositionContentModel::find() should be compatible with Think\Model::find($options = Array) /data/webroot/Application/Common/Model/PositionContentModel.class.php 第 8 行.
SQL: SHOW COLUMNS FROM `cms_position_content` [ RunTime:0.0019s ]
NOTIC: [8] Undefined index: title /data/webroot/Application/Common/Model/PositionContentModel.class.php 第 25 行.
SQL: SELECT * FROM `cms_position_content` WHERE `status` = 1 AND `position_id` = 2 ORDER BY listorder desc,id desc LIMIT 1   [ RunTime:0.0004s ]
NOTIC: [8] Undefined index: title /data/webroot/Application/Common/Model/PositionContentModel.class.php 第 25 行.
SQL: SELECT * FROM `cms_position_content` WHERE `status` = 1 AND `position_id` = 3 ORDER BY listorder desc,id desc LIMIT 3   [ RunTime:0.0002s ]
NOTIC: [2048] Declaration of Common\Model\NewsModel::find() should be compatible with Think\Model::find($options = Array) /data/webroot/Application/Common/Model/NewsModel.class.php 第 113 行.
SQL: SHOW COLUMNS FROM `cms_news` [ RunTime:0.0013s ]
NOTIC: [8] Undefined index: title /data/webroot/Application/Common/Model/NewsModel.class.php 第 102 行.
ERR: 1054:Unknown column 'id' in 'order clause'
 [ SQL语句 ] : SELECT * FROM `cms_news` WHERE `status` = 1 AND `thumb` <> '' ORDER BY listorder desc,id desc LIMIT 30  
ERR: 1054:Unknown column 'id' in 'order clause'
 [ SQL语句 ] : SELECT * FROM `cms_news` WHERE `status` = 1 AND `thumb` <> '' ORDER BY listorder desc,id desc LIMIT 30  

[ 2017-06-03T18:29:05+08:00 ] 172.16.67.0 /
INFO: [ app_init ] --START--
INFO: Run Behavior\BuildLiteBehavior [ RunTime:0.000018s ]
INFO: [ app_init ] --END-- [ RunTime:0.000625s ]
INFO: [ app_begin ] --START--
INFO: Run Behavior\ReadHtmlCacheBehavior [ RunTime:0.000459s ]
INFO: [ app_begin ] --END-- [ RunTime:0.000527s ]
NOTIC: [2048] Declaration of Common\Model\PositionContentModel::find() should be compatible with Think\Model::find($options = Array) /data/webroot/Application/Common/Model/PositionContentModel.class.php 第 8 行.
SQL: SHOW COLUMNS FROM `cms_position_content` [ RunTime:0.0007s ]
NOTIC: [8] Undefined index: title /data/webroot/Application/Common/Model/PositionContentModel.class.php 第 25 行.
SQL: SELECT * FROM `cms_position_content` WHERE `status` = 1 AND `position_id` = 2 ORDER BY listorder desc,id desc LIMIT 1   [ RunTime:0.0005s ]
NOTIC: [8] Undefined index: title /data/webroot/Application/Common/Model/PositionContentModel.class.php 第 25 行.
SQL: SELECT * FROM `cms_position_content` WHERE `status` = 1 AND `position_id` = 3 ORDER BY listorder desc,id desc LIMIT 3   [ RunTime:0.0002s ]
NOTIC: [2048] Declaration of Common\Model\NewsModel::find() should be compatible with Think\Model::find($options = Array) /data/webroot/Application/Common/Model/NewsModel.class.php 第 113 行.
SQL: SHOW COLUMNS FROM `cms_news` [ RunTime:0.0004s ]
NOTIC: [8] Undefined index: title /data/webroot/Application/Common/Model/NewsModel.class.php 第 102 行.
ERR: 1054:Unknown column 'menu_id' in 'order clause'
 [ SQL语句 ] : SELECT * FROM `cms_news` WHERE `status` = 1 AND `thumb` <> '' ORDER BY listorder desc,menu_id desc LIMIT 30  
ERR: 1054:Unknown column 'menu_id' in 'order clause'
 [ SQL语句 ] : SELECT * FROM `cms_news` WHERE `status` = 1 AND `thumb` <> '' ORDER BY listorder desc,menu_id desc LIMIT 30  

[ 2017-06-03T18:29:16+08:00 ] 172.16.67.0 /
INFO: [ app_init ] --START--
INFO: Run Behavior\BuildLiteBehavior [ RunTime:0.000017s ]
INFO: [ app_init ] --END-- [ RunTime:0.000375s ]
INFO: [ app_begin ] --START--
INFO: Run Behavior\ReadHtmlCacheBehavior [ RunTime:0.000436s ]
INFO: [ app_begin ] --END-- [ RunTime:0.000511s ]
NOTIC: [2048] Declaration of Common\Model\PositionContentModel::find() should be compatible with Think\Model::find($options = Array) /data/webroot/Application/Common/Model/PositionContentModel.class.php 第 8 行.
SQL: SHOW COLUMNS FROM `cms_position_content` [ RunTime:0.0017s ]
NOTIC: [8] Undefined index: title /data/webroot/Application/Common/Model/PositionContentModel.class.php 第 25 行.
SQL: SELECT * FROM `cms_position_content` WHERE `status` = 1 AND `position_id` = 2 ORDER BY listorder desc,id desc LIMIT 1   [ RunTime:0.0003s ]
NOTIC: [8] Undefined index: title /data/webroot/Application/Common/Model/PositionContentModel.class.php 第 25 行.
SQL: SELECT * FROM `cms_position_content` WHERE `status` = 1 AND `position_id` = 3 ORDER BY listorder desc,id desc LIMIT 3   [ RunTime:0.0003s ]
NOTIC: [2048] Declaration of Common\Model\NewsModel::find() should be compatible with Think\Model::find($options = Array) /data/webroot/Application/Common/Model/NewsModel.class.php 第 113 行.
SQL: SHOW COLUMNS FROM `cms_news` [ RunTime:0.0012s ]
NOTIC: [8] Undefined index: title /data/webroot/Application/Common/Model/NewsModel.class.php 第 102 行.
SQL: SELECT * FROM `cms_news` WHERE `status` = 1 AND `thumb` <> '' ORDER BY listorder desc,news_id desc LIMIT 30   [ RunTime:0.0120s ]
NOTIC: [8] Undefined index: title /data/webroot/Application/Common/Model/PositionContentModel.class.php 第 25 行.
SQL: SELECT * FROM `cms_position_content` WHERE `status` = 1 AND `position_id` = 5 ORDER BY listorder desc,id desc LIMIT 2   [ RunTime:0.0003s ]
INFO: [ view_parse ] --START--
INFO: [ template_filter ] --START--
INFO: Run Behavior\ContentReplaceBehavior [ RunTime:0.000081s ]
INFO: [ template_filter ] --END-- [ RunTime:0.000153s ]
NOTIC: [2048] Declaration of Common\Model\BasicModel::save() should be compatible with Think\Model::save($data = '', $options = Array) /data/webroot/Application/Common/Model/BasicModel.class.php 第 26 行.
NOTIC: [2048] Declaration of Common\Model\BasicModel::select() should be compatible with Think\Model::select($options = Array) /data/webroot/Application/Common/Model/BasicModel.class.php 第 26 行.
NOTIC: [2048] Declaration of Common\Model\MenuModel::find() should be compatible with Think\Model::find($options = Array) /data/webroot/Application/Common/Model/MenuModel.class.php 第 95 行.
SQL: SHOW COLUMNS FROM `cms_menu` [ RunTime:0.0595s ]
SQL: SELECT * FROM `cms_menu` WHERE `status` = 1 AND `type` = 0 ORDER BY listorder desc,menu_id desc  [ RunTime:0.0004s ]
NOTIC: [8] Undefined index: catid /data/webroot/Application/Runtime/Cache/Home/2a94b8bda04ff446dcedd42276fc99ee.php 第 22 行.
NOTIC: [8] Undefined index: catid /data/webroot/Application/Runtime/Cache/Home/2a94b8bda04ff446dcedd42276fc99ee.php 第 23 行.
NOTIC: [8] Undefined index: catid /data/webroot/Application/Runtime/Cache/Home/2a94b8bda04ff446dcedd42276fc99ee.php 第 23 行.
INFO: Run Behavior\ParseTemplateBehavior [ RunTime:0.119781s ]
INFO: [ view_parse ] --END-- [ RunTime:0.119829s ]
INFO: [ view_filter ] --START--
INFO: Run Behavior\WriteHtmlCacheBehavior [ RunTime:0.001204s ]
INFO: [ view_filter ] --END-- [ RunTime:0.001254s ]
INFO: [ app_end ] --START--
INFO: Run Behavior\ShowPageTraceBehavior [ RunTime:0.001361s ]
INFO: [ app_end ] --END-- [ RunTime:0.001445s ]

[ 2017-06-03T18:30:37+08:00 ] 172.16.67.0 /index.php?c=detail&id=0
INFO: [ app_init ] --START--
INFO: Run Behavior\BuildLiteBehavior [ RunTime:0.000012s ]
INFO: [ app_init ] --END-- [ RunTime:0.000351s ]
INFO: [ app_begin ] --START--
INFO: Run Behavior\ReadHtmlCacheBehavior [ RunTime:0.000421s ]
INFO: [ app_begin ] --END-- [ RunTime:0.000464s ]
ERR: 无法加载控制器:Detail

[ 2017-06-03T20:09:46+08:00 ] 172.16.67.0 /?
INFO: [ app_init ] --START--
INFO: Run Behavior\BuildLiteBehavior [ RunTime:0.000014s ]
INFO: [ app_init ] --END-- [ RunTime:0.001036s ]
INFO: [ app_begin ] --START--
INFO: Run Behavior\ReadHtmlCacheBehavior [ RunTime:0.001157s ]
INFO: [ app_begin ] --END-- [ RunTime:0.001206s ]

[ 2017-06-03T21:19:07+08:00 ] 172.16.67.0 /?
INFO: [ app_init ] --START--
INFO: Run Behavior\BuildLiteBehavior [ RunTime:0.000028s ]
INFO: [ app_init ] --END-- [ RunTime:0.001479s ]
INFO: [ app_begin ] --START--
INFO: Run Behavior\ReadHtmlCacheBehavior [ RunTime:0.001414s ]
INFO: [ app_begin ] --END-- [ RunTime:0.001460s ]

[ 2017-06-03T23:06:31+08:00 ] 172.16.67.0 /
INFO: [ app_init ] --START--
INFO: Run Behavior\BuildLiteBehavior [ RunTime:0.000018s ]
INFO: [ app_init ] --END-- [ RunTime:0.000963s ]
INFO: [ app_begin ] --START--
INFO: Run Behavior\ReadHtmlCacheBehavior [ RunTime:0.001119s ]
INFO: [ app_begin ] --END-- [ RunTime:0.001161s ]

[ 2017-06-03T23:07:29+08:00 ] 172.16.67.0 /
INFO: [ app_init ] --START--
INFO: Run Behavior\BuildLiteBehavior [ RunTime:0.000017s ]
INFO: [ app_init ] --END-- [ RunTime:0.000413s ]
INFO: [ app_begin ] --START--
INFO: Run Behavior\ReadHtmlCacheBehavior [ RunTime:0.000579s ]
INFO: [ app_begin ] --END-- [ RunTime:0.000632s ]

[ 2017-06-03T23:07:57+08:00 ] 172.16.67.0 /
INFO: [ app_init ] --START--
INFO: Run Behavior\BuildLiteBehavior [ RunTime:0.000015s ]
INFO: [ app_init ] --END-- [ RunTime:0.000563s ]
INFO: [ app_begin ] --START--
INFO: Run Behavior\ReadHtmlCacheBehavior [ RunTime:0.000698s ]
INFO: [ app_begin ] --END-- [ RunTime:0.000764s ]

[ 2017-06-03T23:08:29+08:00 ] 172.16.67.0 /
INFO: [ app_init ] --START--
INFO: Run Behavior\BuildLiteBehavior [ RunTime:0.000014s ]
INFO: [ app_init ] --END-- [ RunTime:0.000367s ]
INFO: [ app_begin ] --START--
INFO: Run Behavior\ReadHtmlCacheBehavior [ RunTime:0.000438s ]
INFO: [ app_begin ] --END-- [ RunTime:0.000501s ]

[ 2017-06-03T23:09:00+08:00 ] 172.16.67.0 /
INFO: [ app_init ] --START--
INFO: Run Behavior\BuildLiteBehavior [ RunTime:0.000016s ]
INFO: [ app_init ] --END-- [ RunTime:0.000593s ]
INFO: [ app_begin ] --START--
INFO: Run Behavior\ReadHtmlCacheBehavior [ RunTime:0.000487s ]
INFO: [ app_begin ] --END-- [ RunTime:0.000552s ]
NOTIC: [2048] Declaration of Common\Model\NewsModel::find() should be compatible with Think\Model::find($options = Array) /data/webroot/Application/Common/Model/NewsModel.class.php 第 8 行.
SQL: SHOW COLUMNS FROM `cms_news` [ RunTime:0.0019s ]
SQL: SELECT * FROM `cms_news` WHERE `status` = 1 ORDER BY count desc,news_id desc  [ RunTime:0.0005s ]
NOTIC: [2048] Declaration of Common\Model\PositionContentModel::find() should be compatible with Think\Model::find($options = Array) /data/webroot/Application/Common/Model/PositionContentModel.class.php 第 72 行.
SQL: SHOW COLUMNS FROM `cms_position_content` [ RunTime:0.0011s ]
NOTIC: [8] Undefined index: title /data/webroot/Application/Common/Model/PositionContentModel.class.php 第 25 行.
SQL: SELECT * FROM `cms_position_content` WHERE `status` = 1 AND `position_id` = 2 ORDER BY listorder desc,id desc LIMIT 1   [ RunTime:0.0003s ]
NOTIC: [8] Undefined index: title /data/webroot/Application/Common/Model/PositionContentModel.class.php 第 25 行.
SQL: SELECT * FROM `cms_position_content` WHERE `status` = 1 AND `position_id` = 3 ORDER BY listorder desc,id desc LIMIT 3   [ RunTime:0.0002s ]
NOTIC: [8] Undefined index: title /data/webroot/Application/Common/Model/NewsModel.class.php 第 102 行.
SQL: SELECT * FROM `cms_news` WHERE `status` = 1 AND `thumb` <> '' ORDER BY listorder desc,news_id desc LIMIT 30   [ RunTime:0.0003s ]
NOTIC: [8] Undefined index: title /data/webroot/Application/Common/Model/PositionContentModel.class.php 第 25 行.
SQL: SELECT * FROM `cms_position_content` WHERE `status` = 1 AND `position_id` = 5 ORDER BY listorder desc,id desc LIMIT 2   [ RunTime:0.0002s ]
INFO: [ view_parse ] --START--
INFO: [ template_filter ] --START--
INFO: Run Behavior\ContentReplaceBehavior [ RunTime:0.000045s ]
INFO: [ template_filter ] --END-- [ RunTime:0.000085s ]
NOTIC: [2048] Declaration of Common\Model\BasicModel::save() should be compatible with Think\Model::save($data = '', $options = Array) /data/webroot/Application/Common/Model/BasicModel.class.php 第 26 行.
NOTIC: [2048] Declaration of Common\Model\BasicModel::select() should be compatible with Think\Model::select($options = Array) /data/webroot/Application/Common/Model/BasicModel.class.php 第 26 行.
NOTIC: [2048] Declaration of Common\Model\MenuModel::find() should be compatible with Think\Model::find($options = Array) /data/webroot/Application/Common/Model/MenuModel.class.php 第 95 行.
SQL: SHOW COLUMNS FROM `cms_menu` [ RunTime:0.0015s ]
SQL: SELECT * FROM `cms_menu` WHERE `status` = 1 AND `type` = 0 ORDER BY listorder desc,menu_id desc  [ RunTime:0.0004s ]
NOTIC: [8] Undefined index: catid /data/webroot/Application/Runtime/Cache/Home/2a94b8bda04ff446dcedd42276fc99ee.php 第 22 行.
NOTIC: [8] Undefined index: catid /data/webroot/Application/Runtime/Cache/Home/2a94b8bda04ff446dcedd42276fc99ee.php 第 23 行.
NOTIC: [8] Undefined index: catid /data/webroot/Application/Runtime/Cache/Home/2a94b8bda04ff446dcedd42276fc99ee.php 第 23 行.
INFO: Run Behavior\ParseTemplateBehavior [ RunTime:0.043694s ]
INFO: [ view_parse ] --END-- [ RunTime:0.043735s ]
INFO: [ view_filter ] --START--
INFO: Run Behavior\WriteHtmlCacheBehavior [ RunTime:0.000761s ]
INFO: [ view_filter ] --END-- [ RunTime:0.000795s ]
INFO: [ app_end ] --START--
INFO: Run Behavior\ShowPageTraceBehavior [ RunTime:0.001045s ]
INFO: [ app_end ] --END-- [ RunTime:0.001087s ]

[ 2017-06-03T23:10:32+08:00 ] 172.16.67.0 /
INFO: [ app_init ] --START--
INFO: Run Behavior\BuildLiteBehavior [ RunTime:0.000025s ]
INFO: [ app_init ] --END-- [ RunTime:0.001179s ]
INFO: [ app_begin ] --START--
INFO: Run Behavior\ReadHtmlCacheBehavior [ RunTime:0.001328s ]
INFO: [ app_begin ] --END-- [ RunTime:0.001378s ]
NOTIC: [2048] Declaration of Common\Model\NewsModel::find() should be compatible with Think\Model::find($options = Array) /data/webroot/Application/Common/Model/NewsModel.class.php 第 8 行.
SQL: SHOW COLUMNS FROM `cms_news` [ RunTime:0.0018s ]
SQL: SELECT * FROM `cms_news` WHERE `status` = 1 ORDER BY count desc,news_id desc  [ RunTime:0.0005s ]
NOTIC: [2048] Declaration of Common\Model\PositionContentModel::find() should be compatible with Think\Model::find($options = Array) /data/webroot/Application/Common/Model/PositionContentModel.class.php 第 72 行.
SQL: SHOW COLUMNS FROM `cms_position_content` [ RunTime:0.0012s ]
NOTIC: [8] Undefined index: title /data/webroot/Application/Common/Model/PositionContentModel.class.php 第 25 行.
SQL: SELECT * FROM `cms_position_content` WHERE `status` = 1 AND `position_id` = 2 ORDER BY listorder desc,id desc LIMIT 1   [ RunTime:0.0005s ]
NOTIC: [8] Undefined index: title /data/webroot/Application/Common/Model/PositionContentModel.class.php 第 25 行.
SQL: SELECT * FROM `cms_position_content` WHERE `status` = 1 AND `position_id` = 3 ORDER BY listorder desc,id desc LIMIT 3   [ RunTime:0.0003s ]
NOTIC: [8] Undefined index: title /data/webroot/Application/Common/Model/NewsModel.class.php 第 102 行.
SQL: SELECT * FROM `cms_news` WHERE `status` = 1 AND `thumb` <> '' ORDER BY listorder desc,news_id desc LIMIT 30   [ RunTime:0.0004s ]
NOTIC: [8] Undefined index: title /data/webroot/Application/Common/Model/PositionContentModel.class.php 第 25 行.
SQL: SELECT * FROM `cms_position_content` WHERE `status` = 1 AND `position_id` = 5 ORDER BY listorder desc,id desc LIMIT 2   [ RunTime:0.0002s ]
INFO: [ view_parse ] --START--
INFO: [ template_filter ] --START--
INFO: Run Behavior\ContentReplaceBehavior [ RunTime:0.000046s ]
INFO: [ template_filter ] --END-- [ RunTime:0.000110s ]
NOTIC: [2048] Declaration of Common\Model\BasicModel::save() should be compatible with Think\Model::save($data = '', $options = Array) /data/webroot/Application/Common/Model/BasicModel.class.php 第 26 行.
NOTIC: [2048] Declaration of Common\Model\BasicModel::select() should be compatible with Think\Model::select($options = Array) /data/webroot/Application/Common/Model/BasicModel.class.php 第 26 行.
NOTIC: [2048] Declaration of Common\Model\MenuModel::find() should be compatible with Think\Model::find($options = Array) /data/webroot/Application/Common/Model/MenuModel.class.php 第 95 行.
SQL: SHOW COLUMNS FROM `cms_menu` [ RunTime:0.0015s ]
SQL: SELECT * FROM `cms_menu` WHERE `status` = 1 AND `type` = 0 ORDER BY listorder desc,menu_id desc  [ RunTime:0.0004s ]
NOTIC: [8] Undefined index: catid /data/webroot/Application/Runtime/Cache/Home/2a94b8bda04ff446dcedd42276fc99ee.php 第 22 行.
NOTIC: [8] Undefined index: catid /data/webroot/Application/Runtime/Cache/Home/2a94b8bda04ff446dcedd42276fc99ee.php 第 23 行.
NOTIC: [8] Undefined index: catid /data/webroot/Application/Runtime/Cache/Home/2a94b8bda04ff446dcedd42276fc99ee.php 第 23 行.
INFO: Run Behavior\ParseTemplateBehavior [ RunTime:0.026420s ]
INFO: [ view_parse ] --END-- [ RunTime:0.026463s ]
INFO: [ view_filter ] --START--
INFO: Run Behavior\WriteHtmlCacheBehavior [ RunTime:0.001013s ]
INFO: [ view_filter ] --END-- [ RunTime:0.001076s ]
INFO: [ app_end ] --START--
INFO: Run Behavior\ShowPageTraceBehavior [ RunTime:0.001268s ]
INFO: [ app_end ] --END-- [ RunTime:0.001313s ]

[ 2017-06-03T23:11:40+08:00 ] 172.16.67.0 /
INFO: [ app_init ] --START--
INFO: Run Behavior\BuildLiteBehavior [ RunTime:0.000017s ]
INFO: [ app_init ] --END-- [ RunTime:0.000568s ]
INFO: [ app_begin ] --START--
INFO: Run Behavior\ReadHtmlCacheBehavior [ RunTime:0.000713s ]
INFO: [ app_begin ] --END-- [ RunTime:0.000766s ]
NOTIC: [2048] Declaration of Common\Model\NewsModel::find() should be compatible with Think\Model::find($options = Array) /data/webroot/Application/Common/Model/NewsModel.class.php 第 8 行.
SQL: SHOW COLUMNS FROM `cms_news` [ RunTime:0.0018s ]
SQL: SELECT * FROM `cms_news` WHERE `status` = 1 ORDER BY count desc,news_id desc  [ RunTime:0.0005s ]
NOTIC: [2048] Declaration of Common\Model\PositionContentModel::find() should be compatible with Think\Model::find($options = Array) /data/webroot/Application/Common/Model/PositionContentModel.class.php 第 72 行.
SQL: SHOW COLUMNS FROM `cms_position_content` [ RunTime:0.0011s ]
NOTIC: [8] Undefined index: title /data/webroot/Application/Common/Model/PositionContentModel.class.php 第 25 行.
SQL: SELECT * FROM `cms_position_content` WHERE `status` = 1 AND `position_id` = 2 ORDER BY listorder desc,id desc LIMIT 1   [ RunTime:0.0003s ]
NOTIC: [8] Undefined index: title /data/webroot/Application/Common/Model/PositionContentModel.class.php 第 25 行.
SQL: SELECT * FROM `cms_position_content` WHERE `status` = 1 AND `position_id` = 3 ORDER BY listorder desc,id desc LIMIT 3   [ RunTime:0.0002s ]
NOTIC: [8] Undefined index: title /data/webroot/Application/Common/Model/NewsModel.class.php 第 102 行.
SQL: SELECT * FROM `cms_news` WHERE `status` = 1 AND `thumb` <> '' ORDER BY listorder desc,news_id desc LIMIT 30   [ RunTime:0.0003s ]
NOTIC: [8] Undefined index: title /data/webroot/Application/Common/Model/PositionContentModel.class.php 第 25 行.
SQL: SELECT * FROM `cms_position_content` WHERE `status` = 1 AND `position_id` = 5 ORDER BY listorder desc,id desc LIMIT 2   [ RunTime:0.0002s ]
INFO: [ view_parse ] --START--
INFO: [ template_filter ] --START--
INFO: Run Behavior\ContentReplaceBehavior [ RunTime:0.000058s ]
INFO: [ template_filter ] --END-- [ RunTime:0.000113s ]
NOTIC: [2048] Declaration of Common\Model\BasicModel::save() should be compatible with Think\Model::save($data = '', $options = Array) /data/webroot/Application/Common/Model/BasicModel.class.php 第 26 行.
NOTIC: [2048] Declaration of Common\Model\BasicModel::select() should be compatible with Think\Model::select($options = Array) /data/webroot/Application/Common/Model/BasicModel.class.php 第 26 行.
NOTIC: [2048] Declaration of Common\Model\MenuModel::find() should be compatible with Think\Model::find($options = Array) /data/webroot/Application/Common/Model/MenuModel.class.php 第 95 行.
SQL: SHOW COLUMNS FROM `cms_menu` [ RunTime:0.0013s ]
SQL: SELECT * FROM `cms_menu` WHERE `status` = 1 AND `type` = 0 ORDER BY listorder desc,menu_id desc  [ RunTime:0.0004s ]
NOTIC: [8] Undefined index: catid /data/webroot/Application/Runtime/Cache/Home/2a94b8bda04ff446dcedd42276fc99ee.php 第 22 行.
NOTIC: [8] Undefined index: catid /data/webroot/Application/Runtime/Cache/Home/2a94b8bda04ff446dcedd42276fc99ee.php 第 23 行.
NOTIC: [8] Undefined index: catid /data/webroot/Application/Runtime/Cache/Home/2a94b8bda04ff446dcedd42276fc99ee.php 第 23 行.
INFO: Run Behavior\ParseTemplateBehavior [ RunTime:0.027009s ]
INFO: [ view_parse ] --END-- [ RunTime:0.027048s ]
INFO: [ view_filter ] --START--
INFO: Run Behavior\WriteHtmlCacheBehavior [ RunTime:0.000435s ]
INFO: [ view_filter ] --END-- [ RunTime:0.000475s ]
INFO: [ app_end ] --START--
INFO: Run Behavior\ShowPageTraceBehavior [ RunTime:0.000696s ]
INFO: [ app_end ] --END-- [ RunTime:0.000740s ]

[ 2017-06-03T23:12:03+08:00 ] 172.16.67.0 /
INFO: [ app_init ] --START--
INFO: Run Behavior\BuildLiteBehavior [ RunTime:0.000021s ]
INFO: [ app_init ] --END-- [ RunTime:0.000378s ]
INFO: [ app_begin ] --START--
INFO: Run Behavior\ReadHtmlCacheBehavior [ RunTime:0.000433s ]
INFO: [ app_begin ] --END-- [ RunTime:0.000479s ]
NOTIC: [2048] Declaration of Common\Model\NewsModel::find() should be compatible with Think\Model::find($options = Array) /data/webroot/Application/Common/Model/NewsModel.class.php 第 8 行.
SQL: SHOW COLUMNS FROM `cms_news` [ RunTime:0.0008s ]
SQL: SELECT * FROM `cms_news` WHERE `status` = 1 ORDER BY count desc,news_id desc  [ RunTime:0.0005s ]
NOTIC: [2048] Declaration of Common\Model\PositionContentModel::find() should be compatible with Think\Model::find($options = Array) /data/webroot/Application/Common/Model/PositionContentModel.class.php 第 72 行.
SQL: SHOW COLUMNS FROM `cms_position_content` [ RunTime:0.0006s ]
NOTIC: [8] Undefined index: title /data/webroot/Application/Common/Model/PositionContentModel.class.php 第 25 行.
SQL: SELECT * FROM `cms_position_content` WHERE `status` = 1 AND `position_id` = 2 ORDER BY listorder desc,id desc LIMIT 1   [ RunTime:0.0003s ]
NOTIC: [8] Undefined index: title /data/webroot/Application/Common/Model/PositionContentModel.class.php 第 25 行.
SQL: SELECT * FROM `cms_position_content` WHERE `status` = 1 AND `position_id` = 3 ORDER BY listorder desc,id desc LIMIT 3   [ RunTime:0.0002s ]
NOTIC: [8] Undefined index: title /data/webroot/Application/Common/Model/NewsModel.class.php 第 102 行.
SQL: SELECT * FROM `cms_news` WHERE `status` = 1 AND `thumb` <> '' ORDER BY listorder desc,news_id desc LIMIT 30   [ RunTime:0.0003s ]
NOTIC: [8] Undefined index: title /data/webroot/Application/Common/Model/PositionContentModel.class.php 第 25 行.
SQL: SELECT * FROM `cms_position_content` WHERE `status` = 1 AND `position_id` = 5 ORDER BY listorder desc,id desc LIMIT 2   [ RunTime:0.0002s ]
INFO: [ view_parse ] --START--
INFO: [ template_filter ] --START--
INFO: Run Behavior\ContentReplaceBehavior [ RunTime:0.000044s ]
INFO: [ template_filter ] --END-- [ RunTime:0.000095s ]
NOTIC: [2048] Declaration of Common\Model\BasicModel::save() should be compatible with Think\Model::save($data = '', $options = Array) /data/webroot/Application/Common/Model/BasicModel.class.php 第 26 行.
NOTIC: [2048] Declaration of Common\Model\BasicModel::select() should be compatible with Think\Model::select($options = Array) /data/webroot/Application/Common/Model/BasicModel.class.php 第 26 行.
NOTIC: [2048] Declaration of Common\Model\MenuModel::find() should be compatible with Think\Model::find($options = Array) /data/webroot/Application/Common/Model/MenuModel.class.php 第 95 行.
SQL: SHOW COLUMNS FROM `cms_menu` [ RunTime:0.0007s ]
SQL: SELECT * FROM `cms_menu` WHERE `status` = 1 AND `type` = 0 ORDER BY listorder desc,menu_id desc  [ RunTime:0.0003s ]
NOTIC: [8] Undefined index: catid /data/webroot/Application/Runtime/Cache/Home/2a94b8bda04ff446dcedd42276fc99ee.php 第 22 行.
NOTIC: [8] Undefined index: catid /data/webroot/Application/Runtime/Cache/Home/2a94b8bda04ff446dcedd42276fc99ee.php 第 23 行.
NOTIC: [8] Undefined index: catid /data/webroot/Application/Runtime/Cache/Home/2a94b8bda04ff446dcedd42276fc99ee.php 第 23 行.
INFO: Run Behavior\ParseTemplateBehavior [ RunTime:0.015769s ]
INFO: [ view_parse ] --END-- [ RunTime:0.015809s ]
INFO: [ view_filter ] --START--
INFO: Run Behavior\WriteHtmlCacheBehavior [ RunTime:0.000232s ]
INFO: [ view_filter ] --END-- [ RunTime:0.000277s ]
INFO: [ app_end ] --START--
INFO: Run Behavior\ShowPageTraceBehavior [ RunTime:0.000510s ]
INFO: [ app_end ] --END-- [ RunTime:0.000552s ]

[ 2017-06-03T23:13:00+08:00 ] 172.16.67.0 /
INFO: [ app_init ] --START--
INFO: Run Behavior\BuildLiteBehavior [ RunTime:0.000016s ]
INFO: [ app_init ] --END-- [ RunTime:0.000382s ]
INFO: [ app_begin ] --START--
INFO: Run Behavior\ReadHtmlCacheBehavior [ RunTime:0.000524s ]
INFO: [ app_begin ] --END-- [ RunTime:0.000594s ]
NOTIC: [2048] Declaration of Common\Model\NewsModel::find() should be compatible with Think\Model::find($options = Array) /data/webroot/Application/Common/Model/NewsModel.class.php 第 8 行.
SQL: SHOW COLUMNS FROM `cms_news` [ RunTime:0.0026s ]
SQL: SELECT * FROM `cms_news` WHERE `status` = 1 ORDER BY count desc,news_id desc  [ RunTime:0.0005s ]
NOTIC: [2048] Declaration of Common\Model\PositionContentModel::find() should be compatible with Think\Model::find($options = Array) /data/webroot/Application/Common/Model/PositionContentModel.class.php 第 72 行.
SQL: SHOW COLUMNS FROM `cms_position_content` [ RunTime:0.0013s ]
NOTIC: [8] Undefined index: title /data/webroot/Application/Common/Model/PositionContentModel.class.php 第 25 行.
SQL: SELECT * FROM `cms_position_content` WHERE `status` = 1 AND `position_id` = 2 ORDER BY listorder desc,id desc LIMIT 1   [ RunTime:0.0004s ]
NOTIC: [8] Undefined index: title /data/webroot/Application/Common/Model/PositionContentModel.class.php 第 25 行.
SQL: SELECT * FROM `cms_position_content` WHERE `status` = 1 AND `position_id` = 3 ORDER BY listorder desc,id desc LIMIT 3   [ RunTime:0.0003s ]
NOTIC: [8] Undefined index: title /data/webroot/Application/Common/Model/NewsModel.class.php 第 102 行.
SQL: SELECT * FROM `cms_news` WHERE `status` = 1 AND `thumb` <> '' ORDER BY listorder desc,news_id desc LIMIT 30   [ RunTime:0.0004s ]
NOTIC: [8] Undefined index: title /data/webroot/Application/Common/Model/PositionContentModel.class.php 第 25 行.
SQL: SELECT * FROM `cms_position_content` WHERE `status` = 1 AND `position_id` = 5 ORDER BY listorder desc,id desc LIMIT 2   [ RunTime:0.0002s ]
INFO: [ view_parse ] --START--
INFO: [ template_filter ] --START--
INFO: Run Behavior\ContentReplaceBehavior [ RunTime:0.000043s ]
INFO: [ template_filter ] --END-- [ RunTime:0.000089s ]
NOTIC: [2048] Declaration of Common\Model\BasicModel::save() should be compatible with Think\Model::save($data = '', $options = Array) /data/webroot/Application/Common/Model/BasicModel.class.php 第 26 行.
NOTIC: [2048] Declaration of Common\Model\BasicModel::select() should be compatible with Think\Model::select($options = Array) /data/webroot/Application/Common/Model/BasicModel.class.php 第 26 行.
NOTIC: [2048] Declaration of Common\Model\MenuModel::find() should be compatible with Think\Model::find($options = Array) /data/webroot/Application/Common/Model/MenuModel.class.php 第 95 行.
SQL: SHOW COLUMNS FROM `cms_menu` [ RunTime:0.0018s ]
SQL: SELECT * FROM `cms_menu` WHERE `status` = 1 AND `type` = 0 ORDER BY listorder desc,menu_id desc  [ RunTime:0.0004s ]
NOTIC: [8] Undefined index: catid /data/webroot/Application/Runtime/Cache/Home/2a94b8bda04ff446dcedd42276fc99ee.php 第 22 行.
NOTIC: [8] Undefined index: catid /data/webroot/Application/Runtime/Cache/Home/2a94b8bda04ff446dcedd42276fc99ee.php 第 23 行.
NOTIC: [8] Undefined index: catid /data/webroot/Application/Runtime/Cache/Home/2a94b8bda04ff446dcedd42276fc99ee.php 第 23 行.
INFO: Run Behavior\ParseTemplateBehavior [ RunTime:0.019368s ]
INFO: [ view_parse ] --END-- [ RunTime:0.019418s ]
INFO: [ view_filter ] --START--
INFO: Run Behavior\WriteHtmlCacheBehavior [ RunTime:0.000507s ]
INFO: [ view_filter ] --END-- [ RunTime:0.000585s ]
INFO: [ app_end ] --START--
INFO: Run Behavior\ShowPageTraceBehavior [ RunTime:0.000652s ]
INFO: [ app_end ] --END-- [ RunTime:0.000720s ]

[ 2017-06-03T23:13:54+08:00 ] 172.16.67.0 /
INFO: [ app_init ] --START--
INFO: Run Behavior\BuildLiteBehavior [ RunTime:0.000017s ]
INFO: [ app_init ] --END-- [ RunTime:0.000390s ]
INFO: [ app_begin ] --START--
INFO: Run Behavior\ReadHtmlCacheBehavior [ RunTime:0.000482s ]
INFO: [ app_begin ] --END-- [ RunTime:0.000551s ]
NOTIC: [2048] Declaration of Common\Model\NewsModel::find() should be compatible with Think\Model::find($options = Array) /data/webroot/Application/Common/Model/NewsModel.class.php 第 8 行.
SQL: SHOW COLUMNS FROM `cms_news` [ RunTime:0.0010s ]
SQL: SELECT * FROM `cms_news` WHERE `status` = 1 ORDER BY count desc,news_id desc  [ RunTime:0.0006s ]
NOTIC: [2048] Declaration of Common\Model\PositionContentModel::find() should be compatible with Think\Model::find($options = Array) /data/webroot/Application/Common/Model/PositionContentModel.class.php 第 72 行.
SQL: SHOW COLUMNS FROM `cms_position_content` [ RunTime:0.0006s ]
NOTIC: [8] Undefined index: title /data/webroot/Application/Common/Model/PositionContentModel.class.php 第 25 行.
SQL: SELECT * FROM `cms_position_content` WHERE `status` = 1 AND `position_id` = 2 ORDER BY listorder desc,id desc LIMIT 1   [ RunTime:0.0003s ]
NOTIC: [8] Undefined index: title /data/webroot/Application/Common/Model/PositionContentModel.class.php 第 25 行.
SQL: SELECT * FROM `cms_position_content` WHERE `status` = 1 AND `position_id` = 3 ORDER BY listorder desc,id desc LIMIT 3   [ RunTime:0.0002s ]
NOTIC: [8] Undefined index: title /data/webroot/Application/Common/Model/NewsModel.class.php 第 102 行.
SQL: SELECT * FROM `cms_news` WHERE `status` = 1 AND `thumb` <> '' ORDER BY listorder desc,news_id desc LIMIT 30   [ RunTime:0.0003s ]
NOTIC: [8] Undefined index: title /data/webroot/Application/Common/Model/PositionContentModel.class.php 第 25 行.
SQL: SELECT * FROM `cms_position_content` WHERE `status` = 1 AND `position_id` = 5 ORDER BY listorder desc,id desc LIMIT 2   [ RunTime:0.0002s ]
INFO: [ view_parse ] --START--
INFO: [ template_filter ] --START--
INFO: Run Behavior\ContentReplaceBehavior [ RunTime:0.000042s ]
INFO: [ template_filter ] --END-- [ RunTime:0.000096s ]
NOTIC: [2048] Declaration of Common\Model\BasicModel::save() should be compatible with Think\Model::save($data = '', $options = Array) /data/webroot/Application/Common/Model/BasicModel.class.php 第 26 行.
NOTIC: [2048] Declaration of Common\Model\BasicModel::select() should be compatible with Think\Model::select($options = Array) /data/webroot/Application/Common/Model/BasicModel.class.php 第 26 行.
NOTIC: [2048] Declaration of Common\Model\MenuModel::find() should be compatible with Think\Model::find($options = Array) /data/webroot/Application/Common/Model/MenuModel.class.php 第 95 行.
SQL: SHOW COLUMNS FROM `cms_menu` [ RunTime:0.0008s ]
SQL: SELECT * FROM `cms_menu` WHERE `status` = 1 AND `type` = 0 ORDER BY listorder desc,menu_id desc  [ RunTime:0.0003s ]
NOTIC: [8] Undefined index: catid /data/webroot/Application/Runtime/Cache/Home/2a94b8bda04ff446dcedd42276fc99ee.php 第 22 行.
NOTIC: [8] Undefined index: catid /data/webroot/Application/Runtime/Cache/Home/2a94b8bda04ff446dcedd42276fc99ee.php 第 23 行.
NOTIC: [8] Undefined index: catid /data/webroot/Application/Runtime/Cache/Home/2a94b8bda04ff446dcedd42276fc99ee.php 第 23 行.
INFO: Run Behavior\ParseTemplateBehavior [ RunTime:0.017697s ]
INFO: [ view_parse ] --END-- [ RunTime:0.017750s ]
INFO: [ view_filter ] --START--
INFO: Run Behavior\WriteHtmlCacheBehavior [ RunTime:0.000237s ]
INFO: [ view_filter ] --END-- [ RunTime:0.000290s ]
INFO: [ app_end ] --START--
INFO: Run Behavior\ShowPageTraceBehavior [ RunTime:0.000547s ]
INFO: [ app_end ] --END-- [ RunTime:0.000605s ]

[ 2017-06-03T23:14:38+08:00 ] 172.16.67.0 /
INFO: [ app_init ] --START--
INFO: Run Behavior\BuildLiteBehavior [ RunTime:0.000016s ]
INFO: [ app_init ] --END-- [ RunTime:0.000372s ]
INFO: [ app_begin ] --START--
INFO: Run Behavior\ReadHtmlCacheBehavior [ RunTime:0.000420s ]
INFO: [ app_begin ] --END-- [ RunTime:0.000481s ]
NOTIC: [2048] Declaration of Common\Model\NewsModel::find() should be compatible with Think\Model::find($options = Array) /data/webroot/Application/Common/Model/NewsModel.class.php 第 8 行.
SQL: SHOW COLUMNS FROM `cms_news` [ RunTime:0.0007s ]
SQL: SELECT * FROM `cms_news` WHERE `status` = 1 ORDER BY count desc,news_id desc  [ RunTime:0.0007s ]
NOTIC: [2048] Declaration of Common\Model\PositionContentModel::find() should be compatible with Think\Model::find($options = Array) /data/webroot/Application/Common/Model/PositionContentModel.class.php 第 72 行.
SQL: SHOW COLUMNS FROM `cms_position_content` [ RunTime:0.0004s ]
NOTIC: [8] Undefined index: title /data/webroot/Application/Common/Model/PositionContentModel.class.php 第 25 行.
SQL: SELECT * FROM `cms_position_content` WHERE `status` = 1 AND `position_id` = 2 ORDER BY listorder desc,id desc LIMIT 1   [ RunTime:0.0005s ]
NOTIC: [8] Undefined index: title /data/webroot/Application/Common/Model/PositionContentModel.class.php 第 25 行.
SQL: SELECT * FROM `cms_position_content` WHERE `status` = 1 AND `position_id` = 3 ORDER BY listorder desc,id desc LIMIT 3   [ RunTime:0.0002s ]
NOTIC: [8] Undefined index: title /data/webroot/Application/Common/Model/NewsModel.class.php 第 102 行.
SQL: SELECT * FROM `cms_news` WHERE `status` = 1 AND `thumb` <> '' ORDER BY listorder desc,news_id desc LIMIT 30   [ RunTime:0.0003s ]
NOTIC: [8] Undefined index: title /data/webroot/Application/Common/Model/PositionContentModel.class.php 第 25 行.
SQL: SELECT * FROM `cms_position_content` WHERE `status` = 1 AND `position_id` = 5 ORDER BY listorder desc,id desc LIMIT 2   [ RunTime:0.0002s ]
INFO: [ view_parse ] --START--
INFO: [ template_filter ] --START--
INFO: Run Behavior\ContentReplaceBehavior [ RunTime:0.000040s ]
INFO: [ template_filter ] --END-- [ RunTime:0.000082s ]
NOTIC: [2048] Declaration of Common\Model\BasicModel::save() should be compatible with Think\Model::save($data = '', $options = Array) /data/webroot/Application/Common/Model/BasicModel.class.php 第 26 行.
NOTIC: [2048] Declaration of Common\Model\BasicModel::select() should be compatible with Think\Model::select($options = Array) /data/webroot/Application/Common/Model/BasicModel.class.php 第 26 行.
NOTIC: [2048] Declaration of Common\Model\MenuModel::find() should be compatible with Think\Model::find($options = Array) /data/webroot/Application/Common/Model/MenuModel.class.php 第 95 行.
SQL: SHOW COLUMNS FROM `cms_menu` [ RunTime:0.0014s ]
SQL: SELECT * FROM `cms_menu` WHERE `status` = 1 AND `type` = 0 ORDER BY listorder desc,menu_id desc  [ RunTime:0.0002s ]
NOTIC: [8] Undefined index: catid /data/webroot/Application/Runtime/Cache/Home/2a94b8bda04ff446dcedd42276fc99ee.php 第 22 行.
NOTIC: [8] Undefined index: catid /data/webroot/Application/Runtime/Cache/Home/2a94b8bda04ff446dcedd42276fc99ee.php 第 23 行.
NOTIC: [8] Undefined index: catid /data/webroot/Application/Runtime/Cache/Home/2a94b8bda04ff446dcedd42276fc99ee.php 第 23 行.
NOTIC: [2] date() expects parameter 2 to be long, string given /data/webroot/Application/Runtime/Cache/Home/2a94b8bda04ff446dcedd42276fc99ee.php 第 54 行.
NOTIC: [2] date() expects parameter 2 to be long, string given /data/webroot/Application/Runtime/Cache/Home/2a94b8bda04ff446dcedd42276fc99ee.php 第 54 行.
NOTIC: [2] date() expects parameter 2 to be long, string given /data/webroot/Application/Runtime/Cache/Home/2a94b8bda04ff446dcedd42276fc99ee.php 第 54 行.
NOTIC: [2] date() expects parameter 2 to be long, string given /data/webroot/Application/Runtime/Cache/Home/2a94b8bda04ff446dcedd42276fc99ee.php 第 54 行.
NOTIC: [2] date() expects parameter 2 to be long, string given /data/webroot/Application/Runtime/Cache/Home/2a94b8bda04ff446dcedd42276fc99ee.php 第 54 行.
NOTIC: [2] date() expects parameter 2 to be long, string given /data/webroot/Application/Runtime/Cache/Home/2a94b8bda04ff446dcedd42276fc99ee.php 第 54 行.
INFO: Run Behavior\ParseTemplateBehavior [ RunTime:0.017489s ]
INFO: [ view_parse ] --END-- [ RunTime:0.017527s ]
INFO: [ view_filter ] --START--
INFO: Run Behavior\WriteHtmlCacheBehavior [ RunTime:0.000190s ]
INFO: [ view_filter ] --END-- [ RunTime:0.000226s ]
INFO: [ app_end ] --START--
INFO: Run Behavior\ShowPageTraceBehavior [ RunTime:0.000503s ]
INFO: [ app_end ] --END-- [ RunTime:0.000547s ]

[ 2017-06-03T23:14:57+08:00 ] 172.16.67.0 /
INFO: [ app_init ] --START--
INFO: Run Behavior\BuildLiteBehavior [ RunTime:0.000015s ]
INFO: [ app_init ] --END-- [ RunTime:0.000385s ]
INFO: [ app_begin ] --START--
INFO: Run Behavior\ReadHtmlCacheBehavior [ RunTime:0.000453s ]
INFO: [ app_begin ] --END-- [ RunTime:0.000516s ]
NOTIC: [2048] Declaration of Common\Model\NewsModel::find() should be compatible with Think\Model::find($options = Array) /data/webroot/Application/Common/Model/NewsModel.class.php 第 8 行.
SQL: SHOW COLUMNS FROM `cms_news` [ RunTime:0.0007s ]
SQL: SELECT * FROM `cms_news` WHERE `status` = 1 ORDER BY count desc,news_id desc  [ RunTime:0.0005s ]
NOTIC: [2048] Declaration of Common\Model\PositionContentModel::find() should be compatible with Think\Model::find($options = Array) /data/webroot/Application/Common/Model/PositionContentModel.class.php 第 72 行.
SQL: SHOW COLUMNS FROM `cms_position_content` [ RunTime:0.0004s ]
NOTIC: [8] Undefined index: title /data/webroot/Application/Common/Model/PositionContentModel.class.php 第 25 行.
SQL: SELECT * FROM `cms_position_content` WHERE `status` = 1 AND `position_id` = 2 ORDER BY listorder desc,id desc LIMIT 1   [ RunTime:0.0002s ]
NOTIC: [8] Undefined index: title /data/webroot/Application/Common/Model/PositionContentModel.class.php 第 25 行.
SQL: SELECT * FROM `cms_position_content` WHERE `status` = 1 AND `position_id` = 3 ORDER BY listorder desc,id desc LIMIT 3   [ RunTime:0.0002s ]
NOTIC: [8] Undefined index: title /data/webroot/Application/Common/Model/NewsModel.class.php 第 102 行.
SQL: SELECT * FROM `cms_news` WHERE `status` = 1 AND `thumb` <> '' ORDER BY listorder desc,news_id desc LIMIT 30   [ RunTime:0.0003s ]
NOTIC: [8] Undefined index: title /data/webroot/Application/Common/Model/PositionContentModel.class.php 第 25 行.
SQL: SELECT * FROM `cms_position_content` WHERE `status` = 1 AND `position_id` = 5 ORDER BY listorder desc,id desc LIMIT 2   [ RunTime:0.0002s ]
INFO: [ view_parse ] --START--
INFO: [ template_filter ] --START--
INFO: Run Behavior\ContentReplaceBehavior [ RunTime:0.000046s ]
INFO: [ template_filter ] --END-- [ RunTime:0.000114s ]
NOTIC: [2048] Declaration of Common\Model\BasicModel::save() should be compatible with Think\Model::save($data = '', $options = Array) /data/webroot/Application/Common/Model/BasicModel.class.php 第 26 行.
NOTIC: [2048] Declaration of Common\Model\BasicModel::select() should be compatible with Think\Model::select($options = Array) /data/webroot/Application/Common/Model/BasicModel.class.php 第 26 行.
NOTIC: [2048] Declaration of Common\Model\MenuModel::find() should be compatible with Think\Model::find($options = Array) /data/webroot/Application/Common/Model/MenuModel.class.php 第 95 行.
SQL: SHOW COLUMNS FROM `cms_menu` [ RunTime:0.0009s ]
SQL: SELECT * FROM `cms_menu` WHERE `status` = 1 AND `type` = 0 ORDER BY listorder desc,menu_id desc  [ RunTime:0.0004s ]
NOTIC: [8] Undefined index: catid /data/webroot/Application/Runtime/Cache/Home/2a94b8bda04ff446dcedd42276fc99ee.php 第 22 行.
NOTIC: [8] Undefined index: catid /data/webroot/Application/Runtime/Cache/Home/2a94b8bda04ff446dcedd42276fc99ee.php 第 23 行.
NOTIC: [8] Undefined index: catid /data/webroot/Application/Runtime/Cache/Home/2a94b8bda04ff446dcedd42276fc99ee.php 第 23 行.
INFO: Run Behavior\ParseTemplateBehavior [ RunTime:0.018606s ]
INFO: [ view_parse ] --END-- [ RunTime:0.018645s ]
INFO: [ view_filter ] --START--
INFO: Run Behavior\WriteHtmlCacheBehavior [ RunTime:0.000208s ]
INFO: [ view_filter ] --END-- [ RunTime:0.000260s ]
INFO: [ app_end ] --START--
INFO: Run Behavior\ShowPageTraceBehavior [ RunTime:0.000548s ]
INFO: [ app_end ] --END-- [ RunTime:0.000610s ]

[ 2017-06-03T23:17:04+08:00 ] 172.16.67.0 /
INFO: [ app_init ] --START--
INFO: Run Behavior\BuildLiteBehavior [ RunTime:0.000018s ]
INFO: [ app_init ] --END-- [ RunTime:0.000994s ]
INFO: [ app_begin ] --START--
INFO: Run Behavior\ReadHtmlCacheBehavior [ RunTime:0.001058s ]
INFO: [ app_begin ] --END-- [ RunTime:0.001101s ]
NOTIC: [2048] Declaration of Common\Model\NewsModel::find() should be compatible with Think\Model::find($options = Array) /data/webroot/Application/Common/Model/NewsModel.class.php 第 8 行.
SQL: SHOW COLUMNS FROM `cms_news` [ RunTime:0.0008s ]
SQL: SELECT * FROM `cms_news` WHERE `status` = 1 ORDER BY count desc,news_id desc  [ RunTime:0.0006s ]
NOTIC: [2048] Declaration of Common\Model\PositionContentModel::find() should be compatible with Think\Model::find($options = Array) /data/webroot/Application/Common/Model/PositionContentModel.class.php 第 72 行.
SQL: SHOW COLUMNS FROM `cms_position_content` [ RunTime:0.0004s ]
NOTIC: [8] Undefined index: title /data/webroot/Application/Common/Model/PositionContentModel.class.php 第 25 行.
SQL: SELECT * FROM `cms_position_content` WHERE `status` = 1 AND `position_id` = 2 ORDER BY listorder desc,id desc LIMIT 1   [ RunTime:0.0004s ]
NOTIC: [8] Undefined index: title /data/webroot/Application/Common/Model/PositionContentModel.class.php 第 25 行.
SQL: SELECT * FROM `cms_position_content` WHERE `status` = 1 AND `position_id` = 3 ORDER BY listorder desc,id desc LIMIT 3   [ RunTime:0.0002s ]
NOTIC: [8] Undefined index: title /data/webroot/Application/Common/Model/NewsModel.class.php 第 102 行.
SQL: SELECT * FROM `cms_news` WHERE `status` = 1 AND `thumb` <> '' ORDER BY listorder desc,news_id desc LIMIT 30   [ RunTime:0.0003s ]
NOTIC: [8] Undefined index: title /data/webroot/Application/Common/Model/PositionContentModel.class.php 第 25 行.
SQL: SELECT * FROM `cms_position_content` WHERE `status` = 1 AND `position_id` = 5 ORDER BY listorder desc,id desc LIMIT 2   [ RunTime:0.0002s ]
INFO: [ view_parse ] --START--
INFO: [ template_filter ] --START--
INFO: Run Behavior\ContentReplaceBehavior [ RunTime:0.000037s ]
INFO: [ template_filter ] --END-- [ RunTime:0.000075s ]
NOTIC: [2048] Declaration of Common\Model\BasicModel::save() should be compatible with Think\Model::save($data = '', $options = Array) /data/webroot/Application/Common/Model/BasicModel.class.php 第 26 行.
NOTIC: [2048] Declaration of Common\Model\BasicModel::select() should be compatible with Think\Model::select($options = Array) /data/webroot/Application/Common/Model/BasicModel.class.php 第 26 行.
NOTIC: [2048] Declaration of Common\Model\MenuModel::find() should be compatible with Think\Model::find($options = Array) /data/webroot/Application/Common/Model/MenuModel.class.php 第 95 行.
SQL: SHOW COLUMNS FROM `cms_menu` [ RunTime:0.0017s ]
SQL: SELECT * FROM `cms_menu` WHERE `status` = 1 AND `type` = 0 ORDER BY listorder desc,menu_id desc  [ RunTime:0.0003s ]
NOTIC: [8] Undefined index: catid /data/webroot/Application/Runtime/Cache/Home/2a94b8bda04ff446dcedd42276fc99ee.php 第 22 行.
NOTIC: [8] Undefined index: catid /data/webroot/Application/Runtime/Cache/Home/2a94b8bda04ff446dcedd42276fc99ee.php 第 23 行.
NOTIC: [8] Undefined index: catid /data/webroot/Application/Runtime/Cache/Home/2a94b8bda04ff446dcedd42276fc99ee.php 第 23 行.
INFO: Run Behavior\ParseTemplateBehavior [ RunTime:0.022336s ]
INFO: [ view_parse ] --END-- [ RunTime:0.022374s ]
INFO: [ view_filter ] --START--
INFO: Run Behavior\WriteHtmlCacheBehavior [ RunTime:0.000983s ]
INFO: [ view_filter ] --END-- [ RunTime:0.001018s ]
INFO: [ app_end ] --START--
INFO: Run Behavior\ShowPageTraceBehavior [ RunTime:0.001154s ]
INFO: [ app_end ] --END-- [ RunTime:0.001196s ]

[ 2017-06-03T23:17:29+08:00 ] 172.16.67.0 /
INFO: [ app_init ] --START--
INFO: Run Behavior\BuildLiteBehavior [ RunTime:0.000015s ]
INFO: [ app_init ] --END-- [ RunTime:0.000381s ]
INFO: [ app_begin ] --START--
INFO: Run Behavior\ReadHtmlCacheBehavior [ RunTime:0.000449s ]
INFO: [ app_begin ] --END-- [ RunTime:0.000520s ]
NOTIC: [2048] Declaration of Common\Model\NewsModel::find() should be compatible with Think\Model::find($options = Array) /data/webroot/Application/Common/Model/NewsModel.class.php 第 8 行.
SQL: SHOW COLUMNS FROM `cms_news` [ RunTime:0.0007s ]
SQL: SELECT * FROM `cms_news` WHERE `status` = 1 ORDER BY count desc,news_id desc  [ RunTime:0.0004s ]
NOTIC: [2048] Declaration of Common\Model\PositionContentModel::find() should be compatible with Think\Model::find($options = Array) /data/webroot/Application/Common/Model/PositionContentModel.class.php 第 72 行.
SQL: SHOW COLUMNS FROM `cms_position_content` [ RunTime:0.0004s ]
NOTIC: [8] Undefined index: title /data/webroot/Application/Common/Model/PositionContentModel.class.php 第 25 行.
SQL: SELECT * FROM `cms_position_content` WHERE `status` = 1 AND `position_id` = 2 ORDER BY listorder desc,id desc LIMIT 1   [ RunTime:0.0002s ]
NOTIC: [8] Undefined index: title /data/webroot/Application/Common/Model/PositionContentModel.class.php 第 25 行.
SQL: SELECT * FROM `cms_position_content` WHERE `status` = 1 AND `position_id` = 3 ORDER BY listorder desc,id desc LIMIT 3   [ RunTime:0.0002s ]
NOTIC: [8] Undefined index: title /data/webroot/Application/Common/Model/NewsModel.class.php 第 102 行.
SQL: SELECT * FROM `cms_news` WHERE `status` = 1 AND `thumb` <> '' ORDER BY listorder desc,news_id desc LIMIT 30   [ RunTime:0.0004s ]
NOTIC: [8] Undefined index: title /data/webroot/Application/Common/Model/PositionContentModel.class.php 第 25 行.
SQL: SELECT * FROM `cms_position_content` WHERE `status` = 1 AND `position_id` = 5 ORDER BY listorder desc,id desc LIMIT 2   [ RunTime:0.0002s ]
INFO: [ view_parse ] --START--
INFO: [ template_filter ] --START--
INFO: Run Behavior\ContentReplaceBehavior [ RunTime:0.000043s ]
INFO: [ template_filter ] --END-- [ RunTime:0.000084s ]
NOTIC: [2048] Declaration of Common\Model\BasicModel::save() should be compatible with Think\Model::save($data = '', $options = Array) /data/webroot/Application/Common/Model/BasicModel.class.php 第 26 行.
NOTIC: [2048] Declaration of Common\Model\BasicModel::select() should be compatible with Think\Model::select($options = Array) /data/webroot/Application/Common/Model/BasicModel.class.php 第 26 行.
NOTIC: [2048] Declaration of Common\Model\MenuModel::find() should be compatible with Think\Model::find($options = Array) /data/webroot/Application/Common/Model/MenuModel.class.php 第 95 行.
SQL: SHOW COLUMNS FROM `cms_menu` [ RunTime:0.0007s ]
SQL: SELECT * FROM `cms_menu` WHERE `status` = 1 AND `type` = 0 ORDER BY listorder desc,menu_id desc  [ RunTime:0.0003s ]
NOTIC: [8] Undefined index: catid /data/webroot/Application/Runtime/Cache/Home/2a94b8bda04ff446dcedd42276fc99ee.php 第 22 行.
NOTIC: [8] Undefined index: catid /data/webroot/Application/Runtime/Cache/Home/2a94b8bda04ff446dcedd42276fc99ee.php 第 23 行.
NOTIC: [8] Undefined index: catid /data/webroot/Application/Runtime/Cache/Home/2a94b8bda04ff446dcedd42276fc99ee.php 第 23 行.
INFO: Run Behavior\ParseTemplateBehavior [ RunTime:0.014540s ]
INFO: [ view_parse ] --END-- [ RunTime:0.014581s ]
INFO: [ view_filter ] --START--
INFO: Run Behavior\WriteHtmlCacheBehavior [ RunTime:0.000190s ]
INFO: [ view_filter ] --END-- [ RunTime:0.000229s ]
INFO: [ app_end ] --START--
INFO: Run Behavior\ShowPageTraceBehavior [ RunTime:0.000527s ]
INFO: [ app_end ] --END-- [ RunTime:0.000571s ]

[ 2017-06-03T23:17:30+08:00 ] 172.16.67.0 /index.php?c=detail&id=24
INFO: [ app_init ] --START--
INFO: Run Behavior\BuildLiteBehavior [ RunTime:0.000014s ]
INFO: [ app_init ] --END-- [ RunTime:0.000386s ]
INFO: [ app_begin ] --START--
INFO: Run Behavior\ReadHtmlCacheBehavior [ RunTime:0.000730s ]
INFO: [ app_begin ] --END-- [ RunTime:0.000816s ]
ERR: 无法加载控制器:Detail

[ 2017-06-03T23:22:21+08:00 ] 172.16.67.0 /
INFO: [ app_init ] --START--
INFO: Run Behavior\BuildLiteBehavior [ RunTime:0.000014s ]
INFO: [ app_init ] --END-- [ RunTime:0.001053s ]
INFO: [ app_begin ] --START--
INFO: Run Behavior\ReadHtmlCacheBehavior [ RunTime:0.001078s ]
INFO: [ app_begin ] --END-- [ RunTime:0.001120s ]
NOTIC: [2048] Declaration of Common\Model\NewsModel::find() should be compatible with Think\Model::find($options = Array) /data/webroot/Application/Common/Model/NewsModel.class.php 第 8 行.
SQL: SHOW COLUMNS FROM `cms_news` [ RunTime:0.0018s ]
SQL: SELECT * FROM `cms_news` WHERE `status` = 1 ORDER BY count desc,news_id desc  [ RunTime:0.0007s ]
NOTIC: [2048] Declaration of Common\Model\PositionContentModel::find() should be compatible with Think\Model::find($options = Array) /data/webroot/Application/Common/Model/PositionContentModel.class.php 第 72 行.
SQL: SHOW COLUMNS FROM `cms_position_content` [ RunTime:0.0013s ]
NOTIC: [8] Undefined index: title /data/webroot/Application/Common/Model/PositionContentModel.class.php 第 25 行.
SQL: SELECT * FROM `cms_position_content` WHERE `status` = 1 AND `position_id` = 2 ORDER BY listorder desc,id desc LIMIT 1   [ RunTime:0.0003s ]
NOTIC: [8] Undefined index: title /data/webroot/Application/Common/Model/PositionContentModel.class.php 第 25 行.
SQL: SELECT * FROM `cms_position_content` WHERE `status` = 1 AND `position_id` = 3 ORDER BY listorder desc,id desc LIMIT 3   [ RunTime:0.0002s ]
NOTIC: [8] Undefined index: title /data/webroot/Application/Common/Model/NewsModel.class.php 第 102 行.
SQL: SELECT * FROM `cms_news` WHERE `status` = 1 AND `thumb` <> '' ORDER BY listorder desc,news_id desc LIMIT 30   [ RunTime:0.0004s ]
NOTIC: [8] Undefined index: title /data/webroot/Application/Common/Model/PositionContentModel.class.php 第 25 行.
SQL: SELECT * FROM `cms_position_content` WHERE `status` = 1 AND `position_id` = 5 ORDER BY listorder desc,id desc LIMIT 2   [ RunTime:0.0002s ]
INFO: [ view_parse ] --START--
INFO: [ template_filter ] --START--
INFO: Run Behavior\ContentReplaceBehavior [ RunTime:0.000047s ]
INFO: [ template_filter ] --END-- [ RunTime:0.000098s ]
NOTIC: [2048] Declaration of Common\Model\BasicModel::save() should be compatible with Think\Model::save($data = '', $options = Array) /data/webroot/Application/Common/Model/BasicModel.class.php 第 26 行.
NOTIC: [2048] Declaration of Common\Model\BasicModel::select() should be compatible with Think\Model::select($options = Array) /data/webroot/Application/Common/Model/BasicModel.class.php 第 26 行.
NOTIC: [2048] Declaration of Common\Model\MenuModel::find() should be compatible with Think\Model::find($options = Array) /data/webroot/Application/Common/Model/MenuModel.class.php 第 95 行.
SQL: SHOW COLUMNS FROM `cms_menu` [ RunTime:0.0007s ]
SQL: SELECT * FROM `cms_menu` WHERE `status` = 1 AND `type` = 0 ORDER BY listorder desc,menu_id desc  [ RunTime:0.0006s ]
NOTIC: [8] Undefined index: catid /data/webroot/Application/Runtime/Cache/Home/2a94b8bda04ff446dcedd42276fc99ee.php 第 22 行.
NOTIC: [8] Undefined index: catid /data/webroot/Application/Runtime/Cache/Home/2a94b8bda04ff446dcedd42276fc99ee.php 第 23 行.
NOTIC: [8] Undefined index: catid /data/webroot/Application/Runtime/Cache/Home/2a94b8bda04ff446dcedd42276fc99ee.php 第 23 行.
INFO: Run Behavior\ParseTemplateBehavior [ RunTime:0.029847s ]
INFO: [ view_parse ] --END-- [ RunTime:0.029888s ]
INFO: [ view_filter ] --START--
INFO: Run Behavior\WriteHtmlCacheBehavior [ RunTime:0.000865s ]
INFO: [ view_filter ] --END-- [ RunTime:0.000900s ]
INFO: [ app_end ] --START--
INFO: Run Behavior\ShowPageTraceBehavior [ RunTime:0.001280s ]
INFO: [ app_end ] --END-- [ RunTime:0.001325s ]

[ 2017-06-03T23:54:46+08:00 ] 172.16.67.0 /
INFO: [ app_init ] --START--
INFO: Run Behavior\BuildLiteBehavior [ RunTime:0.000036s ]
INFO: [ app_init ] --END-- [ RunTime:0.001421s ]
INFO: [ app_begin ] --START--
INFO: Run Behavior\ReadHtmlCacheBehavior [ RunTime:0.001689s ]
INFO: [ app_begin ] --END-- [ RunTime:0.001749s ]
NOTIC: [2048] Declaration of Common\Model\NewsModel::find() should be compatible with Think\Model::find($options = Array) /data/webroot/Application/Common/Model/NewsModel.class.php 第 8 行.
SQL: SHOW COLUMNS FROM `cms_news` [ RunTime:0.0023s ]
SQL: SELECT * FROM `cms_news` WHERE `status` = 1 ORDER BY count desc,news_id desc  [ RunTime:0.0161s ]
NOTIC: [2048] Declaration of Common\Model\PositionContentModel::find() should be compatible with Think\Model::find($options = Array) /data/webroot/Application/Common/Model/PositionContentModel.class.php 第 72 行.
SQL: SHOW COLUMNS FROM `cms_position_content` [ RunTime:0.0008s ]
NOTIC: [8] Undefined index: title /data/webroot/Application/Common/Model/PositionContentModel.class.php 第 25 行.
SQL: SELECT * FROM `cms_position_content` WHERE `status` = 1 AND `position_id` = 2 ORDER BY listorder desc,id desc LIMIT 1   [ RunTime:0.0108s ]
NOTIC: [8] Undefined index: title /data/webroot/Application/Common/Model/PositionContentModel.class.php 第 25 行.
SQL: SELECT * FROM `cms_position_content` WHERE `status` = 1 AND `position_id` = 3 ORDER BY listorder desc,id desc LIMIT 3   [ RunTime:0.0004s ]
NOTIC: [8] Undefined index: title /data/webroot/Application/Common/Model/NewsModel.class.php 第 102 行.
SQL: SELECT * FROM `cms_news` WHERE `status` = 1 AND `thumb` <> '' ORDER BY listorder desc,news_id desc LIMIT 30   [ RunTime:0.0003s ]
NOTIC: [8] Undefined index: title /data/webroot/Application/Common/Model/PositionContentModel.class.php 第 25 行.
SQL: SELECT * FROM `cms_position_content` WHERE `status` = 1 AND `position_id` = 5 ORDER BY listorder desc,id desc LIMIT 2   [ RunTime:0.0002s ]
INFO: [ view_parse ] --START--
INFO: [ template_filter ] --START--
INFO: Run Behavior\ContentReplaceBehavior [ RunTime:0.000046s ]
INFO: [ template_filter ] --END-- [ RunTime:0.000099s ]
NOTIC: [2048] Declaration of Common\Model\BasicModel::save() should be compatible with Think\Model::save($data = '', $options = Array) /data/webroot/Application/Common/Model/BasicModel.class.php 第 26 行.
NOTIC: [2048] Declaration of Common\Model\BasicModel::select() should be compatible with Think\Model::select($options = Array) /data/webroot/Application/Common/Model/BasicModel.class.php 第 26 行.
NOTIC: [2048] Declaration of Common\Model\MenuModel::find() should be compatible with Think\Model::find($options = Array) /data/webroot/Application/Common/Model/MenuModel.class.php 第 95 行.
SQL: SHOW COLUMNS FROM `cms_menu` [ RunTime:0.0008s ]
SQL: SELECT * FROM `cms_menu` WHERE `status` = 1 AND `type` = 0 ORDER BY listorder desc,menu_id desc  [ RunTime:0.0205s ]
NOTIC: [8] Undefined index: catid /data/webroot/Application/Runtime/Cache/Home/2a94b8bda04ff446dcedd42276fc99ee.php 第 22 行.
NOTIC: [8] Undefined index: catid /data/webroot/Application/Runtime/Cache/Home/2a94b8bda04ff446dcedd42276fc99ee.php 第 23 行.
NOTIC: [8] Undefined index: catid /data/webroot/Application/Runtime/Cache/Home/2a94b8bda04ff446dcedd42276fc99ee.php 第 23 行.
INFO: Run Behavior\ParseTemplateBehavior [ RunTime:0.156610s ]
INFO: [ view_parse ] --END-- [ RunTime:0.156654s ]
INFO: [ view_filter ] --START--
INFO: Run Behavior\WriteHtmlCacheBehavior [ RunTime:0.001480s ]
INFO: [ view_filter ] --END-- [ RunTime:0.001519s ]
INFO: [ app_end ] --START--
INFO: Run Behavior\ShowPageTraceBehavior [ RunTime:0.001820s ]
INFO: [ app_end ] --END-- [ RunTime:0.001861s ]

[ 2017-06-03T23:56:30+08:00 ] 172.16.67.0 /
INFO: [ app_init ] --START--
INFO: Run Behavior\BuildLiteBehavior [ RunTime:0.000015s ]
INFO: [ app_init ] --END-- [ RunTime:0.001007s ]
INFO: [ app_begin ] --START--
INFO: Run Behavior\ReadHtmlCacheBehavior [ RunTime:0.001062s ]
INFO: [ app_begin ] --END-- [ RunTime:0.001106s ]
NOTIC: [2048] Declaration of Common\Model\NewsModel::find() should be compatible with Think\Model::find($options = Array) /data/webroot/Application/Common/Model/NewsModel.class.php 第 8 行.
SQL: SHOW COLUMNS FROM `cms_news` [ RunTime:0.0017s ]
SQL: SELECT * FROM `cms_news` WHERE `status` = 1 ORDER BY count desc,news_id desc  [ RunTime:0.0004s ]
NOTIC: [2048] Declaration of Common\Model\PositionContentModel::find() should be compatible with Think\Model::find($options = Array) /data/webroot/Application/Common/Model/PositionContentModel.class.php 第 72 行.
SQL: SHOW COLUMNS FROM `cms_position_content` [ RunTime:0.0004s ]
NOTIC: [8] Undefined index: title /data/webroot/Application/Common/Model/PositionContentModel.class.php 第 25 行.
SQL: SELECT * FROM `cms_position_content` WHERE `status` = 1 AND `position_id` = 2 ORDER BY listorder desc,id desc LIMIT 1   [ RunTime:0.0004s ]
NOTIC: [8] Undefined index: title /data/webroot/Application/Common/Model/PositionContentModel.class.php 第 25 行.
SQL: SELECT * FROM `cms_position_content` WHERE `status` = 1 AND `position_id` = 3 ORDER BY listorder desc,id desc LIMIT 3   [ RunTime:0.0002s ]
NOTIC: [8] Undefined index: title /data/webroot/Application/Common/Model/NewsModel.class.php 第 102 行.
SQL: SELECT * FROM `cms_news` WHERE `status` = 1 AND `thumb` <> '' ORDER BY listorder desc,news_id desc LIMIT 30   [ RunTime:0.0003s ]
NOTIC: [8] Undefined index: title /data/webroot/Application/Common/Model/PositionContentModel.class.php 第 25 行.
SQL: SELECT * FROM `cms_position_content` WHERE `status` = 1 AND `position_id` = 5 ORDER BY listorder desc,id desc LIMIT 2   [ RunTime:0.0002s ]
INFO: [ view_parse ] --START--
INFO: [ template_filter ] --START--
INFO: Run Behavior\ContentReplaceBehavior [ RunTime:0.000042s ]
INFO: [ template_filter ] --END-- [ RunTime:0.000079s ]
NOTIC: [2048] Declaration of Common\Model\BasicModel::save() should be compatible with Think\Model::save($data = '', $options = Array) /data/webroot/Application/Common/Model/BasicModel.class.php 第 26 行.
NOTIC: [2048] Declaration of Common\Model\BasicModel::select() should be compatible with Think\Model::select($options = Array) /data/webroot/Application/Common/Model/BasicModel.class.php 第 26 行.
NOTIC: [2048] Declaration of Common\Model\MenuModel::find() should be compatible with Think\Model::find($options = Array) /data/webroot/Application/Common/Model/MenuModel.class.php 第 95 行.
SQL: SHOW COLUMNS FROM `cms_menu` [ RunTime:0.0004s ]
SQL: SELECT * FROM `cms_menu` WHERE `status` = 1 AND `type` = 0 ORDER BY listorder desc,menu_id desc  [ RunTime:0.0004s ]
NOTIC: [8] Undefined index: catid /data/webroot/Application/Runtime/Cache/Home/2a94b8bda04ff446dcedd42276fc99ee.php 第 22 行.
NOTIC: [8] Undefined index: catid /data/webroot/Application/Runtime/Cache/Home/2a94b8bda04ff446dcedd42276fc99ee.php 第 23 行.
NOTIC: [8] Undefined index: catid /data/webroot/Application/Runtime/Cache/Home/2a94b8bda04ff446dcedd42276fc99ee.php 第 23 行.
INFO: Run Behavior\ParseTemplateBehavior [ RunTime:0.021648s ]
INFO: [ view_parse ] --END-- [ RunTime:0.021686s ]
INFO: [ view_filter ] --START--
INFO: Run Behavior\WriteHtmlCacheBehavior [ RunTime:0.000855s ]
INFO: [ view_filter ] --END-- [ RunTime:0.000889s ]
INFO: [ app_end ] --START--
INFO: Run Behavior\ShowPageTraceBehavior [ RunTime:0.001533s ]
INFO: [ app_end ] --END-- [ RunTime:0.001575s ]

[ 2017-06-03T23:57:04+08:00 ] 172.16.67.0 /
INFO: [ app_init ] --START--
INFO: Run Behavior\BuildLiteBehavior [ RunTime:0.000019s ]
INFO: [ app_init ] --END-- [ RunTime:0.000590s ]
INFO: [ app_begin ] --START--
INFO: Run Behavior\ReadHtmlCacheBehavior [ RunTime:0.000711s ]
INFO: [ app_begin ] --END-- [ RunTime:0.000808s ]
NOTIC: [2048] Declaration of Common\Model\NewsModel::find() should be compatible with Think\Model::find($options = Array) /data/webroot/Application/Common/Model/NewsModel.class.php 第 8 行.
SQL: SHOW COLUMNS FROM `cms_news` [ RunTime:0.0015s ]
SQL: SELECT * FROM `cms_news` WHERE `status` = 1 ORDER BY count desc,news_id desc  [ RunTime:0.0005s ]
NOTIC: [2048] Declaration of Common\Model\PositionContentModel::find() should be compatible with Think\Model::find($options = Array) /data/webroot/Application/Common/Model/PositionContentModel.class.php 第 72 行.
SQL: SHOW COLUMNS FROM `cms_position_content` [ RunTime:0.0005s ]
NOTIC: [8] Undefined index: title /data/webroot/Application/Common/Model/PositionContentModel.class.php 第 25 行.
SQL: SELECT * FROM `cms_position_content` WHERE `status` = 1 AND `position_id` = 2 ORDER BY listorder desc,id desc LIMIT 1   [ RunTime:0.0004s ]
NOTIC: [8] Undefined index: title /data/webroot/Application/Common/Model/PositionContentModel.class.php 第 25 行.
SQL: SELECT * FROM `cms_position_content` WHERE `status` = 1 AND `position_id` = 3 ORDER BY listorder desc,id desc LIMIT 3   [ RunTime:0.0002s ]
NOTIC: [8] Undefined index: title /data/webroot/Application/Common/Model/NewsModel.class.php 第 102 行.
SQL: SELECT * FROM `cms_news` WHERE `status` = 1 AND `thumb` <> '' ORDER BY listorder desc,news_id desc LIMIT 30   [ RunTime:0.0003s ]
NOTIC: [8] Undefined index: title /data/webroot/Application/Common/Model/PositionContentModel.class.php 第 25 行.
SQL: SELECT * FROM `cms_position_content` WHERE `status` = 1 AND `position_id` = 5 ORDER BY listorder desc,id desc LIMIT 2   [ RunTime:0.0002s ]
INFO: [ view_parse ] --START--
INFO: [ template_filter ] --START--
INFO: Run Behavior\ContentReplaceBehavior [ RunTime:0.000045s ]
INFO: [ template_filter ] --END-- [ RunTime:0.000094s ]
NOTIC: [2048] Declaration of Common\Model\BasicModel::save() should be compatible with Think\Model::save($data = '', $options = Array) /data/webroot/Application/Common/Model/BasicModel.class.php 第 26 行.
NOTIC: [2048] Declaration of Common\Model\BasicModel::select() should be compatible with Think\Model::select($options = Array) /data/webroot/Application/Common/Model/BasicModel.class.php 第 26 行.
NOTIC: [2048] Declaration of Common\Model\MenuModel::find() should be compatible with Think\Model::find($options = Array) /data/webroot/Application/Common/Model/MenuModel.class.php 第 95 行.
SQL: SHOW COLUMNS FROM `cms_menu` [ RunTime:0.0005s ]
SQL: SELECT * FROM `cms_menu` WHERE `status` = 1 AND `type` = 0 ORDER BY listorder desc,menu_id desc  [ RunTime:0.0005s ]
NOTIC: [8] Undefined index: catid /data/webroot/Application/Runtime/Cache/Home/2a94b8bda04ff446dcedd42276fc99ee.php 第 22 行.
NOTIC: [8] Undefined index: catid /data/webroot/Application/Runtime/Cache/Home/2a94b8bda04ff446dcedd42276fc99ee.php 第 23 行.
NOTIC: [8] Undefined index: catid /data/webroot/Application/Runtime/Cache/Home/2a94b8bda04ff446dcedd42276fc99ee.php 第 23 行.
INFO: Run Behavior\ParseTemplateBehavior [ RunTime:0.019197s ]
INFO: [ view_parse ] --END-- [ RunTime:0.019240s ]
INFO: [ view_filter ] --START--
INFO: Run Behavior\WriteHtmlCacheBehavior [ RunTime:0.000475s ]
INFO: [ view_filter ] --END-- [ RunTime:0.000514s ]
INFO: [ app_end ] --START--
INFO: Run Behavior\ShowPageTraceBehavior [ RunTime:0.000738s ]
INFO: [ app_end ] --END-- [ RunTime:0.000785s ]

[ 2017-06-03T23:57:59+08:00 ] 172.16.67.0 /
INFO: [ app_init ] --START--
INFO: Run Behavior\BuildLiteBehavior [ RunTime:0.000017s ]
INFO: [ app_init ] --END-- [ RunTime:0.000381s ]
INFO: [ app_begin ] --START--
INFO: Run Behavior\ReadHtmlCacheBehavior [ RunTime:0.000437s ]
INFO: [ app_begin ] --END-- [ RunTime:0.000498s ]
NOTIC: [2048] Declaration of Common\Model\NewsModel::find() should be compatible with Think\Model::find($options = Array) /data/webroot/Application/Common/Model/NewsModel.class.php 第 8 行.
SQL: SHOW COLUMNS FROM `cms_news` [ RunTime:0.0008s ]
SQL: SELECT * FROM `cms_news` WHERE `status` = 1 ORDER BY count desc,news_id desc LIMIT 10   [ RunTime:0.0007s ]
NOTIC: [2048] Declaration of Common\Model\PositionContentModel::find() should be compatible with Think\Model::find($options = Array) /data/webroot/Application/Common/Model/PositionContentModel.class.php 第 72 行.
SQL: SHOW COLUMNS FROM `cms_position_content` [ RunTime:0.0004s ]
NOTIC: [8] Undefined index: title /data/webroot/Application/Common/Model/PositionContentModel.class.php 第 25 行.
SQL: SELECT * FROM `cms_position_content` WHERE `status` = 1 AND `position_id` = 2 ORDER BY listorder desc,id desc LIMIT 1   [ RunTime:0.0005s ]
NOTIC: [8] Undefined index: title /data/webroot/Application/Common/Model/PositionContentModel.class.php 第 25 行.
SQL: SELECT * FROM `cms_position_content` WHERE `status` = 1 AND `position_id` = 3 ORDER BY listorder desc,id desc LIMIT 3   [ RunTime:0.0002s ]
NOTIC: [8] Undefined index: title /data/webroot/Application/Common/Model/NewsModel.class.php 第 102 行.
SQL: SELECT * FROM `cms_news` WHERE `status` = 1 AND `thumb` <> '' ORDER BY listorder desc,news_id desc LIMIT 30   [ RunTime:0.0003s ]
NOTIC: [8] Undefined index: title /data/webroot/Application/Common/Model/PositionContentModel.class.php 第 25 行.
SQL: SELECT * FROM `cms_position_content` WHERE `status` = 1 AND `position_id` = 5 ORDER BY listorder desc,id desc LIMIT 2   [ RunTime:0.0002s ]
INFO: [ view_parse ] --START--
INFO: [ template_filter ] --START--
INFO: Run Behavior\ContentReplaceBehavior [ RunTime:0.000051s ]
INFO: [ template_filter ] --END-- [ RunTime:0.000091s ]
NOTIC: [2048] Declaration of Common\Model\BasicModel::save() should be compatible with Think\Model::save($data = '', $options = Array) /data/webroot/Application/Common/Model/BasicModel.class.php 第 26 行.
NOTIC: [2048] Declaration of Common\Model\BasicModel::select() should be compatible with Think\Model::select($options = Array) /data/webroot/Application/Common/Model/BasicModel.class.php 第 26 行.
NOTIC: [2048] Declaration of Common\Model\MenuModel::find() should be compatible with Think\Model::find($options = Array) /data/webroot/Application/Common/Model/MenuModel.class.php 第 95 行.
SQL: SHOW COLUMNS FROM `cms_menu` [ RunTime:0.0005s ]
SQL: SELECT * FROM `cms_menu` WHERE `status` = 1 AND `type` = 0 ORDER BY listorder desc,menu_id desc  [ RunTime:0.0005s ]
NOTIC: [8] Undefined index: catid /data/webroot/Application/Runtime/Cache/Home/2a94b8bda04ff446dcedd42276fc99ee.php 第 22 行.
NOTIC: [8] Undefined index: catid /data/webroot/Application/Runtime/Cache/Home/2a94b8bda04ff446dcedd42276fc99ee.php 第 23 行.
NOTIC: [8] Undefined index: catid /data/webroot/Application/Runtime/Cache/Home/2a94b8bda04ff446dcedd42276fc99ee.php 第 23 行.
INFO: Run Behavior\ParseTemplateBehavior [ RunTime:0.016839s ]
INFO: [ view_parse ] --END-- [ RunTime:0.016885s ]
INFO: [ view_filter ] --START--
INFO: Run Behavior\WriteHtmlCacheBehavior [ RunTime:0.000201s ]
INFO: [ view_filter ] --END-- [ RunTime:0.000239s ]
INFO: [ app_end ] --START--
INFO: Run Behavior\ShowPageTraceBehavior [ RunTime:0.000464s ]
INFO: [ app_end ] --END-- [ RunTime:0.000503s ]

