[ 2017-05-22T00:32:23+08:00 ] 172.16.67.45 /?
INFO: [ app_init ] --START--
INFO: Run Behavior\BuildLiteBehavior [ RunTime:0.000033s ]
INFO: [ app_init ] --END-- [ RunTime:0.003311s ]
INFO: [ app_begin ] --START--
INFO: Run Behavior\ReadHtmlCacheBehavior [ RunTime:0.004727s ]
INFO: [ app_begin ] --END-- [ RunTime:0.004832s ]
INFO: [ view_parse ] --START--
INFO: [ template_filter ] --START--
INFO: Run Behavior\ContentReplaceBehavior [ RunTime:0.000067s ]
INFO: [ template_filter ] --END-- [ RunTime:0.000153s ]
INFO: Run Behavior\ParseTemplateBehavior [ RunTime:0.120252s ]
INFO: [ view_parse ] --END-- [ RunTime:0.120399s ]
INFO: [ view_filter ] --START--
INFO: Run Behavior\WriteHtmlCacheBehavior [ RunTime:0.007438s ]
INFO: [ view_filter ] --END-- [ RunTime:0.007510s ]
INFO: [ app_end ] --START--
INFO: Run Behavior\ShowPageTraceBehavior [ RunTime:0.007979s ]
INFO: [ app_end ] --END-- [ RunTime:0.008060s ]

[ 2017-05-22T02:02:46+08:00 ] 172.16.67.45 /?
INFO: [ app_init ] --START--
INFO: Run Behavior\BuildLiteBehavior [ RunTime:0.000022s ]
INFO: [ app_init ] --END-- [ RunTime:0.001206s ]
INFO: [ app_begin ] --START--
INFO: Run Behavior\ReadHtmlCacheBehavior [ RunTime:0.001400s ]
INFO: [ app_begin ] --END-- [ RunTime:0.001496s ]
INFO: [ view_parse ] --START--
INFO: [ template_filter ] --START--
INFO: Run Behavior\ContentReplaceBehavior [ RunTime:0.000041s ]
INFO: [ template_filter ] --END-- [ RunTime:0.000098s ]
INFO: Run Behavior\ParseTemplateBehavior [ RunTime:0.138827s ]
INFO: [ view_parse ] --END-- [ RunTime:0.138913s ]
INFO: [ view_filter ] --START--
INFO: Run Behavior\WriteHtmlCacheBehavior [ RunTime:0.001008s ]
INFO: [ view_filter ] --END-- [ RunTime:0.001144s ]
INFO: [ app_end ] --START--
INFO: Run Behavior\ShowPageTraceBehavior [ RunTime:0.001709s ]
INFO: [ app_end ] --END-- [ RunTime:0.001801s ]

[ 2017-05-22T03:17:16+08:00 ] 172.16.67.45 /?
INFO: [ app_init ] --START--
INFO: Run Behavior\BuildLiteBehavior [ RunTime:0.000014s ]
INFO: [ app_init ] --END-- [ RunTime:0.001078s ]
INFO: [ app_begin ] --START--
INFO: Run Behavior\ReadHtmlCacheBehavior [ RunTime:0.001101s ]
INFO: [ app_begin ] --END-- [ RunTime:0.001147s ]
INFO: [ view_parse ] --START--
INFO: [ template_filter ] --START--
INFO: Run Behavior\ContentReplaceBehavior [ RunTime:0.000037s ]
INFO: [ template_filter ] --END-- [ RunTime:0.000088s ]
INFO: Run Behavior\ParseTemplateBehavior [ RunTime:0.045918s ]
INFO: [ view_parse ] --END-- [ RunTime:0.046003s ]
INFO: [ view_filter ] --START--
INFO: Run Behavior\WriteHtmlCacheBehavior [ RunTime:0.000960s ]
INFO: [ view_filter ] --END-- [ RunTime:0.001010s ]
INFO: [ app_end ] --START--
INFO: Run Behavior\ShowPageTraceBehavior [ RunTime:0.001243s ]
INFO: [ app_end ] --END-- [ RunTime:0.001305s ]

[ 2017-05-22T04:00:14+08:00 ] 172.16.67.45 /?
INFO: [ app_init ] --START--
INFO: Run Behavior\BuildLiteBehavior [ RunTime:0.000014s ]
INFO: [ app_init ] --END-- [ RunTime:0.001384s ]
INFO: [ app_begin ] --START--
INFO: Run Behavior\ReadHtmlCacheBehavior [ RunTime:0.001437s ]
INFO: [ app_begin ] --END-- [ RunTime:0.001485s ]
INFO: [ view_parse ] --START--
INFO: [ template_filter ] --START--
INFO: Run Behavior\ContentReplaceBehavior [ RunTime:0.000035s ]
INFO: [ template_filter ] --END-- [ RunTime:0.000081s ]
INFO: Run Behavior\ParseTemplateBehavior [ RunTime:0.014534s ]
INFO: [ view_parse ] --END-- [ RunTime:0.014582s ]
INFO: [ view_filter ] --START--
INFO: Run Behavior\WriteHtmlCacheBehavior [ RunTime:0.000994s ]
INFO: [ view_filter ] --END-- [ RunTime:0.001029s ]
INFO: [ app_end ] --START--
INFO: Run Behavior\ShowPageTraceBehavior [ RunTime:0.001423s ]
INFO: [ app_end ] --END-- [ RunTime:0.001473s ]

[ 2017-05-22T06:38:44+08:00 ] 172.16.67.45 /?
INFO: [ app_init ] --START--
INFO: Run Behavior\BuildLiteBehavior [ RunTime:0.000031s ]
INFO: [ app_init ] --END-- [ RunTime:0.001189s ]
INFO: [ app_begin ] --START--
INFO: Run Behavior\ReadHtmlCacheBehavior [ RunTime:0.001247s ]
INFO: [ app_begin ] --END-- [ RunTime:0.001295s ]
INFO: [ view_parse ] --START--
INFO: [ template_filter ] --START--
INFO: Run Behavior\ContentReplaceBehavior [ RunTime:0.000046s ]
INFO: [ template_filter ] --END-- [ RunTime:0.000099s ]
INFO: Run Behavior\ParseTemplateBehavior [ RunTime:0.028383s ]
INFO: [ view_parse ] --END-- [ RunTime:0.028437s ]
INFO: [ view_filter ] --START--
INFO: Run Behavior\WriteHtmlCacheBehavior [ RunTime:0.000963s ]
INFO: [ view_filter ] --END-- [ RunTime:0.000998s ]
INFO: [ app_end ] --START--
INFO: Run Behavior\ShowPageTraceBehavior [ RunTime:0.001333s ]
INFO: [ app_end ] --END-- [ RunTime:0.001382s ]

[ 2017-05-22T08:27:21+08:00 ] 172.16.67.45 /?
INFO: [ app_init ] --START--
INFO: Run Behavior\BuildLiteBehavior [ RunTime:0.000015s ]
INFO: [ app_init ] --END-- [ RunTime:0.001171s ]
INFO: [ app_begin ] --START--
INFO: Run Behavior\ReadHtmlCacheBehavior [ RunTime:0.001292s ]
INFO: [ app_begin ] --END-- [ RunTime:0.001344s ]
INFO: [ view_parse ] --START--
INFO: [ template_filter ] --START--
INFO: Run Behavior\ContentReplaceBehavior [ RunTime:0.000043s ]
INFO: [ template_filter ] --END-- [ RunTime:0.000100s ]
INFO: Run Behavior\ParseTemplateBehavior [ RunTime:0.031343s ]
INFO: [ view_parse ] --END-- [ RunTime:0.031423s ]
INFO: [ view_filter ] --START--
INFO: Run Behavior\WriteHtmlCacheBehavior [ RunTime:0.001111s ]
INFO: [ view_filter ] --END-- [ RunTime:0.001163s ]
INFO: [ app_end ] --START--
INFO: Run Behavior\ShowPageTraceBehavior [ RunTime:0.001293s ]
INFO: [ app_end ] --END-- [ RunTime:0.001339s ]

[ 2017-05-22T10:16:14+08:00 ] 172.16.67.45 /?
INFO: [ app_init ] --START--
INFO: Run Behavior\BuildLiteBehavior [ RunTime:0.000026s ]
INFO: [ app_init ] --END-- [ RunTime:0.001264s ]
INFO: [ app_begin ] --START--
INFO: Run Behavior\ReadHtmlCacheBehavior [ RunTime:0.001217s ]
INFO: [ app_begin ] --END-- [ RunTime:0.001276s ]
INFO: [ view_parse ] --START--
INFO: [ template_filter ] --START--
INFO: Run Behavior\ContentReplaceBehavior [ RunTime:0.000084s ]
INFO: [ template_filter ] --END-- [ RunTime:0.000332s ]
INFO: Run Behavior\ParseTemplateBehavior [ RunTime:0.121013s ]
INFO: [ view_parse ] --END-- [ RunTime:0.121106s ]
INFO: [ view_filter ] --START--
INFO: Run Behavior\WriteHtmlCacheBehavior [ RunTime:0.001044s ]
INFO: [ view_filter ] --END-- [ RunTime:0.001092s ]
INFO: [ app_end ] --START--
INFO: Run Behavior\ShowPageTraceBehavior [ RunTime:0.001391s ]
INFO: [ app_end ] --END-- [ RunTime:0.001481s ]

[ 2017-05-22T12:07:36+08:00 ] 172.16.67.0 /?
INFO: [ app_init ] --START--
INFO: Run Behavior\BuildLiteBehavior [ RunTime:0.000042s ]
INFO: [ app_init ] --END-- [ RunTime:0.026186s ]
INFO: [ app_begin ] --START--
INFO: Run Behavior\ReadHtmlCacheBehavior [ RunTime:0.016034s ]
INFO: [ app_begin ] --END-- [ RunTime:0.016121s ]
INFO: [ view_parse ] --START--
INFO: [ template_filter ] --START--
INFO: Run Behavior\ContentReplaceBehavior [ RunTime:0.000056s ]
INFO: [ template_filter ] --END-- [ RunTime:0.000140s ]
INFO: Run Behavior\ParseTemplateBehavior [ RunTime:0.107875s ]
INFO: [ view_parse ] --END-- [ RunTime:0.107941s ]
INFO: [ view_filter ] --START--
INFO: Run Behavior\WriteHtmlCacheBehavior [ RunTime:0.013204s ]
INFO: [ view_filter ] --END-- [ RunTime:0.013241s ]
INFO: [ app_end ] --START--
INFO: Run Behavior\ShowPageTraceBehavior [ RunTime:0.001756s ]
INFO: [ app_end ] --END-- [ RunTime:0.001800s ]

[ 2017-05-22T16:05:32+08:00 ] 172.16.67.0 /?
INFO: [ app_init ] --START--
INFO: Run Behavior\BuildLiteBehavior [ RunTime:0.000046s ]
INFO: [ app_init ] --END-- [ RunTime:0.018529s ]
INFO: [ app_begin ] --START--
INFO: Run Behavior\ReadHtmlCacheBehavior [ RunTime:0.001961s ]
INFO: [ app_begin ] --END-- [ RunTime:0.002065s ]
INFO: [ view_parse ] --START--
INFO: [ template_filter ] --START--
INFO: Run Behavior\ContentReplaceBehavior [ RunTime:0.000058s ]
INFO: [ template_filter ] --END-- [ RunTime:0.000144s ]
INFO: Run Behavior\ParseTemplateBehavior [ RunTime:0.103157s ]
INFO: [ view_parse ] --END-- [ RunTime:0.103304s ]
INFO: [ view_filter ] --START--
INFO: Run Behavior\WriteHtmlCacheBehavior [ RunTime:0.014537s ]
INFO: [ view_filter ] --END-- [ RunTime:0.014627s ]
INFO: [ app_end ] --START--
INFO: Run Behavior\ShowPageTraceBehavior [ RunTime:0.011790s ]
INFO: [ app_end ] --END-- [ RunTime:0.011884s ]

[ 2017-05-22T17:31:36+08:00 ] 172.16.67.0 /?
INFO: [ app_init ] --START--
INFO: Run Behavior\BuildLiteBehavior [ RunTime:0.000022s ]
INFO: [ app_init ] --END-- [ RunTime:0.001134s ]
INFO: [ app_begin ] --START--
INFO: Run Behavior\ReadHtmlCacheBehavior [ RunTime:0.001146s ]
INFO: [ app_begin ] --END-- [ RunTime:0.001202s ]
INFO: [ view_parse ] --START--
INFO: [ template_filter ] --START--
INFO: Run Behavior\ContentReplaceBehavior [ RunTime:0.000046s ]
INFO: [ template_filter ] --END-- [ RunTime:0.000098s ]
INFO: Run Behavior\ParseTemplateBehavior [ RunTime:0.021141s ]
INFO: [ view_parse ] --END-- [ RunTime:0.021197s ]
INFO: [ view_filter ] --START--
INFO: Run Behavior\WriteHtmlCacheBehavior [ RunTime:0.000855s ]
INFO: [ view_filter ] --END-- [ RunTime:0.000904s ]
INFO: [ app_end ] --START--
INFO: Run Behavior\ShowPageTraceBehavior [ RunTime:0.001070s ]
INFO: [ app_end ] --END-- [ RunTime:0.001110s ]

[ 2017-05-22T18:16:23+08:00 ] 172.16.67.0 /?
INFO: [ app_init ] --START--
INFO: Run Behavior\BuildLiteBehavior [ RunTime:0.000020s ]
INFO: [ app_init ] --END-- [ RunTime:0.001103s ]
INFO: [ app_begin ] --START--
INFO: Run Behavior\ReadHtmlCacheBehavior [ RunTime:0.001339s ]
INFO: [ app_begin ] --END-- [ RunTime:0.001413s ]
INFO: [ view_parse ] --START--
INFO: [ template_filter ] --START--
INFO: Run Behavior\ContentReplaceBehavior [ RunTime:0.000047s ]
INFO: [ template_filter ] --END-- [ RunTime:0.000117s ]
INFO: Run Behavior\ParseTemplateBehavior [ RunTime:0.052166s ]
INFO: [ view_parse ] --END-- [ RunTime:0.052261s ]
INFO: [ view_filter ] --START--
INFO: Run Behavior\WriteHtmlCacheBehavior [ RunTime:0.000831s ]
INFO: [ view_filter ] --END-- [ RunTime:0.000866s ]
INFO: [ app_end ] --START--
INFO: Run Behavior\ShowPageTraceBehavior [ RunTime:0.001197s ]
INFO: [ app_end ] --END-- [ RunTime:0.001244s ]

[ 2017-05-22T19:06:58+08:00 ] 172.16.67.0 /?
INFO: [ app_init ] --START--
INFO: Run Behavior\BuildLiteBehavior [ RunTime:0.000022s ]
INFO: [ app_init ] --END-- [ RunTime:0.001241s ]
INFO: [ app_begin ] --START--
INFO: Run Behavior\ReadHtmlCacheBehavior [ RunTime:0.001312s ]
INFO: [ app_begin ] --END-- [ RunTime:0.001380s ]
INFO: [ view_parse ] --START--
INFO: [ template_filter ] --START--
INFO: Run Behavior\ContentReplaceBehavior [ RunTime:0.000048s ]
INFO: [ template_filter ] --END-- [ RunTime:0.000110s ]
INFO: Run Behavior\ParseTemplateBehavior [ RunTime:0.012353s ]
INFO: [ view_parse ] --END-- [ RunTime:0.012403s ]
INFO: [ view_filter ] --START--
INFO: Run Behavior\WriteHtmlCacheBehavior [ RunTime:0.000901s ]
INFO: [ view_filter ] --END-- [ RunTime:0.000934s ]
INFO: [ app_end ] --START--
INFO: Run Behavior\ShowPageTraceBehavior [ RunTime:0.001349s ]
INFO: [ app_end ] --END-- [ RunTime:0.001402s ]

[ 2017-05-22T22:14:19+08:00 ] 172.16.67.0 /?
INFO: [ app_init ] --START--
INFO: Run Behavior\BuildLiteBehavior [ RunTime:0.000017s ]
INFO: [ app_init ] --END-- [ RunTime:0.001067s ]
INFO: [ app_begin ] --START--
INFO: Run Behavior\ReadHtmlCacheBehavior [ RunTime:0.001140s ]
INFO: [ app_begin ] --END-- [ RunTime:0.001191s ]
INFO: [ view_parse ] --START--
INFO: [ template_filter ] --START--
INFO: Run Behavior\ContentReplaceBehavior [ RunTime:0.000051s ]
INFO: [ template_filter ] --END-- [ RunTime:0.000100s ]
INFO: Run Behavior\ParseTemplateBehavior [ RunTime:1.310880s ]
INFO: [ view_parse ] --END-- [ RunTime:1.310979s ]
INFO: [ view_filter ] --START--
INFO: Run Behavior\WriteHtmlCacheBehavior [ RunTime:0.001008s ]
INFO: [ view_filter ] --END-- [ RunTime:0.001050s ]
INFO: [ app_end ] --START--
INFO: Run Behavior\ShowPageTraceBehavior [ RunTime:0.001336s ]
INFO: [ app_end ] --END-- [ RunTime:0.001393s ]

[ 2017-05-22T23:15:55+08:00 ] 172.16.67.0 /?
INFO: [ app_init ] --START--
INFO: Run Behavior\BuildLiteBehavior [ RunTime:0.000021s ]
INFO: [ app_init ] --END-- [ RunTime:0.001255s ]
INFO: [ app_begin ] --START--
INFO: Run Behavior\ReadHtmlCacheBehavior [ RunTime:0.001655s ]
INFO: [ app_begin ] --END-- [ RunTime:0.001808s ]
INFO: [ view_parse ] --START--
INFO: [ template_filter ] --START--
INFO: Run Behavior\ContentReplaceBehavior [ RunTime:0.000080s ]
INFO: [ template_filter ] --END-- [ RunTime:0.000177s ]
INFO: Run Behavior\ParseTemplateBehavior [ RunTime:0.090217s ]
INFO: [ view_parse ] --END-- [ RunTime:0.090303s ]
INFO: [ view_filter ] --START--
INFO: Run Behavior\WriteHtmlCacheBehavior [ RunTime:0.002725s ]
INFO: [ view_filter ] --END-- [ RunTime:0.002789s ]
INFO: [ app_end ] --START--
INFO: Run Behavior\ShowPageTraceBehavior [ RunTime:0.001503s ]
INFO: [ app_end ] --END-- [ RunTime:0.001593s ]

[ 2017-05-22T23:17:37+08:00 ] 172.16.67.0 /?
INFO: [ app_init ] --START--
INFO: Run Behavior\BuildLiteBehavior [ RunTime:0.000016s ]
INFO: [ app_init ] --END-- [ RunTime:0.001106s ]
INFO: [ app_begin ] --START--
INFO: Run Behavior\ReadHtmlCacheBehavior [ RunTime:0.001091s ]
INFO: [ app_begin ] --END-- [ RunTime:0.001150s ]
INFO: [ view_parse ] --START--
INFO: [ template_filter ] --START--
INFO: Run Behavior\ContentReplaceBehavior [ RunTime:0.000041s ]
INFO: [ template_filter ] --END-- [ RunTime:0.000094s ]
INFO: Run Behavior\ParseTemplateBehavior [ RunTime:0.012881s ]
INFO: [ view_parse ] --END-- [ RunTime:0.012932s ]
INFO: [ view_filter ] --START--
INFO: Run Behavior\WriteHtmlCacheBehavior [ RunTime:0.000822s ]
INFO: [ view_filter ] --END-- [ RunTime:0.000855s ]
INFO: [ app_end ] --START--
INFO: Run Behavior\ShowPageTraceBehavior [ RunTime:0.001203s ]
INFO: [ app_end ] --END-- [ RunTime:0.001245s ]

